10:59:35 INFO  : Platform repository initialization has completed.
10:59:35 INFO  : Registering command handlers for Vitis TCF services
10:59:35 INFO  : Launching XSCT server: xsct.bat -n  -interactive C:\Xilinx\Vivado\2021.1\myDev\arty7_ethernet_v1\arty7_ethernet_v1\software\temp_xsdb_launch_script.tcl
10:59:39 INFO  : XSCT server has started successfully.
10:59:39 INFO  : Successfully done setting XSCT server connection channel  
10:59:39 INFO  : plnx-install-location is set to ''
10:59:41 INFO  : Successfully done setting workspace for the tool. 
10:59:41 INFO  : Successfully done query RDI_DATADIR 
11:02:36 INFO  : Result from executing command 'getProjects': design_1_wrapper
11:02:36 INFO  : Result from executing command 'getPlatforms': 
11:02:36 WARN  : An unexpected exception occurred in the module 'platform project logging'
11:02:36 INFO  : Platform 'design_1_wrapper' is added to custom repositories.
11:02:39 INFO  : Platform 'design_1_wrapper' is added to custom repositories.
11:08:14 INFO  : Connected to target on host '127.0.0.1' and port '3121'.
11:08:18 INFO  : Connected to target on host '127.0.0.1' and port '3121'.
11:08:44 INFO  : Bit file 'C:/Xilinx/Vivado/2021.1/myDev/arty7_ethernet_v1/arty7_ethernet_v1/software/arty7_ethernet_app/_ide/bitstream/download.bit' is generated.
11:08:44 INFO  : Connected to target on host '127.0.0.1' and port '3121'.
11:08:44 INFO  : 'targets -set -filter {jtag_cable_name =~ "Digilent Arty A7-100T 210319AFEBEFA" && level==0 && jtag_device_ctx=="jsn-Arty A7-100T-210319AFEBEFA-13631093-0"}' command is executed.
11:08:46 INFO  : Device configured successfully with "C:/Xilinx/Vivado/2021.1/myDev/arty7_ethernet_v1/arty7_ethernet_v1/software/arty7_ethernet_app/_ide/bitstream/download.bit"
11:11:05 INFO  : Result from executing command 'getProjects': design_1_wrapper
11:11:05 INFO  : Result from executing command 'getPlatforms': design_1_wrapper|C:/Xilinx/Vivado/2021.1/myDev/arty7_ethernet_v1/arty7_ethernet_v1/software/design_1_wrapper/export/design_1_wrapper/design_1_wrapper.xpfm
11:11:05 INFO  : Checking for BSP changes to sync application flags for project 'arty7_ethernet_app'...
11:11:05 INFO  : Updating application flags with new BSP settings...
11:11:06 INFO  : Successfully updated application flags for project arty7_ethernet_app.
11:12:03 INFO  : Bit file 'C:/Xilinx/Vivado/2021.1/myDev/arty7_ethernet_v1/arty7_ethernet_v1/software/arty7_ethernet_app/_ide/bitstream/download.bit' is generated.
11:12:03 INFO  : Connected to target on host '127.0.0.1' and port '3121'.
11:12:03 INFO  : 'targets -set -filter {jtag_cable_name =~ "Digilent Arty A7-100T 210319AFEBEFA" && level==0 && jtag_device_ctx=="jsn-Arty A7-100T-210319AFEBEFA-13631093-0"}' command is executed.
11:12:05 INFO  : Device configured successfully with "C:/Xilinx/Vivado/2021.1/myDev/arty7_ethernet_v1/arty7_ethernet_v1/software/arty7_ethernet_app/_ide/bitstream/download.bit"
11:14:20 INFO  : Bit file 'C:/Xilinx/Vivado/2021.1/myDev/arty7_ethernet_v1/arty7_ethernet_v1/software/arty7_ethernet_app/_ide/bitstream/download.bit' is generated.
11:14:20 INFO  : Connected to target on host '127.0.0.1' and port '3121'.
11:14:20 INFO  : 'targets -set -filter {jtag_cable_name =~ "Digilent Arty A7-100T 210319AFEBEFA" && level==0 && jtag_device_ctx=="jsn-Arty A7-100T-210319AFEBEFA-13631093-0"}' command is executed.
11:14:22 INFO  : Device configured successfully with "C:/Xilinx/Vivado/2021.1/myDev/arty7_ethernet_v1/arty7_ethernet_v1/software/arty7_ethernet_app/_ide/bitstream/download.bit"
11:16:28 INFO  : No changes in MSS file content so sources will not be generated.
11:17:12 INFO  : Checking for BSP changes to sync application flags for project 'arty7_ethernet_app'...
11:18:48 INFO  : Connected to target on host '127.0.0.1' and port '3121'.
11:18:48 INFO  : Jtag cable 'Digilent Arty A7-100T 210319AFEBEFA' is selected.
11:18:48 INFO  : 'jtag frequency' command is executed.
11:18:48 INFO  : 'targets -set -filter {jtag_cable_name =~ "Digilent Arty A7-100T 210319AFEBEFA" && level==0 && jtag_device_ctx=="jsn-Arty A7-100T-210319AFEBEFA-13631093-0"}' command is executed.
11:18:50 INFO  : Device configured successfully with "C:/Xilinx/Vivado/2021.1/myDev/arty7_ethernet_v1/arty7_ethernet_v1/software/arty7_ethernet_app/_ide/bitstream/download.bit"
11:18:51 INFO  : Context for processor 'microblaze_0' is selected.
11:18:51 INFO  : Hardware design and registers information is loaded from 'C:/Xilinx/Vivado/2021.1/myDev/arty7_ethernet_v1/arty7_ethernet_v1/software/design_1_wrapper/export/design_1_wrapper/hw/design_1_wrapper.xsa'.
11:18:51 INFO  : 'configparams mdm-detect-bscan-mask 2' command is executed.
11:18:51 INFO  : Context for processor 'microblaze_0' is selected.
11:18:51 INFO  : System reset is completed.
11:18:54 INFO  : 'after 3000' command is executed.
11:18:54 INFO  : Context for processor 'microblaze_0' is selected.
11:18:54 INFO  : The application 'C:/Xilinx/Vivado/2021.1/myDev/arty7_ethernet_v1/arty7_ethernet_v1/software/arty7_ethernet_app/Debug/arty7_ethernet_app.elf' is downloaded to processor 'microblaze_0'.
11:18:54 INFO  : ----------------XSDB Script----------------
connect -url tcp:127.0.0.1:3121
targets -set -filter {jtag_cable_name =~ "Digilent Arty A7-100T 210319AFEBEFA" && level==0 && jtag_device_ctx=="jsn-Arty A7-100T-210319AFEBEFA-13631093-0"}
fpga -file C:/Xilinx/Vivado/2021.1/myDev/arty7_ethernet_v1/arty7_ethernet_v1/software/arty7_ethernet_app/_ide/bitstream/download.bit
targets -set -nocase -filter {name =~ "*microblaze*#0" && bscan=="USER2" }
loadhw -hw C:/Xilinx/Vivado/2021.1/myDev/arty7_ethernet_v1/arty7_ethernet_v1/software/design_1_wrapper/export/design_1_wrapper/hw/design_1_wrapper.xsa -regs
configparams mdm-detect-bscan-mask 2
targets -set -nocase -filter {name =~ "*microblaze*#0" && bscan=="USER2" }
rst -system
after 3000
targets -set -nocase -filter {name =~ "*microblaze*#0" && bscan=="USER2" }
dow C:/Xilinx/Vivado/2021.1/myDev/arty7_ethernet_v1/arty7_ethernet_v1/software/arty7_ethernet_app/Debug/arty7_ethernet_app.elf
----------------End of Script----------------

11:18:55 INFO  : Context for processor 'microblaze_0' is selected.
11:18:55 INFO  : 'con' command is executed.
11:18:55 INFO  : ----------------XSDB Script (After Launch)----------------
targets -set -nocase -filter {name =~ "*microblaze*#0" && bscan=="USER2" }
con
----------------End of Script----------------

11:18:55 INFO  : Launch script is exported to file 'C:\Xilinx\Vivado\2021.1\myDev\arty7_ethernet_v1\arty7_ethernet_v1\software\arty7_ethernet_app_system\_ide\scripts\debugger_arty7_ethernet_app-default.tcl'
11:27:08 INFO  : Checking for BSP changes to sync application flags for project 'arty7_ethernet_app'...
11:32:02 INFO  : Checking for BSP changes to sync application flags for project 'arty7_ethernet_app'...
11:33:00 INFO  : Bit file 'C:/Xilinx/Vivado/2021.1/myDev/arty7_ethernet_v1/arty7_ethernet_v1/software/arty7_ethernet_app/_ide/bitstream/download.bit' is generated.
11:33:00 INFO  : Connected to target on host '127.0.0.1' and port '3121'.
11:33:01 INFO  : 'targets -set -filter {jtag_cable_name =~ "Digilent Arty A7-100T 210319AFEBEFA" && level==0 && jtag_device_ctx=="jsn-Arty A7-100T-210319AFEBEFA-13631093-0"}' command is executed.
11:33:03 INFO  : Device configured successfully with "C:/Xilinx/Vivado/2021.1/myDev/arty7_ethernet_v1/arty7_ethernet_v1/software/arty7_ethernet_app/_ide/bitstream/download.bit"
11:33:20 INFO  : Disconnected from the channel tcfchan#1.
11:33:21 INFO  : Connected to target on host '127.0.0.1' and port '3121'.
11:33:30 INFO  : ----------------XSDB Script----------------
connect -url tcp:127.0.0.1:3121
----------------End of Script----------------

11:33:30 ERROR : Could not find FPGA device on the board for connection 'Local'.


Troubleshooting hints:
1. Check whether board is connected to system properly.
2. In case of zynq board, check whether Digilent/Xilinx cable switch settings are correct.
3. If you are using Xilinx Platform Cable USB, ensure that status LED is green.
11:34:19 INFO  : Connected to target on host '127.0.0.1' and port '3121'.
11:34:38 INFO  : Bit file 'C:/Xilinx/Vivado/2021.1/myDev/arty7_ethernet_v1/arty7_ethernet_v1/software/arty7_ethernet_app/_ide/bitstream/download.bit' is generated.
11:34:38 INFO  : Connected to target on host '127.0.0.1' and port '3121'.
11:34:38 INFO  : 'targets -set -filter {jtag_cable_name =~ "Digilent Arty A7-100T 210319AFEBEFA" && level==0 && jtag_device_ctx=="jsn-Arty A7-100T-210319AFEBEFA-13631093-0"}' command is executed.
11:34:40 INFO  : Device configured successfully with "C:/Xilinx/Vivado/2021.1/myDev/arty7_ethernet_v1/arty7_ethernet_v1/software/arty7_ethernet_app/_ide/bitstream/download.bit"
11:35:02 INFO  : Connected to target on host '127.0.0.1' and port '3121'.
11:35:02 INFO  : Jtag cable 'Digilent Arty A7-100T 210319AFEBEFA' is selected.
11:35:02 INFO  : 'jtag frequency' command is executed.
11:35:02 INFO  : 'targets -set -filter {jtag_cable_name =~ "Digilent Arty A7-100T 210319AFEBEFA" && level==0 && jtag_device_ctx=="jsn-Arty A7-100T-210319AFEBEFA-13631093-0"}' command is executed.
11:35:04 INFO  : Device configured successfully with "C:/Xilinx/Vivado/2021.1/myDev/arty7_ethernet_v1/arty7_ethernet_v1/software/arty7_ethernet_app/_ide/bitstream/download.bit"
11:35:04 INFO  : Context for processor 'microblaze_0' is selected.
11:35:04 INFO  : Hardware design and registers information is loaded from 'C:/Xilinx/Vivado/2021.1/myDev/arty7_ethernet_v1/arty7_ethernet_v1/software/design_1_wrapper/export/design_1_wrapper/hw/design_1_wrapper.xsa'.
11:35:04 INFO  : 'configparams mdm-detect-bscan-mask 2' command is executed.
11:35:04 INFO  : Context for processor 'microblaze_0' is selected.
11:35:04 INFO  : System reset is completed.
11:35:07 INFO  : 'after 3000' command is executed.
11:35:07 INFO  : Context for processor 'microblaze_0' is selected.
11:35:08 INFO  : The application 'C:/Xilinx/Vivado/2021.1/myDev/arty7_ethernet_v1/arty7_ethernet_v1/software/arty7_ethernet_app/Debug/arty7_ethernet_app.elf' is downloaded to processor 'microblaze_0'.
11:35:08 INFO  : ----------------XSDB Script----------------
connect -url tcp:127.0.0.1:3121
targets -set -filter {jtag_cable_name =~ "Digilent Arty A7-100T 210319AFEBEFA" && level==0 && jtag_device_ctx=="jsn-Arty A7-100T-210319AFEBEFA-13631093-0"}
fpga -file C:/Xilinx/Vivado/2021.1/myDev/arty7_ethernet_v1/arty7_ethernet_v1/software/arty7_ethernet_app/_ide/bitstream/download.bit
targets -set -nocase -filter {name =~ "*microblaze*#0" && bscan=="USER2" }
loadhw -hw C:/Xilinx/Vivado/2021.1/myDev/arty7_ethernet_v1/arty7_ethernet_v1/software/design_1_wrapper/export/design_1_wrapper/hw/design_1_wrapper.xsa -regs
configparams mdm-detect-bscan-mask 2
targets -set -nocase -filter {name =~ "*microblaze*#0" && bscan=="USER2" }
rst -system
after 3000
targets -set -nocase -filter {name =~ "*microblaze*#0" && bscan=="USER2" }
dow C:/Xilinx/Vivado/2021.1/myDev/arty7_ethernet_v1/arty7_ethernet_v1/software/arty7_ethernet_app/Debug/arty7_ethernet_app.elf
----------------End of Script----------------

11:35:08 INFO  : Context for processor 'microblaze_0' is selected.
11:35:08 INFO  : 'con' command is executed.
11:35:08 INFO  : ----------------XSDB Script (After Launch)----------------
targets -set -nocase -filter {name =~ "*microblaze*#0" && bscan=="USER2" }
con
----------------End of Script----------------

11:35:08 INFO  : Launch script is exported to file 'C:\Xilinx\Vivado\2021.1\myDev\arty7_ethernet_v1\arty7_ethernet_v1\software\arty7_ethernet_app_system\_ide\scripts\debugger_arty7_ethernet_app-default.tcl'
11:54:35 INFO  : Checking for BSP changes to sync application flags for project 'arty7_ethernet_app'...
11:54:53 INFO  : Checking for BSP changes to sync application flags for project 'arty7_ethernet_app'...
11:55:27 INFO  : Bit file 'C:/Xilinx/Vivado/2021.1/myDev/arty7_ethernet_v1/arty7_ethernet_v1/software/arty7_ethernet_app/_ide/bitstream/download.bit' is generated.
11:55:27 INFO  : Connected to target on host '127.0.0.1' and port '3121'.
11:55:27 INFO  : 'targets -set -filter {jtag_cable_name =~ "Digilent Arty A7-100T 210319AFEBEFA" && level==0 && jtag_device_ctx=="jsn-Arty A7-100T-210319AFEBEFA-13631093-0"}' command is executed.
11:55:29 INFO  : Device configured successfully with "C:/Xilinx/Vivado/2021.1/myDev/arty7_ethernet_v1/arty7_ethernet_v1/software/arty7_ethernet_app/_ide/bitstream/download.bit"
11:55:43 INFO  : Disconnected from the channel tcfchan#3.
11:55:44 INFO  : Connected to target on host '127.0.0.1' and port '3121'.
11:55:45 INFO  : Jtag cable 'Digilent Arty A7-100T 210319AFEBEFA' is selected.
11:55:45 INFO  : 'jtag frequency' command is executed.
11:55:45 INFO  : 'targets -set -filter {jtag_cable_name =~ "Digilent Arty A7-100T 210319AFEBEFA" && level==0 && jtag_device_ctx=="jsn-Arty A7-100T-210319AFEBEFA-13631093-0"}' command is executed.
11:55:47 INFO  : Device configured successfully with "C:/Xilinx/Vivado/2021.1/myDev/arty7_ethernet_v1/arty7_ethernet_v1/software/arty7_ethernet_app/_ide/bitstream/download.bit"
11:55:47 INFO  : Context for processor 'microblaze_0' is selected.
11:55:47 INFO  : Hardware design and registers information is loaded from 'C:/Xilinx/Vivado/2021.1/myDev/arty7_ethernet_v1/arty7_ethernet_v1/software/design_1_wrapper/export/design_1_wrapper/hw/design_1_wrapper.xsa'.
11:55:47 INFO  : 'configparams mdm-detect-bscan-mask 2' command is executed.
11:55:47 INFO  : Context for processor 'microblaze_0' is selected.
11:55:47 INFO  : System reset is completed.
11:55:50 INFO  : 'after 3000' command is executed.
11:55:50 INFO  : Context for processor 'microblaze_0' is selected.
11:55:51 INFO  : The application 'C:/Xilinx/Vivado/2021.1/myDev/arty7_ethernet_v1/arty7_ethernet_v1/software/arty7_ethernet_app/Debug/arty7_ethernet_app.elf' is downloaded to processor 'microblaze_0'.
11:55:51 INFO  : ----------------XSDB Script----------------
connect -url tcp:127.0.0.1:3121
targets -set -filter {jtag_cable_name =~ "Digilent Arty A7-100T 210319AFEBEFA" && level==0 && jtag_device_ctx=="jsn-Arty A7-100T-210319AFEBEFA-13631093-0"}
fpga -file C:/Xilinx/Vivado/2021.1/myDev/arty7_ethernet_v1/arty7_ethernet_v1/software/arty7_ethernet_app/_ide/bitstream/download.bit
targets -set -nocase -filter {name =~ "*microblaze*#0" && bscan=="USER2" }
loadhw -hw C:/Xilinx/Vivado/2021.1/myDev/arty7_ethernet_v1/arty7_ethernet_v1/software/design_1_wrapper/export/design_1_wrapper/hw/design_1_wrapper.xsa -regs
configparams mdm-detect-bscan-mask 2
targets -set -nocase -filter {name =~ "*microblaze*#0" && bscan=="USER2" }
rst -system
after 3000
targets -set -nocase -filter {name =~ "*microblaze*#0" && bscan=="USER2" }
dow C:/Xilinx/Vivado/2021.1/myDev/arty7_ethernet_v1/arty7_ethernet_v1/software/arty7_ethernet_app/Debug/arty7_ethernet_app.elf
----------------End of Script----------------

11:55:51 INFO  : Context for processor 'microblaze_0' is selected.
11:55:51 INFO  : 'con' command is executed.
11:55:51 INFO  : ----------------XSDB Script (After Launch)----------------
targets -set -nocase -filter {name =~ "*microblaze*#0" && bscan=="USER2" }
con
----------------End of Script----------------

11:55:51 INFO  : Launch script is exported to file 'C:\Xilinx\Vivado\2021.1\myDev\arty7_ethernet_v1\arty7_ethernet_v1\software\arty7_ethernet_app_system\_ide\scripts\debugger_arty7_ethernet_app-default.tcl'
12:45:21 INFO  : Disconnected from the channel tcfchan#4.
21:49:12 INFO  : Launching XSCT server: xsct.bat -n  -interactive C:\Xilinx\Vivado\2021.1\myDev\arty7_ethernet_v1\arty7_ethernet_v1\software\temp_xsdb_launch_script.tcl
21:49:17 INFO  : XSCT server has started successfully.
21:49:17 INFO  : Platform repository initialization has completed.
21:49:18 INFO  : Registering command handlers for Vitis TCF services
21:49:21 INFO  : plnx-install-location is set to ''
21:49:21 INFO  : Successfully done setting XSCT server connection channel  
21:49:22 INFO  : Successfully done query RDI_DATADIR 
21:49:22 INFO  : Successfully done setting workspace for the tool. 
21:49:39 INFO  : Bit file 'C:/Xilinx/Vivado/2021.1/myDev/arty7_ethernet_v1/arty7_ethernet_v1/software/arty7_ethernet_app/_ide/bitstream/download.bit' is generated.
21:49:42 INFO  : Connected to target on host '127.0.0.1' and port '3121'.
21:49:44 INFO  : 'targets -set -filter {jtag_cable_name =~ "Digilent Arty A7-100T 210319AFEBEFA" && level==0 && jtag_device_ctx=="jsn-Arty A7-100T-210319AFEBEFA-13631093-0"}' command is executed.
21:49:47 INFO  : Device configured successfully with "C:/Xilinx/Vivado/2021.1/myDev/arty7_ethernet_v1/arty7_ethernet_v1/software/arty7_ethernet_app/_ide/bitstream/download.bit"
21:50:02 INFO  : Connected to target on host '127.0.0.1' and port '3121'.
21:50:02 INFO  : Jtag cable 'Digilent Arty A7-100T 210319AFEBEFA' is selected.
21:50:02 INFO  : 'jtag frequency' command is executed.
21:50:02 INFO  : 'targets -set -filter {jtag_cable_name =~ "Digilent Arty A7-100T 210319AFEBEFA" && level==0 && jtag_device_ctx=="jsn-Arty A7-100T-210319AFEBEFA-13631093-0"}' command is executed.
21:50:04 INFO  : Device configured successfully with "C:/Xilinx/Vivado/2021.1/myDev/arty7_ethernet_v1/arty7_ethernet_v1/software/arty7_ethernet_app/_ide/bitstream/download.bit"
21:50:04 INFO  : Context for processor 'microblaze_0' is selected.
21:50:05 INFO  : Hardware design and registers information is loaded from 'C:/Xilinx/Vivado/2021.1/myDev/arty7_ethernet_v1/arty7_ethernet_v1/software/design_1_wrapper/export/design_1_wrapper/hw/design_1_wrapper.xsa'.
21:50:05 INFO  : 'configparams mdm-detect-bscan-mask 2' command is executed.
21:50:05 INFO  : Context for processor 'microblaze_0' is selected.
21:50:05 INFO  : System reset is completed.
21:50:08 INFO  : 'after 3000' command is executed.
21:50:08 INFO  : Context for processor 'microblaze_0' is selected.
21:50:08 INFO  : The application 'C:/Xilinx/Vivado/2021.1/myDev/arty7_ethernet_v1/arty7_ethernet_v1/software/arty7_ethernet_app/Debug/arty7_ethernet_app.elf' is downloaded to processor 'microblaze_0'.
21:50:08 INFO  : ----------------XSDB Script----------------
connect -url tcp:127.0.0.1:3121
targets -set -filter {jtag_cable_name =~ "Digilent Arty A7-100T 210319AFEBEFA" && level==0 && jtag_device_ctx=="jsn-Arty A7-100T-210319AFEBEFA-13631093-0"}
fpga -file C:/Xilinx/Vivado/2021.1/myDev/arty7_ethernet_v1/arty7_ethernet_v1/software/arty7_ethernet_app/_ide/bitstream/download.bit
targets -set -nocase -filter {name =~ "*microblaze*#0" && bscan=="USER2" }
loadhw -hw C:/Xilinx/Vivado/2021.1/myDev/arty7_ethernet_v1/arty7_ethernet_v1/software/design_1_wrapper/export/design_1_wrapper/hw/design_1_wrapper.xsa -regs
configparams mdm-detect-bscan-mask 2
targets -set -nocase -filter {name =~ "*microblaze*#0" && bscan=="USER2" }
rst -system
after 3000
targets -set -nocase -filter {name =~ "*microblaze*#0" && bscan=="USER2" }
dow C:/Xilinx/Vivado/2021.1/myDev/arty7_ethernet_v1/arty7_ethernet_v1/software/arty7_ethernet_app/Debug/arty7_ethernet_app.elf
----------------End of Script----------------

21:50:09 INFO  : Context for processor 'microblaze_0' is selected.
21:50:09 INFO  : 'con' command is executed.
21:50:09 INFO  : ----------------XSDB Script (After Launch)----------------
targets -set -nocase -filter {name =~ "*microblaze*#0" && bscan=="USER2" }
con
----------------End of Script----------------

21:50:09 INFO  : Launch script is exported to file 'C:\Xilinx\Vivado\2021.1\myDev\arty7_ethernet_v1\arty7_ethernet_v1\software\arty7_ethernet_app_system\_ide\scripts\debugger_arty7_ethernet_app-default.tcl'
22:34:16 INFO  : Disconnected from the channel tcfchan#1.
18:57:15 INFO  : Launching XSCT server: xsct.bat -n  -interactive C:\Xilinx\Vivado\2021.1\myDev\arty7_ethernet_v2\arty7_ethernet_v1\software\temp_xsdb_launch_script.tcl
18:57:25 INFO  : XSCT server has started successfully.
18:57:26 INFO  : plnx-install-location is set to ''
18:57:26 INFO  : Successfully done setting XSCT server connection channel  
18:57:26 INFO  : Successfully done setting workspace for the tool. 
18:57:31 INFO  : Platform repository initialization has completed.
18:57:32 INFO  : Registering command handlers for Vitis TCF services
18:57:39 INFO  : Successfully done query RDI_DATADIR 
18:58:36 INFO  : Result from executing command 'getProjects': design_1_wrapper
18:58:36 INFO  : Result from executing command 'getPlatforms': design_1_wrapper|C:/Xilinx/Vivado/2021.1/myDev/arty7_ethernet_v1/arty7_ethernet_v1/software/design_1_wrapper/export/design_1_wrapper/design_1_wrapper.xpfm
18:58:36 INFO  : Checking for BSP changes to sync application flags for project 'arty7_ethernet_app'...
18:59:23 INFO  : Bit file 'C:/Xilinx/Vivado/2021.1/myDev/arty7_ethernet_v2/arty7_ethernet_v1/software/arty7_ethernet_app/_ide/bitstream/download.bit' is generated.
18:59:26 INFO  : Connected to target on host '127.0.0.1' and port '3121'.
18:59:26 INFO  : 'targets -set -filter {jtag_cable_name =~ "Digilent Arty A7-100T 210319AFEBEFA" && level==0 && jtag_device_ctx=="jsn-Arty A7-100T-210319AFEBEFA-13631093-0"}' command is executed.
18:59:28 INFO  : Device configured successfully with "C:/Xilinx/Vivado/2021.1/myDev/arty7_ethernet_v2/arty7_ethernet_v1/software/arty7_ethernet_app/_ide/bitstream/download.bit"
19:00:40 INFO  : Connected to target on host '127.0.0.1' and port '3121'.
19:00:40 INFO  : Jtag cable 'Digilent Arty A7-100T 210319AFEBEFA' is selected.
19:00:40 INFO  : 'jtag frequency' command is executed.
19:00:40 INFO  : 'targets -set -filter {jtag_cable_name =~ "Digilent Arty A7-100T 210319AFEBEFA" && level==0 && jtag_device_ctx=="jsn-Arty A7-100T-210319AFEBEFA-13631093-0"}' command is executed.
19:00:42 INFO  : Device configured successfully with "C:/Xilinx/Vivado/2021.1/myDev/arty7_ethernet_v2/arty7_ethernet_v1/software/arty7_ethernet_app/_ide/bitstream/download.bit"
19:00:42 INFO  : Context for processor 'microblaze_0' is selected.
19:00:42 INFO  : Hardware design and registers information is loaded from 'C:/Xilinx/Vivado/2021.1/myDev/arty7_ethernet_v1/arty7_ethernet_v1/software/design_1_wrapper/export/design_1_wrapper/hw/design_1_wrapper.xsa'.
19:00:42 INFO  : 'configparams mdm-detect-bscan-mask 2' command is executed.
19:00:42 INFO  : Context for processor 'microblaze_0' is selected.
19:00:42 INFO  : System reset is completed.
19:00:46 INFO  : 'after 3000' command is executed.
19:00:46 INFO  : Context for processor 'microblaze_0' is selected.
19:00:46 INFO  : The application 'C:/Xilinx/Vivado/2021.1/myDev/arty7_ethernet_v2/arty7_ethernet_v1/software/arty7_ethernet_app/Debug/arty7_ethernet_app.elf' is downloaded to processor 'microblaze_0'.
19:00:46 INFO  : ----------------XSDB Script----------------
connect -url tcp:127.0.0.1:3121
targets -set -filter {jtag_cable_name =~ "Digilent Arty A7-100T 210319AFEBEFA" && level==0 && jtag_device_ctx=="jsn-Arty A7-100T-210319AFEBEFA-13631093-0"}
fpga -file C:/Xilinx/Vivado/2021.1/myDev/arty7_ethernet_v2/arty7_ethernet_v1/software/arty7_ethernet_app/_ide/bitstream/download.bit
targets -set -nocase -filter {name =~ "*microblaze*#0" && bscan=="USER2" }
loadhw -hw C:/Xilinx/Vivado/2021.1/myDev/arty7_ethernet_v1/arty7_ethernet_v1/software/design_1_wrapper/export/design_1_wrapper/hw/design_1_wrapper.xsa -regs
configparams mdm-detect-bscan-mask 2
targets -set -nocase -filter {name =~ "*microblaze*#0" && bscan=="USER2" }
rst -system
after 3000
targets -set -nocase -filter {name =~ "*microblaze*#0" && bscan=="USER2" }
dow C:/Xilinx/Vivado/2021.1/myDev/arty7_ethernet_v2/arty7_ethernet_v1/software/arty7_ethernet_app/Debug/arty7_ethernet_app.elf
----------------End of Script----------------

19:00:46 INFO  : Context for processor 'microblaze_0' is selected.
19:00:46 INFO  : 'con' command is executed.
19:00:46 INFO  : ----------------XSDB Script (After Launch)----------------
targets -set -nocase -filter {name =~ "*microblaze*#0" && bscan=="USER2" }
con
----------------End of Script----------------

19:00:46 INFO  : Launch script is exported to file 'C:\Xilinx\Vivado\2021.1\myDev\arty7_ethernet_v2\arty7_ethernet_v1\software\arty7_ethernet_app_system\_ide\scripts\debugger_arty7_ethernet_app-default.tcl'
19:02:54 INFO  : Checking for BSP changes to sync application flags for project 'arty7_ethernet_app'...
19:03:14 INFO  : Checking for BSP changes to sync application flags for project 'arty7_ethernet_app'...
19:03:28 INFO  : Disconnected from the channel tcfchan#2.
19:03:29 INFO  : Connected to target on host '127.0.0.1' and port '3121'.
19:03:29 INFO  : Jtag cable 'Digilent Arty A7-100T 210319AFEBEFA' is selected.
19:03:29 INFO  : 'jtag frequency' command is executed.
19:03:29 INFO  : 'targets -set -filter {jtag_cable_name =~ "Digilent Arty A7-100T 210319AFEBEFA" && level==0 && jtag_device_ctx=="jsn-Arty A7-100T-210319AFEBEFA-13631093-0"}' command is executed.
19:03:32 INFO  : Device configured successfully with "C:/Xilinx/Vivado/2021.1/myDev/arty7_ethernet_v2/arty7_ethernet_v1/software/arty7_ethernet_app/_ide/bitstream/download.bit"
19:03:32 INFO  : Context for processor 'microblaze_0' is selected.
19:03:32 INFO  : Hardware design and registers information is loaded from 'C:/Xilinx/Vivado/2021.1/myDev/arty7_ethernet_v1/arty7_ethernet_v1/software/design_1_wrapper/export/design_1_wrapper/hw/design_1_wrapper.xsa'.
19:03:32 INFO  : 'configparams mdm-detect-bscan-mask 2' command is executed.
19:03:32 INFO  : Context for processor 'microblaze_0' is selected.
19:03:32 INFO  : System reset is completed.
19:03:35 INFO  : 'after 3000' command is executed.
19:03:35 INFO  : Context for processor 'microblaze_0' is selected.
19:03:36 INFO  : The application 'C:/Xilinx/Vivado/2021.1/myDev/arty7_ethernet_v2/arty7_ethernet_v1/software/arty7_ethernet_app/Debug/arty7_ethernet_app.elf' is downloaded to processor 'microblaze_0'.
19:03:36 INFO  : ----------------XSDB Script----------------
connect -url tcp:127.0.0.1:3121
targets -set -filter {jtag_cable_name =~ "Digilent Arty A7-100T 210319AFEBEFA" && level==0 && jtag_device_ctx=="jsn-Arty A7-100T-210319AFEBEFA-13631093-0"}
fpga -file C:/Xilinx/Vivado/2021.1/myDev/arty7_ethernet_v2/arty7_ethernet_v1/software/arty7_ethernet_app/_ide/bitstream/download.bit
targets -set -nocase -filter {name =~ "*microblaze*#0" && bscan=="USER2" }
loadhw -hw C:/Xilinx/Vivado/2021.1/myDev/arty7_ethernet_v1/arty7_ethernet_v1/software/design_1_wrapper/export/design_1_wrapper/hw/design_1_wrapper.xsa -regs
configparams mdm-detect-bscan-mask 2
targets -set -nocase -filter {name =~ "*microblaze*#0" && bscan=="USER2" }
rst -system
after 3000
targets -set -nocase -filter {name =~ "*microblaze*#0" && bscan=="USER2" }
dow C:/Xilinx/Vivado/2021.1/myDev/arty7_ethernet_v2/arty7_ethernet_v1/software/arty7_ethernet_app/Debug/arty7_ethernet_app.elf
----------------End of Script----------------

19:03:36 INFO  : Context for processor 'microblaze_0' is selected.
19:03:36 INFO  : 'con' command is executed.
19:03:36 INFO  : ----------------XSDB Script (After Launch)----------------
targets -set -nocase -filter {name =~ "*microblaze*#0" && bscan=="USER2" }
con
----------------End of Script----------------

19:03:36 INFO  : Launch script is exported to file 'C:\Xilinx\Vivado\2021.1\myDev\arty7_ethernet_v2\arty7_ethernet_v1\software\arty7_ethernet_app_system\_ide\scripts\debugger_arty7_ethernet_app-default.tcl'
19:06:44 INFO  : Checking for BSP changes to sync application flags for project 'arty7_ethernet_app'...
19:06:51 INFO  : Disconnected from the channel tcfchan#3.
19:06:52 INFO  : Connected to target on host '127.0.0.1' and port '3121'.
19:07:01 INFO  : ----------------XSDB Script----------------
connect -url tcp:127.0.0.1:3121
----------------End of Script----------------

19:07:01 ERROR : Could not find FPGA device on the board for connection 'Local'.


Troubleshooting hints:
1. Check whether board is connected to system properly.
2. In case of zynq board, check whether Digilent/Xilinx cable switch settings are correct.
3. If you are using Xilinx Platform Cable USB, ensure that status LED is green.
19:07:14 INFO  : Checking for BSP changes to sync application flags for project 'arty7_ethernet_app'...
19:07:18 INFO  : Connected to target on host '127.0.0.1' and port '3121'.
19:07:18 INFO  : Jtag cable 'Digilent Arty A7-100T 210319AFEBEFA' is selected.
19:07:18 INFO  : 'jtag frequency' command is executed.
19:07:18 INFO  : 'targets -set -filter {jtag_cable_name =~ "Digilent Arty A7-100T 210319AFEBEFA" && level==0 && jtag_device_ctx=="jsn-Arty A7-100T-210319AFEBEFA-13631093-0"}' command is executed.
19:07:20 INFO  : Device configured successfully with "C:/Xilinx/Vivado/2021.1/myDev/arty7_ethernet_v2/arty7_ethernet_v1/software/arty7_ethernet_app/_ide/bitstream/download.bit"
19:07:20 INFO  : Context for processor 'microblaze_0' is selected.
19:07:20 INFO  : Hardware design and registers information is loaded from 'C:/Xilinx/Vivado/2021.1/myDev/arty7_ethernet_v1/arty7_ethernet_v1/software/design_1_wrapper/export/design_1_wrapper/hw/design_1_wrapper.xsa'.
19:07:20 INFO  : 'configparams mdm-detect-bscan-mask 2' command is executed.
19:07:21 INFO  : Context for processor 'microblaze_0' is selected.
19:07:21 INFO  : System reset is completed.
19:07:24 INFO  : 'after 3000' command is executed.
19:07:24 INFO  : Context for processor 'microblaze_0' is selected.
19:07:24 INFO  : The application 'C:/Xilinx/Vivado/2021.1/myDev/arty7_ethernet_v2/arty7_ethernet_v1/software/arty7_ethernet_app/Debug/arty7_ethernet_app.elf' is downloaded to processor 'microblaze_0'.
19:07:24 INFO  : ----------------XSDB Script----------------
connect -url tcp:127.0.0.1:3121
targets -set -filter {jtag_cable_name =~ "Digilent Arty A7-100T 210319AFEBEFA" && level==0 && jtag_device_ctx=="jsn-Arty A7-100T-210319AFEBEFA-13631093-0"}
fpga -file C:/Xilinx/Vivado/2021.1/myDev/arty7_ethernet_v2/arty7_ethernet_v1/software/arty7_ethernet_app/_ide/bitstream/download.bit
targets -set -nocase -filter {name =~ "*microblaze*#0" && bscan=="USER2" }
loadhw -hw C:/Xilinx/Vivado/2021.1/myDev/arty7_ethernet_v1/arty7_ethernet_v1/software/design_1_wrapper/export/design_1_wrapper/hw/design_1_wrapper.xsa -regs
configparams mdm-detect-bscan-mask 2
targets -set -nocase -filter {name =~ "*microblaze*#0" && bscan=="USER2" }
rst -system
after 3000
targets -set -nocase -filter {name =~ "*microblaze*#0" && bscan=="USER2" }
dow C:/Xilinx/Vivado/2021.1/myDev/arty7_ethernet_v2/arty7_ethernet_v1/software/arty7_ethernet_app/Debug/arty7_ethernet_app.elf
----------------End of Script----------------

19:07:24 INFO  : Context for processor 'microblaze_0' is selected.
19:07:24 INFO  : 'con' command is executed.
19:07:24 INFO  : ----------------XSDB Script (After Launch)----------------
targets -set -nocase -filter {name =~ "*microblaze*#0" && bscan=="USER2" }
con
----------------End of Script----------------

19:07:24 INFO  : Launch script is exported to file 'C:\Xilinx\Vivado\2021.1\myDev\arty7_ethernet_v2\arty7_ethernet_v1\software\arty7_ethernet_app_system\_ide\scripts\debugger_arty7_ethernet_app-default.tcl'
19:13:20 INFO  : Checking for BSP changes to sync application flags for project 'arty7_ethernet_app'...
19:14:00 INFO  : Checking for BSP changes to sync application flags for project 'arty7_ethernet_app'...
19:14:07 INFO  : Disconnected from the channel tcfchan#4.
19:14:08 INFO  : Connected to target on host '127.0.0.1' and port '3121'.
19:14:17 INFO  : ----------------XSDB Script----------------
connect -url tcp:127.0.0.1:3121
----------------End of Script----------------

19:14:17 ERROR : Could not find FPGA device on the board for connection 'Local'.


Troubleshooting hints:
1. Check whether board is connected to system properly.
2. In case of zynq board, check whether Digilent/Xilinx cable switch settings are correct.
3. If you are using Xilinx Platform Cable USB, ensure that status LED is green.
19:14:27 INFO  : Connected to target on host '127.0.0.1' and port '3121'.
19:14:27 INFO  : Jtag cable 'Digilent Arty A7-100T 210319AFEBEFA' is selected.
19:14:27 INFO  : 'jtag frequency' command is executed.
19:14:27 INFO  : 'targets -set -filter {jtag_cable_name =~ "Digilent Arty A7-100T 210319AFEBEFA" && level==0 && jtag_device_ctx=="jsn-Arty A7-100T-210319AFEBEFA-13631093-0"}' command is executed.
19:14:29 INFO  : Device configured successfully with "C:/Xilinx/Vivado/2021.1/myDev/arty7_ethernet_v2/arty7_ethernet_v1/software/arty7_ethernet_app/_ide/bitstream/download.bit"
19:14:30 INFO  : Context for processor 'microblaze_0' is selected.
19:14:30 INFO  : Hardware design and registers information is loaded from 'C:/Xilinx/Vivado/2021.1/myDev/arty7_ethernet_v1/arty7_ethernet_v1/software/design_1_wrapper/export/design_1_wrapper/hw/design_1_wrapper.xsa'.
19:14:30 INFO  : 'configparams mdm-detect-bscan-mask 2' command is executed.
19:14:30 INFO  : Context for processor 'microblaze_0' is selected.
19:14:30 INFO  : System reset is completed.
19:14:33 INFO  : 'after 3000' command is executed.
19:14:33 INFO  : Context for processor 'microblaze_0' is selected.
19:14:33 INFO  : The application 'C:/Xilinx/Vivado/2021.1/myDev/arty7_ethernet_v2/arty7_ethernet_v1/software/arty7_ethernet_app/Debug/arty7_ethernet_app.elf' is downloaded to processor 'microblaze_0'.
19:14:33 INFO  : ----------------XSDB Script----------------
connect -url tcp:127.0.0.1:3121
targets -set -filter {jtag_cable_name =~ "Digilent Arty A7-100T 210319AFEBEFA" && level==0 && jtag_device_ctx=="jsn-Arty A7-100T-210319AFEBEFA-13631093-0"}
fpga -file C:/Xilinx/Vivado/2021.1/myDev/arty7_ethernet_v2/arty7_ethernet_v1/software/arty7_ethernet_app/_ide/bitstream/download.bit
targets -set -nocase -filter {name =~ "*microblaze*#0" && bscan=="USER2" }
loadhw -hw C:/Xilinx/Vivado/2021.1/myDev/arty7_ethernet_v1/arty7_ethernet_v1/software/design_1_wrapper/export/design_1_wrapper/hw/design_1_wrapper.xsa -regs
configparams mdm-detect-bscan-mask 2
targets -set -nocase -filter {name =~ "*microblaze*#0" && bscan=="USER2" }
rst -system
after 3000
targets -set -nocase -filter {name =~ "*microblaze*#0" && bscan=="USER2" }
dow C:/Xilinx/Vivado/2021.1/myDev/arty7_ethernet_v2/arty7_ethernet_v1/software/arty7_ethernet_app/Debug/arty7_ethernet_app.elf
----------------End of Script----------------

19:14:33 INFO  : Context for processor 'microblaze_0' is selected.
19:14:34 INFO  : 'con' command is executed.
19:14:34 INFO  : ----------------XSDB Script (After Launch)----------------
targets -set -nocase -filter {name =~ "*microblaze*#0" && bscan=="USER2" }
con
----------------End of Script----------------

19:14:34 INFO  : Launch script is exported to file 'C:\Xilinx\Vivado\2021.1\myDev\arty7_ethernet_v2\arty7_ethernet_v1\software\arty7_ethernet_app_system\_ide\scripts\debugger_arty7_ethernet_app-default.tcl'
19:15:02 INFO  : Checking for BSP changes to sync application flags for project 'arty7_ethernet_app'...
19:15:16 INFO  : Disconnected from the channel tcfchan#5.
19:15:17 INFO  : Connected to target on host '127.0.0.1' and port '3121'.
19:15:26 INFO  : ----------------XSDB Script----------------
connect -url tcp:127.0.0.1:3121
----------------End of Script----------------

19:15:26 ERROR : Could not find FPGA device on the board for connection 'Local'.


Troubleshooting hints:
1. Check whether board is connected to system properly.
2. In case of zynq board, check whether Digilent/Xilinx cable switch settings are correct.
3. If you are using Xilinx Platform Cable USB, ensure that status LED is green.
19:15:32 INFO  : Connected to target on host '127.0.0.1' and port '3121'.
19:15:32 INFO  : Jtag cable 'Digilent Arty A7-100T 210319AFEBEFA' is selected.
19:15:32 INFO  : 'jtag frequency' command is executed.
19:15:33 INFO  : 'targets -set -filter {jtag_cable_name =~ "Digilent Arty A7-100T 210319AFEBEFA" && level==0 && jtag_device_ctx=="jsn-Arty A7-100T-210319AFEBEFA-13631093-0"}' command is executed.
19:15:35 INFO  : Device configured successfully with "C:/Xilinx/Vivado/2021.1/myDev/arty7_ethernet_v2/arty7_ethernet_v1/software/arty7_ethernet_app/_ide/bitstream/download.bit"
19:15:35 INFO  : Context for processor 'microblaze_0' is selected.
19:15:35 INFO  : Hardware design and registers information is loaded from 'C:/Xilinx/Vivado/2021.1/myDev/arty7_ethernet_v1/arty7_ethernet_v1/software/design_1_wrapper/export/design_1_wrapper/hw/design_1_wrapper.xsa'.
19:15:35 INFO  : 'configparams mdm-detect-bscan-mask 2' command is executed.
19:15:35 INFO  : Context for processor 'microblaze_0' is selected.
19:15:35 INFO  : System reset is completed.
19:15:38 INFO  : 'after 3000' command is executed.
19:15:38 INFO  : Context for processor 'microblaze_0' is selected.
19:15:39 INFO  : The application 'C:/Xilinx/Vivado/2021.1/myDev/arty7_ethernet_v2/arty7_ethernet_v1/software/arty7_ethernet_app/Debug/arty7_ethernet_app.elf' is downloaded to processor 'microblaze_0'.
19:15:39 INFO  : ----------------XSDB Script----------------
connect -url tcp:127.0.0.1:3121
targets -set -filter {jtag_cable_name =~ "Digilent Arty A7-100T 210319AFEBEFA" && level==0 && jtag_device_ctx=="jsn-Arty A7-100T-210319AFEBEFA-13631093-0"}
fpga -file C:/Xilinx/Vivado/2021.1/myDev/arty7_ethernet_v2/arty7_ethernet_v1/software/arty7_ethernet_app/_ide/bitstream/download.bit
targets -set -nocase -filter {name =~ "*microblaze*#0" && bscan=="USER2" }
loadhw -hw C:/Xilinx/Vivado/2021.1/myDev/arty7_ethernet_v1/arty7_ethernet_v1/software/design_1_wrapper/export/design_1_wrapper/hw/design_1_wrapper.xsa -regs
configparams mdm-detect-bscan-mask 2
targets -set -nocase -filter {name =~ "*microblaze*#0" && bscan=="USER2" }
rst -system
after 3000
targets -set -nocase -filter {name =~ "*microblaze*#0" && bscan=="USER2" }
dow C:/Xilinx/Vivado/2021.1/myDev/arty7_ethernet_v2/arty7_ethernet_v1/software/arty7_ethernet_app/Debug/arty7_ethernet_app.elf
----------------End of Script----------------

19:15:39 INFO  : Context for processor 'microblaze_0' is selected.
19:15:39 INFO  : 'con' command is executed.
19:15:39 INFO  : ----------------XSDB Script (After Launch)----------------
targets -set -nocase -filter {name =~ "*microblaze*#0" && bscan=="USER2" }
con
----------------End of Script----------------

19:15:39 INFO  : Launch script is exported to file 'C:\Xilinx\Vivado\2021.1\myDev\arty7_ethernet_v2\arty7_ethernet_v1\software\arty7_ethernet_app_system\_ide\scripts\debugger_arty7_ethernet_app-default.tcl'
