
*** Running vivado
    with args -log design_1_auto_us_2.vds -m64 -product Vivado -mode batch -messageDb vivado.pb -notrace -source design_1_auto_us_2.tcl



****** Vivado v2021.1 (64-bit)
  **** SW Build 3247384 on Thu Jun 10 19:36:33 MDT 2021
  **** IP Build 3246043 on Fri Jun 11 00:30:35 MDT 2021
    ** Copyright 1986-2021 Xilinx, Inc. All Rights Reserved.

source design_1_auto_us_2.tcl -notrace
WARNING: [Vivado 12-9135] Ignoring repo path (C:/Users/Vincent C:/Xilinx/Vivado/2021.1/myDev/arty7_ethernet_v1/arty7_ethernet_v1/arty7_ethernet_v1.runs/design_1_auto_us_2_synth_1/Gosselin/AppData/Roaming/Xilinx/Vivado/2021.1/xhub/board_store/xilinx_board_store) because it contains no board files
Command: synth_design -top design_1_auto_us_2 -part xc7a100tcsg324-1 -mode out_of_context
Starting synth_design
Attempting to get a license for feature 'Synthesis' and/or device 'xc7a100t'
INFO: [Common 17-349] Got license for feature 'Synthesis' and/or device 'xc7a100t'
INFO: [Device 21-403] Loading part xc7a100tcsg324-1
INFO: [Synth 8-7079] Multithreading enabled for synth_design using a maximum of 2 processes.
INFO: [Synth 8-7078] Launching helper process for spawning children vivado processes
INFO: [Synth 8-7075] Helper process launched with PID 16500
---------------------------------------------------------------------------------
Starting RTL Elaboration : Time (s): cpu = 00:00:17 ; elapsed = 00:00:19 . Memory (MB): peak = 1233.617 ; gain = 0.000
---------------------------------------------------------------------------------
INFO: [Synth 8-6157] synthesizing module 'design_1_auto_us_2' [c:/Xilinx/Vivado/2021.1/myDev/arty7_ethernet_v1/arty7_ethernet_v1/arty7_ethernet_v1.gen/sources_1/bd/design_1/ip/design_1_auto_us_2/synth/design_1_auto_us_2.v:58]
INFO: [Synth 8-6157] synthesizing module 'axi_dwidth_converter_v2_1_24_top' [c:/Xilinx/Vivado/2021.1/myDev/arty7_ethernet_v1/arty7_ethernet_v1/arty7_ethernet_v1.gen/sources_1/bd/design_1/ipshared/3d13/hdl/axi_dwidth_converter_v2_1_vlsyn_rfs.v:14462]
INFO: [Synth 8-6157] synthesizing module 'axi_dwidth_converter_v2_1_24_axi_upsizer' [c:/Xilinx/Vivado/2021.1/myDev/arty7_ethernet_v1/arty7_ethernet_v1/arty7_ethernet_v1.gen/sources_1/bd/design_1/ipshared/3d13/hdl/axi_dwidth_converter_v2_1_vlsyn_rfs.v:7038]
INFO: [Synth 8-6157] synthesizing module 'axi_dwidth_converter_v2_1_24_r_upsizer' [c:/Xilinx/Vivado/2021.1/myDev/arty7_ethernet_v1/arty7_ethernet_v1/arty7_ethernet_v1.gen/sources_1/bd/design_1/ipshared/3d13/hdl/axi_dwidth_converter_v2_1_vlsyn_rfs.v:4653]
INFO: [Synth 8-6155] done synthesizing module 'axi_dwidth_converter_v2_1_24_r_upsizer' (1#1) [c:/Xilinx/Vivado/2021.1/myDev/arty7_ethernet_v1/arty7_ethernet_v1/arty7_ethernet_v1.gen/sources_1/bd/design_1/ipshared/3d13/hdl/axi_dwidth_converter_v2_1_vlsyn_rfs.v:4653]
INFO: [Synth 8-6157] synthesizing module 'axi_register_slice_v2_1_24_axi_register_slice' [c:/Xilinx/Vivado/2021.1/myDev/arty7_ethernet_v1/arty7_ethernet_v1/arty7_ethernet_v1.gen/sources_1/bd/design_1/ipshared/8f68/hdl/axi_register_slice_v2_1_vl_rfs.v:3726]
INFO: [Synth 8-6157] synthesizing module 'axi_infrastructure_v1_1_0_axi2vector' [c:/Xilinx/Vivado/2021.1/myDev/arty7_ethernet_v1/arty7_ethernet_v1/arty7_ethernet_v1.gen/sources_1/bd/design_1/ipshared/ec67/hdl/axi_infrastructure_v1_1_vl_rfs.v:60]
INFO: [Synth 8-6155] done synthesizing module 'axi_infrastructure_v1_1_0_axi2vector' (2#1) [c:/Xilinx/Vivado/2021.1/myDev/arty7_ethernet_v1/arty7_ethernet_v1/arty7_ethernet_v1.gen/sources_1/bd/design_1/ipshared/ec67/hdl/axi_infrastructure_v1_1_vl_rfs.v:60]
INFO: [Synth 8-6157] synthesizing module 'axi_infrastructure_v1_1_0_vector2axi' [c:/Xilinx/Vivado/2021.1/myDev/arty7_ethernet_v1/arty7_ethernet_v1/arty7_ethernet_v1.gen/sources_1/bd/design_1/ipshared/ec67/hdl/axi_infrastructure_v1_1_vl_rfs.v:474]
INFO: [Synth 8-6155] done synthesizing module 'axi_infrastructure_v1_1_0_vector2axi' (3#1) [c:/Xilinx/Vivado/2021.1/myDev/arty7_ethernet_v1/arty7_ethernet_v1/arty7_ethernet_v1.gen/sources_1/bd/design_1/ipshared/ec67/hdl/axi_infrastructure_v1_1_vl_rfs.v:474]
INFO: [Synth 8-6157] synthesizing module 'axi_register_slice_v2_1_24_axic_register_slice' [c:/Xilinx/Vivado/2021.1/myDev/arty7_ethernet_v1/arty7_ethernet_v1/arty7_ethernet_v1.gen/sources_1/bd/design_1/ipshared/8f68/hdl/axi_register_slice_v2_1_vl_rfs.v:1498]
INFO: [Synth 8-6155] done synthesizing module 'axi_register_slice_v2_1_24_axic_register_slice' (4#1) [c:/Xilinx/Vivado/2021.1/myDev/arty7_ethernet_v1/arty7_ethernet_v1/arty7_ethernet_v1.gen/sources_1/bd/design_1/ipshared/8f68/hdl/axi_register_slice_v2_1_vl_rfs.v:1498]
INFO: [Synth 8-6157] synthesizing module 'axi_register_slice_v2_1_24_axic_register_slice__parameterized0' [c:/Xilinx/Vivado/2021.1/myDev/arty7_ethernet_v1/arty7_ethernet_v1/arty7_ethernet_v1.gen/sources_1/bd/design_1/ipshared/8f68/hdl/axi_register_slice_v2_1_vl_rfs.v:1498]
INFO: [Synth 8-6155] done synthesizing module 'axi_register_slice_v2_1_24_axic_register_slice__parameterized0' (4#1) [c:/Xilinx/Vivado/2021.1/myDev/arty7_ethernet_v1/arty7_ethernet_v1/arty7_ethernet_v1.gen/sources_1/bd/design_1/ipshared/8f68/hdl/axi_register_slice_v2_1_vl_rfs.v:1498]
INFO: [Synth 8-6157] synthesizing module 'axi_register_slice_v2_1_24_axic_register_slice__parameterized1' [c:/Xilinx/Vivado/2021.1/myDev/arty7_ethernet_v1/arty7_ethernet_v1/arty7_ethernet_v1.gen/sources_1/bd/design_1/ipshared/8f68/hdl/axi_register_slice_v2_1_vl_rfs.v:1498]
INFO: [Synth 8-6155] done synthesizing module 'axi_register_slice_v2_1_24_axic_register_slice__parameterized1' (4#1) [c:/Xilinx/Vivado/2021.1/myDev/arty7_ethernet_v1/arty7_ethernet_v1/arty7_ethernet_v1.gen/sources_1/bd/design_1/ipshared/8f68/hdl/axi_register_slice_v2_1_vl_rfs.v:1498]
INFO: [Synth 8-6157] synthesizing module 'axi_register_slice_v2_1_24_axic_register_slice__parameterized2' [c:/Xilinx/Vivado/2021.1/myDev/arty7_ethernet_v1/arty7_ethernet_v1/arty7_ethernet_v1.gen/sources_1/bd/design_1/ipshared/8f68/hdl/axi_register_slice_v2_1_vl_rfs.v:1498]
INFO: [Synth 8-6155] done synthesizing module 'axi_register_slice_v2_1_24_axic_register_slice__parameterized2' (4#1) [c:/Xilinx/Vivado/2021.1/myDev/arty7_ethernet_v1/arty7_ethernet_v1/arty7_ethernet_v1.gen/sources_1/bd/design_1/ipshared/8f68/hdl/axi_register_slice_v2_1_vl_rfs.v:1498]
INFO: [Synth 8-6155] done synthesizing module 'axi_register_slice_v2_1_24_axi_register_slice' (5#1) [c:/Xilinx/Vivado/2021.1/myDev/arty7_ethernet_v1/arty7_ethernet_v1/arty7_ethernet_v1.gen/sources_1/bd/design_1/ipshared/8f68/hdl/axi_register_slice_v2_1_vl_rfs.v:3726]
WARNING: [Synth 8-7071] port 'aclk2x' of module 'axi_register_slice_v2_1_24_axi_register_slice' is unconnected for instance 'mi_register_slice_inst' [c:/Xilinx/Vivado/2021.1/myDev/arty7_ethernet_v1/arty7_ethernet_v1/arty7_ethernet_v1.gen/sources_1/bd/design_1/ipshared/3d13/hdl/axi_dwidth_converter_v2_1_vlsyn_rfs.v:8475]
WARNING: [Synth 8-7023] instance 'mi_register_slice_inst' of module 'axi_register_slice_v2_1_24_axi_register_slice' has 93 connections declared, but only 92 given [c:/Xilinx/Vivado/2021.1/myDev/arty7_ethernet_v1/arty7_ethernet_v1/arty7_ethernet_v1.gen/sources_1/bd/design_1/ipshared/3d13/hdl/axi_dwidth_converter_v2_1_vlsyn_rfs.v:8475]
INFO: [Synth 8-6157] synthesizing module 'axi_dwidth_converter_v2_1_24_a_upsizer' [c:/Xilinx/Vivado/2021.1/myDev/arty7_ethernet_v1/arty7_ethernet_v1/arty7_ethernet_v1.gen/sources_1/bd/design_1/ipshared/3d13/hdl/axi_dwidth_converter_v2_1_vlsyn_rfs.v:3603]
INFO: [Synth 8-6157] synthesizing module 'generic_baseblocks_v2_1_0_command_fifo' [c:/Xilinx/Vivado/2021.1/myDev/arty7_ethernet_v1/arty7_ethernet_v1/arty7_ethernet_v1.gen/sources_1/bd/design_1/ipshared/b752/hdl/generic_baseblocks_v2_1_vl_rfs.v:655]
INFO: [Synth 8-6155] done synthesizing module 'generic_baseblocks_v2_1_0_command_fifo' (6#1) [c:/Xilinx/Vivado/2021.1/myDev/arty7_ethernet_v1/arty7_ethernet_v1/arty7_ethernet_v1.gen/sources_1/bd/design_1/ipshared/b752/hdl/generic_baseblocks_v2_1_vl_rfs.v:655]
INFO: [Synth 8-6155] done synthesizing module 'axi_dwidth_converter_v2_1_24_a_upsizer' (7#1) [c:/Xilinx/Vivado/2021.1/myDev/arty7_ethernet_v1/arty7_ethernet_v1/arty7_ethernet_v1.gen/sources_1/bd/design_1/ipshared/3d13/hdl/axi_dwidth_converter_v2_1_vlsyn_rfs.v:3603]
INFO: [Synth 8-6157] synthesizing module 'axi_register_slice_v2_1_24_axi_register_slice__parameterized0' [c:/Xilinx/Vivado/2021.1/myDev/arty7_ethernet_v1/arty7_ethernet_v1/arty7_ethernet_v1.gen/sources_1/bd/design_1/ipshared/8f68/hdl/axi_register_slice_v2_1_vl_rfs.v:3726]
INFO: [Synth 8-6157] synthesizing module 'axi_infrastructure_v1_1_0_axi2vector__parameterized0' [c:/Xilinx/Vivado/2021.1/myDev/arty7_ethernet_v1/arty7_ethernet_v1/arty7_ethernet_v1.gen/sources_1/bd/design_1/ipshared/ec67/hdl/axi_infrastructure_v1_1_vl_rfs.v:60]
INFO: [Synth 8-6155] done synthesizing module 'axi_infrastructure_v1_1_0_axi2vector__parameterized0' (7#1) [c:/Xilinx/Vivado/2021.1/myDev/arty7_ethernet_v1/arty7_ethernet_v1/arty7_ethernet_v1.gen/sources_1/bd/design_1/ipshared/ec67/hdl/axi_infrastructure_v1_1_vl_rfs.v:60]
INFO: [Synth 8-6157] synthesizing module 'axi_infrastructure_v1_1_0_vector2axi__parameterized0' [c:/Xilinx/Vivado/2021.1/myDev/arty7_ethernet_v1/arty7_ethernet_v1/arty7_ethernet_v1.gen/sources_1/bd/design_1/ipshared/ec67/hdl/axi_infrastructure_v1_1_vl_rfs.v:474]
INFO: [Synth 8-6155] done synthesizing module 'axi_infrastructure_v1_1_0_vector2axi__parameterized0' (7#1) [c:/Xilinx/Vivado/2021.1/myDev/arty7_ethernet_v1/arty7_ethernet_v1/arty7_ethernet_v1.gen/sources_1/bd/design_1/ipshared/ec67/hdl/axi_infrastructure_v1_1_vl_rfs.v:474]
INFO: [Synth 8-6157] synthesizing module 'axi_register_slice_v2_1_24_axic_register_slice__parameterized3' [c:/Xilinx/Vivado/2021.1/myDev/arty7_ethernet_v1/arty7_ethernet_v1/arty7_ethernet_v1.gen/sources_1/bd/design_1/ipshared/8f68/hdl/axi_register_slice_v2_1_vl_rfs.v:1498]
INFO: [Synth 8-6155] done synthesizing module 'axi_register_slice_v2_1_24_axic_register_slice__parameterized3' (7#1) [c:/Xilinx/Vivado/2021.1/myDev/arty7_ethernet_v1/arty7_ethernet_v1/arty7_ethernet_v1.gen/sources_1/bd/design_1/ipshared/8f68/hdl/axi_register_slice_v2_1_vl_rfs.v:1498]
INFO: [Synth 8-6157] synthesizing module 'axi_register_slice_v2_1_24_axic_register_slice__parameterized4' [c:/Xilinx/Vivado/2021.1/myDev/arty7_ethernet_v1/arty7_ethernet_v1/arty7_ethernet_v1.gen/sources_1/bd/design_1/ipshared/8f68/hdl/axi_register_slice_v2_1_vl_rfs.v:1498]
INFO: [Synth 8-6155] done synthesizing module 'axi_register_slice_v2_1_24_axic_register_slice__parameterized4' (7#1) [c:/Xilinx/Vivado/2021.1/myDev/arty7_ethernet_v1/arty7_ethernet_v1/arty7_ethernet_v1.gen/sources_1/bd/design_1/ipshared/8f68/hdl/axi_register_slice_v2_1_vl_rfs.v:1498]
INFO: [Synth 8-6157] synthesizing module 'axi_register_slice_v2_1_24_axic_register_slice__parameterized5' [c:/Xilinx/Vivado/2021.1/myDev/arty7_ethernet_v1/arty7_ethernet_v1/arty7_ethernet_v1.gen/sources_1/bd/design_1/ipshared/8f68/hdl/axi_register_slice_v2_1_vl_rfs.v:1498]
INFO: [Synth 8-6155] done synthesizing module 'axi_register_slice_v2_1_24_axic_register_slice__parameterized5' (7#1) [c:/Xilinx/Vivado/2021.1/myDev/arty7_ethernet_v1/arty7_ethernet_v1/arty7_ethernet_v1.gen/sources_1/bd/design_1/ipshared/8f68/hdl/axi_register_slice_v2_1_vl_rfs.v:1498]
INFO: [Synth 8-6155] done synthesizing module 'axi_register_slice_v2_1_24_axi_register_slice__parameterized0' (7#1) [c:/Xilinx/Vivado/2021.1/myDev/arty7_ethernet_v1/arty7_ethernet_v1/arty7_ethernet_v1.gen/sources_1/bd/design_1/ipshared/8f68/hdl/axi_register_slice_v2_1_vl_rfs.v:3726]
WARNING: [Synth 8-7071] port 'aclk2x' of module 'axi_register_slice_v2_1_24_axi_register_slice' is unconnected for instance 'si_register_slice_inst' [c:/Xilinx/Vivado/2021.1/myDev/arty7_ethernet_v1/arty7_ethernet_v1/arty7_ethernet_v1.gen/sources_1/bd/design_1/ipshared/3d13/hdl/axi_dwidth_converter_v2_1_vlsyn_rfs.v:7379]
WARNING: [Synth 8-7023] instance 'si_register_slice_inst' of module 'axi_register_slice_v2_1_24_axi_register_slice' has 93 connections declared, but only 92 given [c:/Xilinx/Vivado/2021.1/myDev/arty7_ethernet_v1/arty7_ethernet_v1/arty7_ethernet_v1.gen/sources_1/bd/design_1/ipshared/3d13/hdl/axi_dwidth_converter_v2_1_vlsyn_rfs.v:7379]
INFO: [Synth 8-6155] done synthesizing module 'axi_dwidth_converter_v2_1_24_axi_upsizer' (8#1) [c:/Xilinx/Vivado/2021.1/myDev/arty7_ethernet_v1/arty7_ethernet_v1/arty7_ethernet_v1.gen/sources_1/bd/design_1/ipshared/3d13/hdl/axi_dwidth_converter_v2_1_vlsyn_rfs.v:7038]
INFO: [Synth 8-6155] done synthesizing module 'axi_dwidth_converter_v2_1_24_top' (9#1) [c:/Xilinx/Vivado/2021.1/myDev/arty7_ethernet_v1/arty7_ethernet_v1/arty7_ethernet_v1.gen/sources_1/bd/design_1/ipshared/3d13/hdl/axi_dwidth_converter_v2_1_vlsyn_rfs.v:14462]
INFO: [Synth 8-6155] done synthesizing module 'design_1_auto_us_2' (10#1) [c:/Xilinx/Vivado/2021.1/myDev/arty7_ethernet_v1/arty7_ethernet_v1/arty7_ethernet_v1.gen/sources_1/bd/design_1/ip/design_1_auto_us_2/synth/design_1_auto_us_2.v:58]
---------------------------------------------------------------------------------
Finished RTL Elaboration : Time (s): cpu = 00:00:29 ; elapsed = 00:00:34 . Memory (MB): peak = 1257.457 ; gain = 23.840
---------------------------------------------------------------------------------
---------------------------------------------------------------------------------
Start Handling Custom Attributes
---------------------------------------------------------------------------------
---------------------------------------------------------------------------------
Finished Handling Custom Attributes : Time (s): cpu = 00:00:30 ; elapsed = 00:00:36 . Memory (MB): peak = 1257.457 ; gain = 23.840
---------------------------------------------------------------------------------
---------------------------------------------------------------------------------
Finished RTL Optimization Phase 1 : Time (s): cpu = 00:00:30 ; elapsed = 00:00:36 . Memory (MB): peak = 1257.457 ; gain = 23.840
---------------------------------------------------------------------------------
Netlist sorting complete. Time (s): cpu = 00:00:00 ; elapsed = 00:00:00.261 . Memory (MB): peak = 1257.457 ; gain = 0.000
INFO: [Project 1-570] Preparing netlist for logic optimization

Processing XDC Constraints
Initializing timing engine
Parsing XDC File [c:/Xilinx/Vivado/2021.1/myDev/arty7_ethernet_v1/arty7_ethernet_v1/arty7_ethernet_v1.gen/sources_1/bd/design_1/ip/design_1_auto_us_2/design_1_auto_us_2_ooc.xdc] for cell 'inst'
Finished Parsing XDC File [c:/Xilinx/Vivado/2021.1/myDev/arty7_ethernet_v1/arty7_ethernet_v1/arty7_ethernet_v1.gen/sources_1/bd/design_1/ip/design_1_auto_us_2/design_1_auto_us_2_ooc.xdc] for cell 'inst'
Parsing XDC File [C:/Xilinx/Vivado/2021.1/myDev/arty7_ethernet_v1/arty7_ethernet_v1/arty7_ethernet_v1.runs/design_1_auto_us_2_synth_1/dont_touch.xdc]
Finished Parsing XDC File [C:/Xilinx/Vivado/2021.1/myDev/arty7_ethernet_v1/arty7_ethernet_v1/arty7_ethernet_v1.runs/design_1_auto_us_2_synth_1/dont_touch.xdc]
Completed Processing XDC Constraints

Netlist sorting complete. Time (s): cpu = 00:00:00 ; elapsed = 00:00:00.002 . Memory (MB): peak = 1292.551 ; gain = 0.000
INFO: [Project 1-111] Unisim Transformation Summary:
No Unisim elements were transformed.

Constraint Validation Runtime : Time (s): cpu = 00:00:00 ; elapsed = 00:00:00.157 . Memory (MB): peak = 1299.039 ; gain = 6.488
---------------------------------------------------------------------------------
Finished Constraint Validation : Time (s): cpu = 00:00:46 ; elapsed = 00:00:56 . Memory (MB): peak = 1299.039 ; gain = 65.422
---------------------------------------------------------------------------------
---------------------------------------------------------------------------------
Start Loading Part and Timing Information
---------------------------------------------------------------------------------
Loading part: xc7a100tcsg324-1
---------------------------------------------------------------------------------
Finished Loading Part and Timing Information : Time (s): cpu = 00:00:46 ; elapsed = 00:00:56 . Memory (MB): peak = 1299.039 ; gain = 65.422
---------------------------------------------------------------------------------
---------------------------------------------------------------------------------
Start Applying 'set_property' XDC Constraints
---------------------------------------------------------------------------------
Applied set_property KEEP_HIERARCHY = SOFT for inst. (constraint file  C:/Xilinx/Vivado/2021.1/myDev/arty7_ethernet_v1/arty7_ethernet_v1/arty7_ethernet_v1.runs/design_1_auto_us_2_synth_1/dont_touch.xdc, line 9).
---------------------------------------------------------------------------------
Finished applying 'set_property' XDC Constraints : Time (s): cpu = 00:00:46 ; elapsed = 00:00:56 . Memory (MB): peak = 1299.039 ; gain = 65.422
---------------------------------------------------------------------------------
---------------------------------------------------------------------------------
Finished RTL Optimization Phase 2 : Time (s): cpu = 00:00:48 ; elapsed = 00:00:57 . Memory (MB): peak = 1299.039 ; gain = 65.422
---------------------------------------------------------------------------------
---------------------------------------------------------------------------------
Start RTL Component Statistics 
---------------------------------------------------------------------------------
Detailed RTL Component Info : 
+---Adders : 
	   2 Input    8 Bit       Adders := 2     
	   2 Input    5 Bit       Adders := 2     
	   2 Input    4 Bit       Adders := 2     
+---Registers : 
	              145 Bit    Registers := 2     
	              132 Bit    Registers := 2     
	              128 Bit    Registers := 1     
	               62 Bit    Registers := 3     
	               37 Bit    Registers := 2     
	               36 Bit    Registers := 2     
	               35 Bit    Registers := 1     
	                8 Bit    Registers := 1     
	                5 Bit    Registers := 1     
	                4 Bit    Registers := 2     
	                3 Bit    Registers := 2     
	                2 Bit    Registers := 10    
	                1 Bit    Registers := 26    
+---Muxes : 
	   2 Input  145 Bit        Muxes := 2     
	   2 Input  132 Bit        Muxes := 2     
	   2 Input   37 Bit        Muxes := 2     
	   2 Input   36 Bit        Muxes := 2     
	   4 Input   32 Bit        Muxes := 2     
	   2 Input   32 Bit        Muxes := 4     
	   2 Input    8 Bit        Muxes := 3     
	   8 Input    8 Bit        Muxes := 2     
	   2 Input    4 Bit        Muxes := 4     
	   8 Input    4 Bit        Muxes := 3     
	   2 Input    3 Bit        Muxes := 1     
	   2 Input    2 Bit        Muxes := 4     
	   2 Input    1 Bit        Muxes := 13    
---------------------------------------------------------------------------------
Finished RTL Component Statistics 
---------------------------------------------------------------------------------
---------------------------------------------------------------------------------
Start Part Resource Summary
---------------------------------------------------------------------------------
Part Resources:
DSPs: 240 (col length:80)
BRAMs: 270 (col length: RAMB18 80 RAMB36 40)
---------------------------------------------------------------------------------
Finished Part Resource Summary
---------------------------------------------------------------------------------
---------------------------------------------------------------------------------
Start Cross Boundary and Area Optimization
---------------------------------------------------------------------------------
---------------------------------------------------------------------------------
Finished Cross Boundary and Area Optimization : Time (s): cpu = 00:00:57 ; elapsed = 00:01:08 . Memory (MB): peak = 1299.039 ; gain = 65.422
---------------------------------------------------------------------------------
---------------------------------------------------------------------------------
Start Applying XDC Timing Constraints
---------------------------------------------------------------------------------
---------------------------------------------------------------------------------
Finished Applying XDC Timing Constraints : Time (s): cpu = 00:01:11 ; elapsed = 00:01:24 . Memory (MB): peak = 1299.039 ; gain = 65.422
---------------------------------------------------------------------------------
---------------------------------------------------------------------------------
Start Timing Optimization
---------------------------------------------------------------------------------
---------------------------------------------------------------------------------
Finished Timing Optimization : Time (s): cpu = 00:01:13 ; elapsed = 00:01:27 . Memory (MB): peak = 1299.039 ; gain = 65.422
---------------------------------------------------------------------------------
---------------------------------------------------------------------------------
Start Technology Mapping
---------------------------------------------------------------------------------
---------------------------------------------------------------------------------
Finished Technology Mapping : Time (s): cpu = 00:01:14 ; elapsed = 00:01:28 . Memory (MB): peak = 1299.039 ; gain = 65.422
---------------------------------------------------------------------------------
---------------------------------------------------------------------------------
Start IO Insertion
---------------------------------------------------------------------------------
---------------------------------------------------------------------------------
Start Flattening Before IO Insertion
---------------------------------------------------------------------------------
---------------------------------------------------------------------------------
Finished Flattening Before IO Insertion
---------------------------------------------------------------------------------
---------------------------------------------------------------------------------
Start Final Netlist Cleanup
---------------------------------------------------------------------------------
---------------------------------------------------------------------------------
Finished Final Netlist Cleanup
---------------------------------------------------------------------------------
---------------------------------------------------------------------------------
Finished IO Insertion : Time (s): cpu = 00:01:23 ; elapsed = 00:01:38 . Memory (MB): peak = 1299.039 ; gain = 65.422
---------------------------------------------------------------------------------
---------------------------------------------------------------------------------
Start Renaming Generated Instances
---------------------------------------------------------------------------------
---------------------------------------------------------------------------------
Finished Renaming Generated Instances : Time (s): cpu = 00:01:23 ; elapsed = 00:01:38 . Memory (MB): peak = 1299.039 ; gain = 65.422
---------------------------------------------------------------------------------
---------------------------------------------------------------------------------
Start Rebuilding User Hierarchy
---------------------------------------------------------------------------------
---------------------------------------------------------------------------------
Finished Rebuilding User Hierarchy : Time (s): cpu = 00:01:23 ; elapsed = 00:01:39 . Memory (MB): peak = 1299.039 ; gain = 65.422
---------------------------------------------------------------------------------
---------------------------------------------------------------------------------
Start Renaming Generated Ports
---------------------------------------------------------------------------------
---------------------------------------------------------------------------------
Finished Renaming Generated Ports : Time (s): cpu = 00:01:23 ; elapsed = 00:01:39 . Memory (MB): peak = 1299.039 ; gain = 65.422
---------------------------------------------------------------------------------
---------------------------------------------------------------------------------
Start Handling Custom Attributes
---------------------------------------------------------------------------------
---------------------------------------------------------------------------------
Finished Handling Custom Attributes : Time (s): cpu = 00:01:23 ; elapsed = 00:01:39 . Memory (MB): peak = 1299.039 ; gain = 65.422
---------------------------------------------------------------------------------
---------------------------------------------------------------------------------
Start Renaming Generated Nets
---------------------------------------------------------------------------------
---------------------------------------------------------------------------------
Finished Renaming Generated Nets : Time (s): cpu = 00:01:23 ; elapsed = 00:01:39 . Memory (MB): peak = 1299.039 ; gain = 65.422
---------------------------------------------------------------------------------
---------------------------------------------------------------------------------
Start ROM, RAM, DSP, Shift Register and Retiming Reporting
---------------------------------------------------------------------------------

Dynamic Shift Register Report:
+------------+-------------------------------+--------+------------+--------+---------+--------+--------+--------+
|Module Name | RTL Name                      | Length | Data Width | SRL16E | SRLC32E | Mux F7 | Mux F8 | Mux F9 | 
+------------+-------------------------------+--------+------------+--------+---------+--------+--------+--------+
|dsrl        | USE_RTL_FIFO.data_srl_reg[31] | 35     | 35         | 0      | 35      | 0      | 0      | 0      | 
|dsrl__1     | USE_RTL_FIFO.data_srl_reg[31] | 35     | 35         | 0      | 35      | 0      | 0      | 0      | 
+------------+-------------------------------+--------+------------+--------+---------+--------+--------+--------+

---------------------------------------------------------------------------------
Finished ROM, RAM, DSP, Shift Register and Retiming Reporting
---------------------------------------------------------------------------------
---------------------------------------------------------------------------------
Start Writing Synthesis Report
---------------------------------------------------------------------------------

Report BlackBoxes: 
+-+--------------+----------+
| |BlackBox name |Instances |
+-+--------------+----------+
+-+--------------+----------+

Report Cell Usage: 
+------+--------+------+
|      |Cell    |Count |
+------+--------+------+
|1     |CARRY4  |     1|
|2     |LUT1    |     2|
|3     |LUT2    |    17|
|4     |LUT3    |   151|
|5     |LUT4    |    27|
|6     |LUT5    |    50|
|7     |LUT6    |   150|
|8     |MUXF7   |    32|
|9     |SRLC32E |    33|
|10    |FDRE    |   519|
|11    |FDSE    |     2|
+------+--------+------+
---------------------------------------------------------------------------------
Finished Writing Synthesis Report : Time (s): cpu = 00:01:23 ; elapsed = 00:01:39 . Memory (MB): peak = 1299.039 ; gain = 65.422
---------------------------------------------------------------------------------
Synthesis finished with 0 errors, 0 critical warnings and 0 warnings.
Synthesis Optimization Runtime : Time (s): cpu = 00:00:47 ; elapsed = 00:01:32 . Memory (MB): peak = 1299.039 ; gain = 23.840
Synthesis Optimization Complete : Time (s): cpu = 00:01:24 ; elapsed = 00:01:39 . Memory (MB): peak = 1299.039 ; gain = 65.422
INFO: [Project 1-571] Translating synthesized netlist
Netlist sorting complete. Time (s): cpu = 00:00:00 ; elapsed = 00:00:00.076 . Memory (MB): peak = 1299.039 ; gain = 0.000
INFO: [Netlist 29-17] Analyzing 33 Unisim elements for replacement
INFO: [Netlist 29-28] Unisim Transformation completed in 0 CPU seconds
INFO: [Project 1-570] Preparing netlist for logic optimization
INFO: [Opt 31-138] Pushed 0 inverter(s) to 0 load pin(s).
Netlist sorting complete. Time (s): cpu = 00:00:00 ; elapsed = 00:00:00 . Memory (MB): peak = 1299.039 ; gain = 0.000
INFO: [Project 1-111] Unisim Transformation Summary:
No Unisim elements were transformed.

Synth Design complete, checksum: 2102344e
INFO: [Common 17-83] Releasing license: Synthesis
52 Infos, 5 Warnings, 0 Critical Warnings and 0 Errors encountered.
synth_design completed successfully
synth_design: Time (s): cpu = 00:01:32 ; elapsed = 00:01:52 . Memory (MB): peak = 1299.039 ; gain = 65.422
INFO: [Common 17-1381] The checkpoint 'C:/Xilinx/Vivado/2021.1/myDev/arty7_ethernet_v1/arty7_ethernet_v1/arty7_ethernet_v1.runs/design_1_auto_us_2_synth_1/design_1_auto_us_2.dcp' has been generated.
INFO: [Coretcl 2-1648] Added synthesis output to IP cache for IP design_1_auto_us_2, cache-ID = dd27f77c618c3fcd
INFO: [Coretcl 2-1174] Renamed 9 cell refs.
INFO: [Common 17-1381] The checkpoint 'C:/Xilinx/Vivado/2021.1/myDev/arty7_ethernet_v1/arty7_ethernet_v1/arty7_ethernet_v1.runs/design_1_auto_us_2_synth_1/design_1_auto_us_2.dcp' has been generated.
INFO: [runtcl-4] Executing : report_utilization -file design_1_auto_us_2_utilization_synth.rpt -pb design_1_auto_us_2_utilization_synth.pb
INFO: [Common 17-206] Exiting Vivado at Sat Sep 11 10:34:31 2021...
