
*** Running vivado
    with args -log design_1_wrapper.vds -m64 -product Vivado -mode batch -messageDb vivado.pb -notrace -source design_1_wrapper.tcl



****** Vivado v2021.1 (64-bit)
  **** SW Build 3247384 on Thu Jun 10 19:36:33 MDT 2021
  **** IP Build 3246043 on Fri Jun 11 00:30:35 MDT 2021
    ** Copyright 1986-2021 Xilinx, Inc. All Rights Reserved.

source design_1_wrapper.tcl -notrace
WARNING: [Vivado 12-9135] Ignoring repo path (C:/Users/Vincent C:/Xilinx/Vivado/2021.1/myDev/arty7_ethernet_v1/arty7_ethernet_v1/arty7_ethernet_v1.runs/synth_1/Gosselin/AppData/Roaming/Xilinx/Vivado/2021.1/xhub/board_store/xilinx_board_store) because it contains no board files
INFO: [IP_Flow 19-234] Refreshing IP repositories
INFO: [IP_Flow 19-1704] No user IP repositories specified
INFO: [IP_Flow 19-2313] Loaded Vivado IP repository 'C:/Xilinx/Vivado/2021.1/data/ip'.
add_files: Time (s): cpu = 00:00:05 ; elapsed = 00:00:06 . Memory (MB): peak = 1236.945 ; gain = 0.000
Command: synth_design -top design_1_wrapper -part xc7a100tcsg324-1
Starting synth_design
Attempting to get a license for feature 'Synthesis' and/or device 'xc7a100t'
INFO: [Common 17-349] Got license for feature 'Synthesis' and/or device 'xc7a100t'
INFO: [Device 21-403] Loading part xc7a100tcsg324-1
INFO: [Synth 8-7079] Multithreading enabled for synth_design using a maximum of 2 processes.
INFO: [Synth 8-7078] Launching helper process for spawning children vivado processes
INFO: [Synth 8-7075] Helper process launched with PID 11788
---------------------------------------------------------------------------------
Starting RTL Elaboration : Time (s): cpu = 00:00:04 ; elapsed = 00:00:05 . Memory (MB): peak = 1236.945 ; gain = 0.000
---------------------------------------------------------------------------------
INFO: [Synth 8-638] synthesizing module 'design_1_wrapper' [C:/Xilinx/Vivado/2021.1/myDev/arty7_ethernet_v1/arty7_ethernet_v1/arty7_ethernet_v1.gen/sources_1/bd/design_1/hdl/design_1_wrapper.vhd:51]
INFO: [Synth 8-3491] module 'design_1' declared at 'c:/Xilinx/Vivado/2021.1/myDev/arty7_ethernet_v1/arty7_ethernet_v1/arty7_ethernet_v1.gen/sources_1/bd/design_1/synth/design_1.vhd:5544' bound to instance 'design_1_i' of component 'design_1' [C:/Xilinx/Vivado/2021.1/myDev/arty7_ethernet_v1/arty7_ethernet_v1/arty7_ethernet_v1.gen/sources_1/bd/design_1/hdl/design_1_wrapper.vhd:102]
INFO: [Synth 8-638] synthesizing module 'design_1' [c:/Xilinx/Vivado/2021.1/myDev/arty7_ethernet_v1/arty7_ethernet_v1/arty7_ethernet_v1.gen/sources_1/bd/design_1/synth/design_1.vhd:5587]
INFO: [Synth 8-3491] module 'design_1_axi_ethernetlite_0_0' declared at 'C:/Xilinx/Vivado/2021.1/myDev/arty7_ethernet_v1/arty7_ethernet_v1/arty7_ethernet_v1.runs/synth_1/.Xil/Vivado-11680-DESKTOP-9PMV8VL/realtime/design_1_axi_ethernetlite_0_0_stub.vhdl:5' bound to instance 'axi_ethernetlite_0' of component 'design_1_axi_ethernetlite_0_0' [c:/Xilinx/Vivado/2021.1/myDev/arty7_ethernet_v1/arty7_ethernet_v1/arty7_ethernet_v1.gen/sources_1/bd/design_1/synth/design_1.vhd:6302]
INFO: [Synth 8-638] synthesizing module 'design_1_axi_ethernetlite_0_0' [C:/Xilinx/Vivado/2021.1/myDev/arty7_ethernet_v1/arty7_ethernet_v1/arty7_ethernet_v1.runs/synth_1/.Xil/Vivado-11680-DESKTOP-9PMV8VL/realtime/design_1_axi_ethernetlite_0_0_stub.vhdl:45]
INFO: [Synth 8-3491] module 'design_1_axi_timer_0_0' declared at 'C:/Xilinx/Vivado/2021.1/myDev/arty7_ethernet_v1/arty7_ethernet_v1/arty7_ethernet_v1.runs/synth_1/.Xil/Vivado-11680-DESKTOP-9PMV8VL/realtime/design_1_axi_timer_0_0_stub.vhdl:5' bound to instance 'axi_timer_0' of component 'design_1_axi_timer_0_0' [c:/Xilinx/Vivado/2021.1/myDev/arty7_ethernet_v1/arty7_ethernet_v1/arty7_ethernet_v1.gen/sources_1/bd/design_1/synth/design_1.vhd:6339]
INFO: [Synth 8-638] synthesizing module 'design_1_axi_timer_0_0' [C:/Xilinx/Vivado/2021.1/myDev/arty7_ethernet_v1/arty7_ethernet_v1/arty7_ethernet_v1.runs/synth_1/.Xil/Vivado-11680-DESKTOP-9PMV8VL/realtime/design_1_axi_timer_0_0_stub.vhdl:37]
INFO: [Synth 8-3491] module 'design_1_axi_uartlite_0_0' declared at 'C:/Xilinx/Vivado/2021.1/myDev/arty7_ethernet_v1/arty7_ethernet_v1/arty7_ethernet_v1.runs/synth_1/.Xil/Vivado-11680-DESKTOP-9PMV8VL/realtime/design_1_axi_uartlite_0_0_stub.vhdl:5' bound to instance 'axi_uartlite_0' of component 'design_1_axi_uartlite_0_0' [c:/Xilinx/Vivado/2021.1/myDev/arty7_ethernet_v1/arty7_ethernet_v1/arty7_ethernet_v1.gen/sources_1/bd/design_1/synth/design_1.vhd:6368]
INFO: [Synth 8-638] synthesizing module 'design_1_axi_uartlite_0_0' [C:/Xilinx/Vivado/2021.1/myDev/arty7_ethernet_v1/arty7_ethernet_v1/arty7_ethernet_v1.runs/synth_1/.Xil/Vivado-11680-DESKTOP-9PMV8VL/realtime/design_1_axi_uartlite_0_0_stub.vhdl:33]
INFO: [Synth 8-3491] module 'design_1_clk_wiz_0_0' declared at 'C:/Xilinx/Vivado/2021.1/myDev/arty7_ethernet_v1/arty7_ethernet_v1/arty7_ethernet_v1.runs/synth_1/.Xil/Vivado-11680-DESKTOP-9PMV8VL/realtime/design_1_clk_wiz_0_0_stub.vhdl:5' bound to instance 'clk_wiz_0' of component 'design_1_clk_wiz_0_0' [c:/Xilinx/Vivado/2021.1/myDev/arty7_ethernet_v1/arty7_ethernet_v1/arty7_ethernet_v1.gen/sources_1/bd/design_1/synth/design_1.vhd:6393]
INFO: [Synth 8-638] synthesizing module 'design_1_clk_wiz_0_0' [C:/Xilinx/Vivado/2021.1/myDev/arty7_ethernet_v1/arty7_ethernet_v1/arty7_ethernet_v1.runs/synth_1/.Xil/Vivado-11680-DESKTOP-9PMV8VL/realtime/design_1_clk_wiz_0_0_stub.vhdl:17]
INFO: [Synth 8-3491] module 'design_1_mdm_1_0' declared at 'C:/Xilinx/Vivado/2021.1/myDev/arty7_ethernet_v1/arty7_ethernet_v1/arty7_ethernet_v1.runs/synth_1/.Xil/Vivado-11680-DESKTOP-9PMV8VL/realtime/design_1_mdm_1_0_stub.vhdl:5' bound to instance 'mdm_1' of component 'design_1_mdm_1_0' [c:/Xilinx/Vivado/2021.1/myDev/arty7_ethernet_v1/arty7_ethernet_v1/arty7_ethernet_v1.gen/sources_1/bd/design_1/synth/design_1.vhd:6402]
INFO: [Synth 8-638] synthesizing module 'design_1_mdm_1_0' [C:/Xilinx/Vivado/2021.1/myDev/arty7_ethernet_v1/arty7_ethernet_v1/arty7_ethernet_v1.runs/synth_1/.Xil/Vivado-11680-DESKTOP-9PMV8VL/realtime/design_1_mdm_1_0_stub.vhdl:21]
INFO: [Synth 8-3491] module 'design_1_microblaze_0_0' declared at 'C:/Xilinx/Vivado/2021.1/myDev/arty7_ethernet_v1/arty7_ethernet_v1/arty7_ethernet_v1.runs/synth_1/.Xil/Vivado-11680-DESKTOP-9PMV8VL/realtime/design_1_microblaze_0_0_stub.vhdl:5' bound to instance 'microblaze_0' of component 'design_1_microblaze_0_0' [c:/Xilinx/Vivado/2021.1/myDev/arty7_ethernet_v1/arty7_ethernet_v1/arty7_ethernet_v1.gen/sources_1/bd/design_1/synth/design_1.vhd:6415]
INFO: [Synth 8-638] synthesizing module 'design_1_microblaze_0_0' [C:/Xilinx/Vivado/2021.1/myDev/arty7_ethernet_v1/arty7_ethernet_v1/arty7_ethernet_v1.runs/synth_1/.Xil/Vivado-11680-DESKTOP-9PMV8VL/realtime/design_1_microblaze_0_0_stub.vhdl:137]
INFO: [Synth 8-3491] module 'design_1_microblaze_0_axi_intc_0' declared at 'C:/Xilinx/Vivado/2021.1/myDev/arty7_ethernet_v1/arty7_ethernet_v1/arty7_ethernet_v1.runs/synth_1/.Xil/Vivado-11680-DESKTOP-9PMV8VL/realtime/design_1_microblaze_0_axi_intc_0_stub.vhdl:5' bound to instance 'microblaze_0_axi_intc' of component 'design_1_microblaze_0_axi_intc_0' [c:/Xilinx/Vivado/2021.1/myDev/arty7_ethernet_v1/arty7_ethernet_v1/arty7_ethernet_v1.gen/sources_1/bd/design_1/synth/design_1.vhd:6575]
INFO: [Synth 8-638] synthesizing module 'design_1_microblaze_0_axi_intc_0' [C:/Xilinx/Vivado/2021.1/myDev/arty7_ethernet_v1/arty7_ethernet_v1/arty7_ethernet_v1.runs/synth_1/.Xil/Vivado-11680-DESKTOP-9PMV8VL/realtime/design_1_microblaze_0_axi_intc_0_stub.vhdl:36]
INFO: [Synth 8-638] synthesizing module 'design_1_microblaze_0_axi_periph_0' [c:/Xilinx/Vivado/2021.1/myDev/arty7_ethernet_v1/arty7_ethernet_v1/arty7_ethernet_v1.gen/sources_1/bd/design_1/synth/design_1.vhd:4020]
INFO: [Synth 8-638] synthesizing module 'm00_couplers_imp_8RVYHO' [c:/Xilinx/Vivado/2021.1/myDev/arty7_ethernet_v1/arty7_ethernet_v1/arty7_ethernet_v1.gen/sources_1/bd/design_1/synth/design_1.vhd:79]
INFO: [Synth 8-3491] module 'design_1_auto_ds_0' declared at 'C:/Xilinx/Vivado/2021.1/myDev/arty7_ethernet_v1/arty7_ethernet_v1/arty7_ethernet_v1.runs/synth_1/.Xil/Vivado-11680-DESKTOP-9PMV8VL/realtime/design_1_auto_ds_0_stub.vhdl:5' bound to instance 'auto_ds' of component 'design_1_auto_ds_0' [c:/Xilinx/Vivado/2021.1/myDev/arty7_ethernet_v1/arty7_ethernet_v1/arty7_ethernet_v1.gen/sources_1/bd/design_1/synth/design_1.vhd:374]
INFO: [Synth 8-638] synthesizing module 'design_1_auto_ds_0' [C:/Xilinx/Vivado/2021.1/myDev/arty7_ethernet_v1/arty7_ethernet_v1/arty7_ethernet_v1.runs/synth_1/.Xil/Vivado-11680-DESKTOP-9PMV8VL/realtime/design_1_auto_ds_0_stub.vhdl:87]
INFO: [Synth 8-3491] module 'design_1_auto_pc_0' declared at 'C:/Xilinx/Vivado/2021.1/myDev/arty7_ethernet_v1/arty7_ethernet_v1/arty7_ethernet_v1.runs/synth_1/.Xil/Vivado-11680-DESKTOP-9PMV8VL/realtime/design_1_auto_pc_0_stub.vhdl:5' bound to instance 'auto_pc' of component 'design_1_auto_pc_0' [c:/Xilinx/Vivado/2021.1/myDev/arty7_ethernet_v1/arty7_ethernet_v1/arty7_ethernet_v1.gen/sources_1/bd/design_1/synth/design_1.vhd:453]
INFO: [Synth 8-638] synthesizing module 'design_1_auto_pc_0' [C:/Xilinx/Vivado/2021.1/myDev/arty7_ethernet_v1/arty7_ethernet_v1/arty7_ethernet_v1.runs/synth_1/.Xil/Vivado-11680-DESKTOP-9PMV8VL/realtime/design_1_auto_pc_0_stub.vhdl:67]
INFO: [Synth 8-256] done synthesizing module 'm00_couplers_imp_8RVYHO' (1#1) [c:/Xilinx/Vivado/2021.1/myDev/arty7_ethernet_v1/arty7_ethernet_v1/arty7_ethernet_v1.gen/sources_1/bd/design_1/synth/design_1.vhd:79]
INFO: [Synth 8-638] synthesizing module 'm01_couplers_imp_1UTB3Y5' [c:/Xilinx/Vivado/2021.1/myDev/arty7_ethernet_v1/arty7_ethernet_v1/arty7_ethernet_v1.gen/sources_1/bd/design_1/synth/design_1.vhd:582]
INFO: [Synth 8-3491] module 'design_1_auto_ds_1' declared at 'C:/Xilinx/Vivado/2021.1/myDev/arty7_ethernet_v1/arty7_ethernet_v1/arty7_ethernet_v1.runs/synth_1/.Xil/Vivado-11680-DESKTOP-9PMV8VL/realtime/design_1_auto_ds_1_stub.vhdl:5' bound to instance 'auto_ds' of component 'design_1_auto_ds_1' [c:/Xilinx/Vivado/2021.1/myDev/arty7_ethernet_v1/arty7_ethernet_v1/arty7_ethernet_v1.gen/sources_1/bd/design_1/synth/design_1.vhd:877]
INFO: [Synth 8-638] synthesizing module 'design_1_auto_ds_1' [C:/Xilinx/Vivado/2021.1/myDev/arty7_ethernet_v1/arty7_ethernet_v1/arty7_ethernet_v1.runs/synth_1/.Xil/Vivado-11680-DESKTOP-9PMV8VL/realtime/design_1_auto_ds_1_stub.vhdl:87]
INFO: [Synth 8-3491] module 'design_1_auto_pc_1' declared at 'C:/Xilinx/Vivado/2021.1/myDev/arty7_ethernet_v1/arty7_ethernet_v1/arty7_ethernet_v1.runs/synth_1/.Xil/Vivado-11680-DESKTOP-9PMV8VL/realtime/design_1_auto_pc_1_stub.vhdl:5' bound to instance 'auto_pc' of component 'design_1_auto_pc_1' [c:/Xilinx/Vivado/2021.1/myDev/arty7_ethernet_v1/arty7_ethernet_v1/arty7_ethernet_v1.gen/sources_1/bd/design_1/synth/design_1.vhd:956]
INFO: [Synth 8-638] synthesizing module 'design_1_auto_pc_1' [C:/Xilinx/Vivado/2021.1/myDev/arty7_ethernet_v1/arty7_ethernet_v1/arty7_ethernet_v1.runs/synth_1/.Xil/Vivado-11680-DESKTOP-9PMV8VL/realtime/design_1_auto_pc_1_stub.vhdl:67]
INFO: [Synth 8-256] done synthesizing module 'm01_couplers_imp_1UTB3Y5' (2#1) [c:/Xilinx/Vivado/2021.1/myDev/arty7_ethernet_v1/arty7_ethernet_v1/arty7_ethernet_v1.gen/sources_1/bd/design_1/synth/design_1.vhd:582]
INFO: [Synth 8-638] synthesizing module 'm02_couplers_imp_7ANRHB' [c:/Xilinx/Vivado/2021.1/myDev/arty7_ethernet_v1/arty7_ethernet_v1/arty7_ethernet_v1.gen/sources_1/bd/design_1/synth/design_1.vhd:1085]
INFO: [Synth 8-3491] module 'design_1_auto_ds_2' declared at 'C:/Xilinx/Vivado/2021.1/myDev/arty7_ethernet_v1/arty7_ethernet_v1/arty7_ethernet_v1.runs/synth_1/.Xil/Vivado-11680-DESKTOP-9PMV8VL/realtime/design_1_auto_ds_2_stub.vhdl:5' bound to instance 'auto_ds' of component 'design_1_auto_ds_2' [c:/Xilinx/Vivado/2021.1/myDev/arty7_ethernet_v1/arty7_ethernet_v1/arty7_ethernet_v1.gen/sources_1/bd/design_1/synth/design_1.vhd:1380]
INFO: [Synth 8-638] synthesizing module 'design_1_auto_ds_2' [C:/Xilinx/Vivado/2021.1/myDev/arty7_ethernet_v1/arty7_ethernet_v1/arty7_ethernet_v1.runs/synth_1/.Xil/Vivado-11680-DESKTOP-9PMV8VL/realtime/design_1_auto_ds_2_stub.vhdl:87]
INFO: [Synth 8-3491] module 'design_1_auto_pc_2' declared at 'C:/Xilinx/Vivado/2021.1/myDev/arty7_ethernet_v1/arty7_ethernet_v1/arty7_ethernet_v1.runs/synth_1/.Xil/Vivado-11680-DESKTOP-9PMV8VL/realtime/design_1_auto_pc_2_stub.vhdl:5' bound to instance 'auto_pc' of component 'design_1_auto_pc_2' [c:/Xilinx/Vivado/2021.1/myDev/arty7_ethernet_v1/arty7_ethernet_v1/arty7_ethernet_v1.gen/sources_1/bd/design_1/synth/design_1.vhd:1459]
INFO: [Synth 8-638] synthesizing module 'design_1_auto_pc_2' [C:/Xilinx/Vivado/2021.1/myDev/arty7_ethernet_v1/arty7_ethernet_v1/arty7_ethernet_v1.runs/synth_1/.Xil/Vivado-11680-DESKTOP-9PMV8VL/realtime/design_1_auto_pc_2_stub.vhdl:67]
INFO: [Synth 8-256] done synthesizing module 'm02_couplers_imp_7ANRHB' (3#1) [c:/Xilinx/Vivado/2021.1/myDev/arty7_ethernet_v1/arty7_ethernet_v1/arty7_ethernet_v1.gen/sources_1/bd/design_1/synth/design_1.vhd:1085]
INFO: [Synth 8-638] synthesizing module 'm03_couplers_imp_1W07O72' [c:/Xilinx/Vivado/2021.1/myDev/arty7_ethernet_v1/arty7_ethernet_v1/arty7_ethernet_v1.gen/sources_1/bd/design_1/synth/design_1.vhd:1588]
INFO: [Synth 8-3491] module 'design_1_auto_ds_3' declared at 'C:/Xilinx/Vivado/2021.1/myDev/arty7_ethernet_v1/arty7_ethernet_v1/arty7_ethernet_v1.runs/synth_1/.Xil/Vivado-11680-DESKTOP-9PMV8VL/realtime/design_1_auto_ds_3_stub.vhdl:5' bound to instance 'auto_ds' of component 'design_1_auto_ds_3' [c:/Xilinx/Vivado/2021.1/myDev/arty7_ethernet_v1/arty7_ethernet_v1/arty7_ethernet_v1.gen/sources_1/bd/design_1/synth/design_1.vhd:1883]
INFO: [Synth 8-638] synthesizing module 'design_1_auto_ds_3' [C:/Xilinx/Vivado/2021.1/myDev/arty7_ethernet_v1/arty7_ethernet_v1/arty7_ethernet_v1.runs/synth_1/.Xil/Vivado-11680-DESKTOP-9PMV8VL/realtime/design_1_auto_ds_3_stub.vhdl:87]
INFO: [Synth 8-3491] module 'design_1_auto_pc_3' declared at 'C:/Xilinx/Vivado/2021.1/myDev/arty7_ethernet_v1/arty7_ethernet_v1/arty7_ethernet_v1.runs/synth_1/.Xil/Vivado-11680-DESKTOP-9PMV8VL/realtime/design_1_auto_pc_3_stub.vhdl:5' bound to instance 'auto_pc' of component 'design_1_auto_pc_3' [c:/Xilinx/Vivado/2021.1/myDev/arty7_ethernet_v1/arty7_ethernet_v1/arty7_ethernet_v1.gen/sources_1/bd/design_1/synth/design_1.vhd:1962]
INFO: [Synth 8-638] synthesizing module 'design_1_auto_pc_3' [C:/Xilinx/Vivado/2021.1/myDev/arty7_ethernet_v1/arty7_ethernet_v1/arty7_ethernet_v1.runs/synth_1/.Xil/Vivado-11680-DESKTOP-9PMV8VL/realtime/design_1_auto_pc_3_stub.vhdl:67]
INFO: [Synth 8-256] done synthesizing module 'm03_couplers_imp_1W07O72' (4#1) [c:/Xilinx/Vivado/2021.1/myDev/arty7_ethernet_v1/arty7_ethernet_v1/arty7_ethernet_v1.gen/sources_1/bd/design_1/synth/design_1.vhd:1588]
INFO: [Synth 8-638] synthesizing module 'm04_couplers_imp_5LX7BU' [c:/Xilinx/Vivado/2021.1/myDev/arty7_ethernet_v1/arty7_ethernet_v1/arty7_ethernet_v1.gen/sources_1/bd/design_1/synth/design_1.vhd:2109]
INFO: [Synth 8-256] done synthesizing module 'm04_couplers_imp_5LX7BU' (5#1) [c:/Xilinx/Vivado/2021.1/myDev/arty7_ethernet_v1/arty7_ethernet_v1/arty7_ethernet_v1.gen/sources_1/bd/design_1/synth/design_1.vhd:2109]
INFO: [Synth 8-638] synthesizing module 's00_couplers_imp_1RZP34U' [c:/Xilinx/Vivado/2021.1/myDev/arty7_ethernet_v1/arty7_ethernet_v1/arty7_ethernet_v1.gen/sources_1/bd/design_1/synth/design_1.vhd:2846]
INFO: [Synth 8-3491] module 'design_1_auto_pc_4' declared at 'C:/Xilinx/Vivado/2021.1/myDev/arty7_ethernet_v1/arty7_ethernet_v1/arty7_ethernet_v1.runs/synth_1/.Xil/Vivado-11680-DESKTOP-9PMV8VL/realtime/design_1_auto_pc_4_stub.vhdl:5' bound to instance 'auto_pc' of component 'design_1_auto_pc_4' [c:/Xilinx/Vivado/2021.1/myDev/arty7_ethernet_v1/arty7_ethernet_v1/arty7_ethernet_v1.gen/sources_1/bd/design_1/synth/design_1.vhd:3129]
INFO: [Synth 8-638] synthesizing module 'design_1_auto_pc_4' [C:/Xilinx/Vivado/2021.1/myDev/arty7_ethernet_v1/arty7_ethernet_v1/arty7_ethernet_v1.runs/synth_1/.Xil/Vivado-11680-DESKTOP-9PMV8VL/realtime/design_1_auto_pc_4_stub.vhdl:67]
INFO: [Synth 8-3491] module 'design_1_auto_us_0' declared at 'C:/Xilinx/Vivado/2021.1/myDev/arty7_ethernet_v1/arty7_ethernet_v1/arty7_ethernet_v1.runs/synth_1/.Xil/Vivado-11680-DESKTOP-9PMV8VL/realtime/design_1_auto_us_0_stub.vhdl:5' bound to instance 'auto_us' of component 'design_1_auto_us_0' [c:/Xilinx/Vivado/2021.1/myDev/arty7_ethernet_v1/arty7_ethernet_v1/arty7_ethernet_v1.gen/sources_1/bd/design_1/synth/design_1.vhd:3188]
INFO: [Synth 8-638] synthesizing module 'design_1_auto_us_0' [C:/Xilinx/Vivado/2021.1/myDev/arty7_ethernet_v1/arty7_ethernet_v1/arty7_ethernet_v1.runs/synth_1/.Xil/Vivado-11680-DESKTOP-9PMV8VL/realtime/design_1_auto_us_0_stub.vhdl:83]
INFO: [Synth 8-256] done synthesizing module 's00_couplers_imp_1RZP34U' (6#1) [c:/Xilinx/Vivado/2021.1/myDev/arty7_ethernet_v1/arty7_ethernet_v1/arty7_ethernet_v1.gen/sources_1/bd/design_1/synth/design_1.vhd:2846]
INFO: [Synth 8-638] synthesizing module 's01_couplers_imp_2REGHR' [c:/Xilinx/Vivado/2021.1/myDev/arty7_ethernet_v1/arty7_ethernet_v1/arty7_ethernet_v1.gen/sources_1/bd/design_1/synth/design_1.vhd:3343]
INFO: [Synth 8-3491] module 'design_1_auto_us_1' declared at 'C:/Xilinx/Vivado/2021.1/myDev/arty7_ethernet_v1/arty7_ethernet_v1/arty7_ethernet_v1.runs/synth_1/.Xil/Vivado-11680-DESKTOP-9PMV8VL/realtime/design_1_auto_us_1_stub.vhdl:5' bound to instance 'auto_us' of component 'design_1_auto_us_1' [c:/Xilinx/Vivado/2021.1/myDev/arty7_ethernet_v1/arty7_ethernet_v1/arty7_ethernet_v1.gen/sources_1/bd/design_1/synth/design_1.vhd:3559]
INFO: [Synth 8-638] synthesizing module 'design_1_auto_us_1' [C:/Xilinx/Vivado/2021.1/myDev/arty7_ethernet_v1/arty7_ethernet_v1/arty7_ethernet_v1.runs/synth_1/.Xil/Vivado-11680-DESKTOP-9PMV8VL/realtime/design_1_auto_us_1_stub.vhdl:83]
INFO: [Synth 8-256] done synthesizing module 's01_couplers_imp_2REGHR' (7#1) [c:/Xilinx/Vivado/2021.1/myDev/arty7_ethernet_v1/arty7_ethernet_v1/arty7_ethernet_v1.gen/sources_1/bd/design_1/synth/design_1.vhd:3343]
INFO: [Synth 8-638] synthesizing module 's02_couplers_imp_1R40M8T' [c:/Xilinx/Vivado/2021.1/myDev/arty7_ethernet_v1/arty7_ethernet_v1/arty7_ethernet_v1.gen/sources_1/bd/design_1/synth/design_1.vhd:3678]
INFO: [Synth 8-3491] module 'design_1_auto_us_2' declared at 'C:/Xilinx/Vivado/2021.1/myDev/arty7_ethernet_v1/arty7_ethernet_v1/arty7_ethernet_v1.runs/synth_1/.Xil/Vivado-11680-DESKTOP-9PMV8VL/realtime/design_1_auto_us_2_stub.vhdl:5' bound to instance 'auto_us' of component 'design_1_auto_us_2' [c:/Xilinx/Vivado/2021.1/myDev/arty7_ethernet_v1/arty7_ethernet_v1/arty7_ethernet_v1.gen/sources_1/bd/design_1/synth/design_1.vhd:3783]
INFO: [Synth 8-638] synthesizing module 'design_1_auto_us_2' [C:/Xilinx/Vivado/2021.1/myDev/arty7_ethernet_v1/arty7_ethernet_v1/arty7_ethernet_v1.runs/synth_1/.Xil/Vivado-11680-DESKTOP-9PMV8VL/realtime/design_1_auto_us_2_stub.vhdl:45]
INFO: [Synth 8-256] done synthesizing module 's02_couplers_imp_1R40M8T' (8#1) [c:/Xilinx/Vivado/2021.1/myDev/arty7_ethernet_v1/arty7_ethernet_v1/arty7_ethernet_v1.gen/sources_1/bd/design_1/synth/design_1.vhd:3678]
INFO: [Synth 8-3491] module 'design_1_xbar_0' declared at 'C:/Xilinx/Vivado/2021.1/myDev/arty7_ethernet_v1/arty7_ethernet_v1/arty7_ethernet_v1.runs/synth_1/.Xil/Vivado-11680-DESKTOP-9PMV8VL/realtime/design_1_xbar_0_stub.vhdl:5' bound to instance 'xbar' of component 'design_1_xbar_0' [c:/Xilinx/Vivado/2021.1/myDev/arty7_ethernet_v1/arty7_ethernet_v1/arty7_ethernet_v1.gen/sources_1/bd/design_1/synth/design_1.vhd:5236]
INFO: [Synth 8-638] synthesizing module 'design_1_xbar_0' [C:/Xilinx/Vivado/2021.1/myDev/arty7_ethernet_v1/arty7_ethernet_v1/arty7_ethernet_v1.runs/synth_1/.Xil/Vivado-11680-DESKTOP-9PMV8VL/realtime/design_1_xbar_0_stub.vhdl:89]
INFO: [Synth 8-256] done synthesizing module 'design_1_microblaze_0_axi_periph_0' (9#1) [c:/Xilinx/Vivado/2021.1/myDev/arty7_ethernet_v1/arty7_ethernet_v1/arty7_ethernet_v1.gen/sources_1/bd/design_1/synth/design_1.vhd:4020]
INFO: [Synth 8-638] synthesizing module 'microblaze_0_local_memory_imp_1K0VQXK' [c:/Xilinx/Vivado/2021.1/myDev/arty7_ethernet_v1/arty7_ethernet_v1/arty7_ethernet_v1.gen/sources_1/bd/design_1/synth/design_1.vhd:2253]
INFO: [Synth 8-3491] module 'design_1_dlmb_bram_if_cntlr_0' declared at 'C:/Xilinx/Vivado/2021.1/myDev/arty7_ethernet_v1/arty7_ethernet_v1/arty7_ethernet_v1.runs/synth_1/.Xil/Vivado-11680-DESKTOP-9PMV8VL/realtime/design_1_dlmb_bram_if_cntlr_0_stub.vhdl:5' bound to instance 'dlmb_bram_if_cntlr' of component 'design_1_dlmb_bram_if_cntlr_0' [c:/Xilinx/Vivado/2021.1/myDev/arty7_ethernet_v1/arty7_ethernet_v1/arty7_ethernet_v1.gen/sources_1/bd/design_1/synth/design_1.vhd:2467]
INFO: [Synth 8-638] synthesizing module 'design_1_dlmb_bram_if_cntlr_0' [C:/Xilinx/Vivado/2021.1/myDev/arty7_ethernet_v1/arty7_ethernet_v1/arty7_ethernet_v1.runs/synth_1/.Xil/Vivado-11680-DESKTOP-9PMV8VL/realtime/design_1_dlmb_bram_if_cntlr_0_stub.vhdl:31]
INFO: [Synth 8-3491] module 'design_1_dlmb_v10_0' declared at 'C:/Xilinx/Vivado/2021.1/myDev/arty7_ethernet_v1/arty7_ethernet_v1/arty7_ethernet_v1.runs/synth_1/.Xil/Vivado-11680-DESKTOP-9PMV8VL/realtime/design_1_dlmb_v10_0_stub.vhdl:5' bound to instance 'dlmb_v10' of component 'design_1_dlmb_v10_0' [c:/Xilinx/Vivado/2021.1/myDev/arty7_ethernet_v1/arty7_ethernet_v1/arty7_ethernet_v1.gen/sources_1/bd/design_1/synth/design_1.vhd:2521]
INFO: [Synth 8-638] synthesizing module 'design_1_dlmb_v10_0' [C:/Xilinx/Vivado/2021.1/myDev/arty7_ethernet_v1/arty7_ethernet_v1/arty7_ethernet_v1.runs/synth_1/.Xil/Vivado-11680-DESKTOP-9PMV8VL/realtime/design_1_dlmb_v10_0_stub.vhdl:36]
INFO: [Synth 8-3491] module 'design_1_ilmb_bram_if_cntlr_0' declared at 'C:/Xilinx/Vivado/2021.1/myDev/arty7_ethernet_v1/arty7_ethernet_v1/arty7_ethernet_v1.runs/synth_1/.Xil/Vivado-11680-DESKTOP-9PMV8VL/realtime/design_1_ilmb_bram_if_cntlr_0_stub.vhdl:5' bound to instance 'ilmb_bram_if_cntlr' of component 'design_1_ilmb_bram_if_cntlr_0' [c:/Xilinx/Vivado/2021.1/myDev/arty7_ethernet_v1/arty7_ethernet_v1/arty7_ethernet_v1.gen/sources_1/bd/design_1/synth/design_1.vhd:2549]
INFO: [Synth 8-638] synthesizing module 'design_1_ilmb_bram_if_cntlr_0' [C:/Xilinx/Vivado/2021.1/myDev/arty7_ethernet_v1/arty7_ethernet_v1/arty7_ethernet_v1.runs/synth_1/.Xil/Vivado-11680-DESKTOP-9PMV8VL/realtime/design_1_ilmb_bram_if_cntlr_0_stub.vhdl:31]
INFO: [Synth 8-3491] module 'design_1_ilmb_v10_0' declared at 'C:/Xilinx/Vivado/2021.1/myDev/arty7_ethernet_v1/arty7_ethernet_v1/arty7_ethernet_v1.runs/synth_1/.Xil/Vivado-11680-DESKTOP-9PMV8VL/realtime/design_1_ilmb_v10_0_stub.vhdl:5' bound to instance 'ilmb_v10' of component 'design_1_ilmb_v10_0' [c:/Xilinx/Vivado/2021.1/myDev/arty7_ethernet_v1/arty7_ethernet_v1/arty7_ethernet_v1.gen/sources_1/bd/design_1/synth/design_1.vhd:2603]
INFO: [Synth 8-638] synthesizing module 'design_1_ilmb_v10_0' [C:/Xilinx/Vivado/2021.1/myDev/arty7_ethernet_v1/arty7_ethernet_v1/arty7_ethernet_v1.runs/synth_1/.Xil/Vivado-11680-DESKTOP-9PMV8VL/realtime/design_1_ilmb_v10_0_stub.vhdl:36]
INFO: [Synth 8-3491] module 'design_1_lmb_bram_0' declared at 'C:/Xilinx/Vivado/2021.1/myDev/arty7_ethernet_v1/arty7_ethernet_v1/arty7_ethernet_v1.runs/synth_1/.Xil/Vivado-11680-DESKTOP-9PMV8VL/realtime/design_1_lmb_bram_0_stub.vhdl:5' bound to instance 'lmb_bram' of component 'design_1_lmb_bram_0' [c:/Xilinx/Vivado/2021.1/myDev/arty7_ethernet_v1/arty7_ethernet_v1/arty7_ethernet_v1.gen/sources_1/bd/design_1/synth/design_1.vhd:2631]
INFO: [Synth 8-638] synthesizing module 'design_1_lmb_bram_0' [C:/Xilinx/Vivado/2021.1/myDev/arty7_ethernet_v1/arty7_ethernet_v1/arty7_ethernet_v1.runs/synth_1/.Xil/Vivado-11680-DESKTOP-9PMV8VL/realtime/design_1_lmb_bram_0_stub.vhdl:27]
INFO: [Synth 8-256] done synthesizing module 'microblaze_0_local_memory_imp_1K0VQXK' (10#1) [c:/Xilinx/Vivado/2021.1/myDev/arty7_ethernet_v1/arty7_ethernet_v1/arty7_ethernet_v1.gen/sources_1/bd/design_1/synth/design_1.vhd:2253]
INFO: [Synth 8-3491] module 'design_1_microblaze_0_xlconcat_0' declared at 'c:/Xilinx/Vivado/2021.1/myDev/arty7_ethernet_v1/arty7_ethernet_v1/arty7_ethernet_v1.gen/sources_1/bd/design_1/ip/design_1_microblaze_0_xlconcat_0/synth/design_1_microblaze_0_xlconcat_0.v:60' bound to instance 'microblaze_0_xlconcat' of component 'design_1_microblaze_0_xlconcat_0' [c:/Xilinx/Vivado/2021.1/myDev/arty7_ethernet_v1/arty7_ethernet_v1/arty7_ethernet_v1.gen/sources_1/bd/design_1/synth/design_1.vhd:6821]
INFO: [Synth 8-6157] synthesizing module 'design_1_microblaze_0_xlconcat_0' [c:/Xilinx/Vivado/2021.1/myDev/arty7_ethernet_v1/arty7_ethernet_v1/arty7_ethernet_v1.gen/sources_1/bd/design_1/ip/design_1_microblaze_0_xlconcat_0/synth/design_1_microblaze_0_xlconcat_0.v:60]
INFO: [Synth 8-6157] synthesizing module 'xlconcat_v2_1_4_xlconcat' [c:/Xilinx/Vivado/2021.1/myDev/arty7_ethernet_v1/arty7_ethernet_v1/arty7_ethernet_v1.gen/sources_1/bd/design_1/ipshared/4b67/hdl/xlconcat_v2_1_vl_rfs.v:14]
INFO: [Synth 8-6155] done synthesizing module 'xlconcat_v2_1_4_xlconcat' (11#1) [c:/Xilinx/Vivado/2021.1/myDev/arty7_ethernet_v1/arty7_ethernet_v1/arty7_ethernet_v1.gen/sources_1/bd/design_1/ipshared/4b67/hdl/xlconcat_v2_1_vl_rfs.v:14]
INFO: [Synth 8-6155] done synthesizing module 'design_1_microblaze_0_xlconcat_0' (12#1) [c:/Xilinx/Vivado/2021.1/myDev/arty7_ethernet_v1/arty7_ethernet_v1/arty7_ethernet_v1.gen/sources_1/bd/design_1/ip/design_1_microblaze_0_xlconcat_0/synth/design_1_microblaze_0_xlconcat_0.v:60]
WARNING: [Synth 8-5640] Port 'app_sr_active' is missing in component declaration [c:/Xilinx/Vivado/2021.1/myDev/arty7_ethernet_v1/arty7_ethernet_v1/arty7_ethernet_v1.gen/sources_1/bd/design_1/synth/design_1.vhd:5598]
WARNING: [Synth 8-5640] Port 'app_ref_ack' is missing in component declaration [c:/Xilinx/Vivado/2021.1/myDev/arty7_ethernet_v1/arty7_ethernet_v1/arty7_ethernet_v1.gen/sources_1/bd/design_1/synth/design_1.vhd:5598]
WARNING: [Synth 8-5640] Port 'app_zq_ack' is missing in component declaration [c:/Xilinx/Vivado/2021.1/myDev/arty7_ethernet_v1/arty7_ethernet_v1/arty7_ethernet_v1.gen/sources_1/bd/design_1/synth/design_1.vhd:5598]
WARNING: [Synth 8-5640] Port 'device_temp' is missing in component declaration [c:/Xilinx/Vivado/2021.1/myDev/arty7_ethernet_v1/arty7_ethernet_v1/arty7_ethernet_v1.gen/sources_1/bd/design_1/synth/design_1.vhd:5598]
INFO: [Synth 8-3491] module 'design_1_mig_7series_0_0' declared at 'C:/Xilinx/Vivado/2021.1/myDev/arty7_ethernet_v1/arty7_ethernet_v1/arty7_ethernet_v1.runs/synth_1/.Xil/Vivado-11680-DESKTOP-9PMV8VL/realtime/design_1_mig_7series_0_0_stub.vhdl:5' bound to instance 'mig_7series_0' of component 'design_1_mig_7series_0_0' [c:/Xilinx/Vivado/2021.1/myDev/arty7_ethernet_v1/arty7_ethernet_v1/arty7_ethernet_v1.gen/sources_1/bd/design_1/synth/design_1.vhd:6827]
INFO: [Synth 8-638] synthesizing module 'design_1_mig_7series_0_0' [C:/Xilinx/Vivado/2021.1/myDev/arty7_ethernet_v1/arty7_ethernet_v1/arty7_ethernet_v1.runs/synth_1/.Xil/Vivado-11680-DESKTOP-9PMV8VL/realtime/design_1_mig_7series_0_0_stub.vhdl:75]
INFO: [Synth 8-3491] module 'design_1_rst_mig_7series_0_83M_0' declared at 'C:/Xilinx/Vivado/2021.1/myDev/arty7_ethernet_v1/arty7_ethernet_v1/arty7_ethernet_v1.runs/synth_1/.Xil/Vivado-11680-DESKTOP-9PMV8VL/realtime/design_1_rst_mig_7series_0_83M_0_stub.vhdl:5' bound to instance 'rst_mig_7series_0_83M' of component 'design_1_rst_mig_7series_0_83M_0' [c:/Xilinx/Vivado/2021.1/myDev/arty7_ethernet_v1/arty7_ethernet_v1/arty7_ethernet_v1.gen/sources_1/bd/design_1/synth/design_1.vhd:6890]
INFO: [Synth 8-638] synthesizing module 'design_1_rst_mig_7series_0_83M_0' [C:/Xilinx/Vivado/2021.1/myDev/arty7_ethernet_v1/arty7_ethernet_v1/arty7_ethernet_v1.runs/synth_1/.Xil/Vivado-11680-DESKTOP-9PMV8VL/realtime/design_1_rst_mig_7series_0_83M_0_stub.vhdl:21]
INFO: [Synth 8-256] done synthesizing module 'design_1' (13#1) [c:/Xilinx/Vivado/2021.1/myDev/arty7_ethernet_v1/arty7_ethernet_v1/arty7_ethernet_v1.gen/sources_1/bd/design_1/synth/design_1.vhd:5587]
INFO: [Synth 8-3491] module 'IOBUF' declared at 'C:/Xilinx/Vivado/2021.1/scripts/rt/data/unisim_comp.v:56188' bound to instance 'eth_mdio_mdc_mdio_iobuf' of component 'IOBUF' [C:/Xilinx/Vivado/2021.1/myDev/arty7_ethernet_v1/arty7_ethernet_v1/arty7_ethernet_v1.gen/sources_1/bd/design_1/hdl/design_1_wrapper.vhd:139]
INFO: [Synth 8-6157] synthesizing module 'IOBUF' [C:/Xilinx/Vivado/2021.1/scripts/rt/data/unisim_comp.v:56188]
INFO: [Synth 8-6155] done synthesizing module 'IOBUF' (14#1) [C:/Xilinx/Vivado/2021.1/scripts/rt/data/unisim_comp.v:56188]
INFO: [Synth 8-256] done synthesizing module 'design_1_wrapper' (15#1) [C:/Xilinx/Vivado/2021.1/myDev/arty7_ethernet_v1/arty7_ethernet_v1/arty7_ethernet_v1.gen/sources_1/bd/design_1/hdl/design_1_wrapper.vhd:51]
---------------------------------------------------------------------------------
Finished RTL Elaboration : Time (s): cpu = 00:00:07 ; elapsed = 00:00:07 . Memory (MB): peak = 1236.945 ; gain = 0.000
---------------------------------------------------------------------------------
---------------------------------------------------------------------------------
Start Handling Custom Attributes
---------------------------------------------------------------------------------
---------------------------------------------------------------------------------
Finished Handling Custom Attributes : Time (s): cpu = 00:00:07 ; elapsed = 00:00:08 . Memory (MB): peak = 1236.945 ; gain = 0.000
---------------------------------------------------------------------------------
---------------------------------------------------------------------------------
Finished RTL Optimization Phase 1 : Time (s): cpu = 00:00:07 ; elapsed = 00:00:08 . Memory (MB): peak = 1236.945 ; gain = 0.000
---------------------------------------------------------------------------------
Netlist sorting complete. Time (s): cpu = 00:00:00 ; elapsed = 00:00:00.147 . Memory (MB): peak = 1236.945 ; gain = 0.000
INFO: [Netlist 29-17] Analyzing 1 Unisim elements for replacement
INFO: [Netlist 29-28] Unisim Transformation completed in 0 CPU seconds
INFO: [Project 1-570] Preparing netlist for logic optimization

Processing XDC Constraints
Initializing timing engine
Parsing XDC File [c:/Xilinx/Vivado/2021.1/myDev/arty7_ethernet_v1/arty7_ethernet_v1/arty7_ethernet_v1.gen/sources_1/bd/design_1/ip/design_1_clk_wiz_0_0/design_1_clk_wiz_0_0/design_1_clk_wiz_0_0_in_context.xdc] for cell 'design_1_i/clk_wiz_0'
Finished Parsing XDC File [c:/Xilinx/Vivado/2021.1/myDev/arty7_ethernet_v1/arty7_ethernet_v1/arty7_ethernet_v1.gen/sources_1/bd/design_1/ip/design_1_clk_wiz_0_0/design_1_clk_wiz_0_0/design_1_clk_wiz_0_0_in_context.xdc] for cell 'design_1_i/clk_wiz_0'
Parsing XDC File [c:/Xilinx/Vivado/2021.1/myDev/arty7_ethernet_v1/arty7_ethernet_v1/arty7_ethernet_v1.gen/sources_1/bd/design_1/ip/design_1_mig_7series_0_0/design_1_mig_7series_0_0/design_1_mig_7series_0_0_in_context.xdc] for cell 'design_1_i/mig_7series_0'
Finished Parsing XDC File [c:/Xilinx/Vivado/2021.1/myDev/arty7_ethernet_v1/arty7_ethernet_v1/arty7_ethernet_v1.gen/sources_1/bd/design_1/ip/design_1_mig_7series_0_0/design_1_mig_7series_0_0/design_1_mig_7series_0_0_in_context.xdc] for cell 'design_1_i/mig_7series_0'
Parsing XDC File [c:/Xilinx/Vivado/2021.1/myDev/arty7_ethernet_v1/arty7_ethernet_v1/arty7_ethernet_v1.gen/sources_1/bd/design_1/ip/design_1_microblaze_0_0/design_1_microblaze_0_0/design_1_microblaze_0_0_in_context.xdc] for cell 'design_1_i/microblaze_0'
Finished Parsing XDC File [c:/Xilinx/Vivado/2021.1/myDev/arty7_ethernet_v1/arty7_ethernet_v1/arty7_ethernet_v1.gen/sources_1/bd/design_1/ip/design_1_microblaze_0_0/design_1_microblaze_0_0/design_1_microblaze_0_0_in_context.xdc] for cell 'design_1_i/microblaze_0'
Parsing XDC File [c:/Xilinx/Vivado/2021.1/myDev/arty7_ethernet_v1/arty7_ethernet_v1/arty7_ethernet_v1.gen/sources_1/bd/design_1/ip/design_1_dlmb_v10_0/design_1_dlmb_v10_0/design_1_ilmb_v10_0_in_context.xdc] for cell 'design_1_i/microblaze_0_local_memory/dlmb_v10'
Finished Parsing XDC File [c:/Xilinx/Vivado/2021.1/myDev/arty7_ethernet_v1/arty7_ethernet_v1/arty7_ethernet_v1.gen/sources_1/bd/design_1/ip/design_1_dlmb_v10_0/design_1_dlmb_v10_0/design_1_ilmb_v10_0_in_context.xdc] for cell 'design_1_i/microblaze_0_local_memory/dlmb_v10'
Parsing XDC File [c:/Xilinx/Vivado/2021.1/myDev/arty7_ethernet_v1/arty7_ethernet_v1/arty7_ethernet_v1.gen/sources_1/bd/design_1/ip/design_1_ilmb_v10_0/design_1_ilmb_v10_0/design_1_ilmb_v10_0_in_context.xdc] for cell 'design_1_i/microblaze_0_local_memory/ilmb_v10'
Finished Parsing XDC File [c:/Xilinx/Vivado/2021.1/myDev/arty7_ethernet_v1/arty7_ethernet_v1/arty7_ethernet_v1.gen/sources_1/bd/design_1/ip/design_1_ilmb_v10_0/design_1_ilmb_v10_0/design_1_ilmb_v10_0_in_context.xdc] for cell 'design_1_i/microblaze_0_local_memory/ilmb_v10'
Parsing XDC File [c:/Xilinx/Vivado/2021.1/myDev/arty7_ethernet_v1/arty7_ethernet_v1/arty7_ethernet_v1.gen/sources_1/bd/design_1/ip/design_1_dlmb_bram_if_cntlr_0/design_1_dlmb_bram_if_cntlr_0/design_1_dlmb_bram_if_cntlr_0_in_context.xdc] for cell 'design_1_i/microblaze_0_local_memory/dlmb_bram_if_cntlr'
Finished Parsing XDC File [c:/Xilinx/Vivado/2021.1/myDev/arty7_ethernet_v1/arty7_ethernet_v1/arty7_ethernet_v1.gen/sources_1/bd/design_1/ip/design_1_dlmb_bram_if_cntlr_0/design_1_dlmb_bram_if_cntlr_0/design_1_dlmb_bram_if_cntlr_0_in_context.xdc] for cell 'design_1_i/microblaze_0_local_memory/dlmb_bram_if_cntlr'
Parsing XDC File [c:/Xilinx/Vivado/2021.1/myDev/arty7_ethernet_v1/arty7_ethernet_v1/arty7_ethernet_v1.gen/sources_1/bd/design_1/ip/design_1_ilmb_bram_if_cntlr_0/design_1_ilmb_bram_if_cntlr_0/design_1_dlmb_bram_if_cntlr_0_in_context.xdc] for cell 'design_1_i/microblaze_0_local_memory/ilmb_bram_if_cntlr'
Finished Parsing XDC File [c:/Xilinx/Vivado/2021.1/myDev/arty7_ethernet_v1/arty7_ethernet_v1/arty7_ethernet_v1.gen/sources_1/bd/design_1/ip/design_1_ilmb_bram_if_cntlr_0/design_1_ilmb_bram_if_cntlr_0/design_1_dlmb_bram_if_cntlr_0_in_context.xdc] for cell 'design_1_i/microblaze_0_local_memory/ilmb_bram_if_cntlr'
Parsing XDC File [c:/Xilinx/Vivado/2021.1/myDev/arty7_ethernet_v1/arty7_ethernet_v1/arty7_ethernet_v1.gen/sources_1/bd/design_1/ip/design_1_lmb_bram_0/design_1_lmb_bram_0/design_1_lmb_bram_0_in_context.xdc] for cell 'design_1_i/microblaze_0_local_memory/lmb_bram'
Finished Parsing XDC File [c:/Xilinx/Vivado/2021.1/myDev/arty7_ethernet_v1/arty7_ethernet_v1/arty7_ethernet_v1.gen/sources_1/bd/design_1/ip/design_1_lmb_bram_0/design_1_lmb_bram_0/design_1_lmb_bram_0_in_context.xdc] for cell 'design_1_i/microblaze_0_local_memory/lmb_bram'
Parsing XDC File [c:/Xilinx/Vivado/2021.1/myDev/arty7_ethernet_v1/arty7_ethernet_v1/arty7_ethernet_v1.gen/sources_1/bd/design_1/ip/design_1_xbar_0/design_1_xbar_0/design_1_xbar_0_in_context.xdc] for cell 'design_1_i/microblaze_0_axi_periph/xbar'
Finished Parsing XDC File [c:/Xilinx/Vivado/2021.1/myDev/arty7_ethernet_v1/arty7_ethernet_v1/arty7_ethernet_v1.gen/sources_1/bd/design_1/ip/design_1_xbar_0/design_1_xbar_0/design_1_xbar_0_in_context.xdc] for cell 'design_1_i/microblaze_0_axi_periph/xbar'
Parsing XDC File [c:/Xilinx/Vivado/2021.1/myDev/arty7_ethernet_v1/arty7_ethernet_v1/arty7_ethernet_v1.gen/sources_1/bd/design_1/ip/design_1_auto_pc_4/design_1_auto_pc_4/design_1_auto_pc_4_in_context.xdc] for cell 'design_1_i/microblaze_0_axi_periph/s00_couplers/auto_pc'
Finished Parsing XDC File [c:/Xilinx/Vivado/2021.1/myDev/arty7_ethernet_v1/arty7_ethernet_v1/arty7_ethernet_v1.gen/sources_1/bd/design_1/ip/design_1_auto_pc_4/design_1_auto_pc_4/design_1_auto_pc_4_in_context.xdc] for cell 'design_1_i/microblaze_0_axi_periph/s00_couplers/auto_pc'
Parsing XDC File [c:/Xilinx/Vivado/2021.1/myDev/arty7_ethernet_v1/arty7_ethernet_v1/arty7_ethernet_v1.gen/sources_1/bd/design_1/ip/design_1_auto_us_0/design_1_auto_us_0/design_1_auto_us_0_in_context.xdc] for cell 'design_1_i/microblaze_0_axi_periph/s00_couplers/auto_us'
Finished Parsing XDC File [c:/Xilinx/Vivado/2021.1/myDev/arty7_ethernet_v1/arty7_ethernet_v1/arty7_ethernet_v1.gen/sources_1/bd/design_1/ip/design_1_auto_us_0/design_1_auto_us_0/design_1_auto_us_0_in_context.xdc] for cell 'design_1_i/microblaze_0_axi_periph/s00_couplers/auto_us'
Parsing XDC File [c:/Xilinx/Vivado/2021.1/myDev/arty7_ethernet_v1/arty7_ethernet_v1/arty7_ethernet_v1.gen/sources_1/bd/design_1/ip/design_1_auto_us_1/design_1_auto_us_1/design_1_auto_us_0_in_context.xdc] for cell 'design_1_i/microblaze_0_axi_periph/s01_couplers/auto_us'
Finished Parsing XDC File [c:/Xilinx/Vivado/2021.1/myDev/arty7_ethernet_v1/arty7_ethernet_v1/arty7_ethernet_v1.gen/sources_1/bd/design_1/ip/design_1_auto_us_1/design_1_auto_us_1/design_1_auto_us_0_in_context.xdc] for cell 'design_1_i/microblaze_0_axi_periph/s01_couplers/auto_us'
Parsing XDC File [c:/Xilinx/Vivado/2021.1/myDev/arty7_ethernet_v1/arty7_ethernet_v1/arty7_ethernet_v1.gen/sources_1/bd/design_1/ip/design_1_auto_us_2/design_1_auto_us_2/design_1_auto_us_2_in_context.xdc] for cell 'design_1_i/microblaze_0_axi_periph/s02_couplers/auto_us'
Finished Parsing XDC File [c:/Xilinx/Vivado/2021.1/myDev/arty7_ethernet_v1/arty7_ethernet_v1/arty7_ethernet_v1.gen/sources_1/bd/design_1/ip/design_1_auto_us_2/design_1_auto_us_2/design_1_auto_us_2_in_context.xdc] for cell 'design_1_i/microblaze_0_axi_periph/s02_couplers/auto_us'
Parsing XDC File [c:/Xilinx/Vivado/2021.1/myDev/arty7_ethernet_v1/arty7_ethernet_v1/arty7_ethernet_v1.gen/sources_1/bd/design_1/ip/design_1_auto_ds_0/design_1_auto_ds_0/design_1_auto_ds_3_in_context.xdc] for cell 'design_1_i/microblaze_0_axi_periph/m00_couplers/auto_ds'
Finished Parsing XDC File [c:/Xilinx/Vivado/2021.1/myDev/arty7_ethernet_v1/arty7_ethernet_v1/arty7_ethernet_v1.gen/sources_1/bd/design_1/ip/design_1_auto_ds_0/design_1_auto_ds_0/design_1_auto_ds_3_in_context.xdc] for cell 'design_1_i/microblaze_0_axi_periph/m00_couplers/auto_ds'
Parsing XDC File [c:/Xilinx/Vivado/2021.1/myDev/arty7_ethernet_v1/arty7_ethernet_v1/arty7_ethernet_v1.gen/sources_1/bd/design_1/ip/design_1_auto_pc_0/design_1_auto_pc_0/design_1_auto_pc_3_in_context.xdc] for cell 'design_1_i/microblaze_0_axi_periph/m00_couplers/auto_pc'
Finished Parsing XDC File [c:/Xilinx/Vivado/2021.1/myDev/arty7_ethernet_v1/arty7_ethernet_v1/arty7_ethernet_v1.gen/sources_1/bd/design_1/ip/design_1_auto_pc_0/design_1_auto_pc_0/design_1_auto_pc_3_in_context.xdc] for cell 'design_1_i/microblaze_0_axi_periph/m00_couplers/auto_pc'
Parsing XDC File [c:/Xilinx/Vivado/2021.1/myDev/arty7_ethernet_v1/arty7_ethernet_v1/arty7_ethernet_v1.gen/sources_1/bd/design_1/ip/design_1_auto_ds_1/design_1_auto_ds_1/design_1_auto_ds_1_in_context.xdc] for cell 'design_1_i/microblaze_0_axi_periph/m01_couplers/auto_ds'
Finished Parsing XDC File [c:/Xilinx/Vivado/2021.1/myDev/arty7_ethernet_v1/arty7_ethernet_v1/arty7_ethernet_v1.gen/sources_1/bd/design_1/ip/design_1_auto_ds_1/design_1_auto_ds_1/design_1_auto_ds_1_in_context.xdc] for cell 'design_1_i/microblaze_0_axi_periph/m01_couplers/auto_ds'
Parsing XDC File [c:/Xilinx/Vivado/2021.1/myDev/arty7_ethernet_v1/arty7_ethernet_v1/arty7_ethernet_v1.gen/sources_1/bd/design_1/ip/design_1_auto_pc_1/design_1_auto_pc_1/design_1_auto_pc_1_in_context.xdc] for cell 'design_1_i/microblaze_0_axi_periph/m01_couplers/auto_pc'
Finished Parsing XDC File [c:/Xilinx/Vivado/2021.1/myDev/arty7_ethernet_v1/arty7_ethernet_v1/arty7_ethernet_v1.gen/sources_1/bd/design_1/ip/design_1_auto_pc_1/design_1_auto_pc_1/design_1_auto_pc_1_in_context.xdc] for cell 'design_1_i/microblaze_0_axi_periph/m01_couplers/auto_pc'
Parsing XDC File [c:/Xilinx/Vivado/2021.1/myDev/arty7_ethernet_v1/arty7_ethernet_v1/arty7_ethernet_v1.gen/sources_1/bd/design_1/ip/design_1_auto_ds_2/design_1_auto_ds_2/design_1_auto_ds_3_in_context.xdc] for cell 'design_1_i/microblaze_0_axi_periph/m02_couplers/auto_ds'
Finished Parsing XDC File [c:/Xilinx/Vivado/2021.1/myDev/arty7_ethernet_v1/arty7_ethernet_v1/arty7_ethernet_v1.gen/sources_1/bd/design_1/ip/design_1_auto_ds_2/design_1_auto_ds_2/design_1_auto_ds_3_in_context.xdc] for cell 'design_1_i/microblaze_0_axi_periph/m02_couplers/auto_ds'
Parsing XDC File [c:/Xilinx/Vivado/2021.1/myDev/arty7_ethernet_v1/arty7_ethernet_v1/arty7_ethernet_v1.gen/sources_1/bd/design_1/ip/design_1_auto_pc_2/design_1_auto_pc_2/design_1_auto_pc_3_in_context.xdc] for cell 'design_1_i/microblaze_0_axi_periph/m02_couplers/auto_pc'
Finished Parsing XDC File [c:/Xilinx/Vivado/2021.1/myDev/arty7_ethernet_v1/arty7_ethernet_v1/arty7_ethernet_v1.gen/sources_1/bd/design_1/ip/design_1_auto_pc_2/design_1_auto_pc_2/design_1_auto_pc_3_in_context.xdc] for cell 'design_1_i/microblaze_0_axi_periph/m02_couplers/auto_pc'
Parsing XDC File [c:/Xilinx/Vivado/2021.1/myDev/arty7_ethernet_v1/arty7_ethernet_v1/arty7_ethernet_v1.gen/sources_1/bd/design_1/ip/design_1_auto_ds_3/design_1_auto_ds_3/design_1_auto_ds_3_in_context.xdc] for cell 'design_1_i/microblaze_0_axi_periph/m03_couplers/auto_ds'
Finished Parsing XDC File [c:/Xilinx/Vivado/2021.1/myDev/arty7_ethernet_v1/arty7_ethernet_v1/arty7_ethernet_v1.gen/sources_1/bd/design_1/ip/design_1_auto_ds_3/design_1_auto_ds_3/design_1_auto_ds_3_in_context.xdc] for cell 'design_1_i/microblaze_0_axi_periph/m03_couplers/auto_ds'
Parsing XDC File [c:/Xilinx/Vivado/2021.1/myDev/arty7_ethernet_v1/arty7_ethernet_v1/arty7_ethernet_v1.gen/sources_1/bd/design_1/ip/design_1_auto_pc_3/design_1_auto_pc_3/design_1_auto_pc_3_in_context.xdc] for cell 'design_1_i/microblaze_0_axi_periph/m03_couplers/auto_pc'
Finished Parsing XDC File [c:/Xilinx/Vivado/2021.1/myDev/arty7_ethernet_v1/arty7_ethernet_v1/arty7_ethernet_v1.gen/sources_1/bd/design_1/ip/design_1_auto_pc_3/design_1_auto_pc_3/design_1_auto_pc_3_in_context.xdc] for cell 'design_1_i/microblaze_0_axi_periph/m03_couplers/auto_pc'
Parsing XDC File [c:/Xilinx/Vivado/2021.1/myDev/arty7_ethernet_v1/arty7_ethernet_v1/arty7_ethernet_v1.gen/sources_1/bd/design_1/ip/design_1_microblaze_0_axi_intc_0/design_1_microblaze_0_axi_intc_0/design_1_microblaze_0_axi_intc_0_in_context.xdc] for cell 'design_1_i/microblaze_0_axi_intc'
Finished Parsing XDC File [c:/Xilinx/Vivado/2021.1/myDev/arty7_ethernet_v1/arty7_ethernet_v1/arty7_ethernet_v1.gen/sources_1/bd/design_1/ip/design_1_microblaze_0_axi_intc_0/design_1_microblaze_0_axi_intc_0/design_1_microblaze_0_axi_intc_0_in_context.xdc] for cell 'design_1_i/microblaze_0_axi_intc'
Parsing XDC File [c:/Xilinx/Vivado/2021.1/myDev/arty7_ethernet_v1/arty7_ethernet_v1/arty7_ethernet_v1.gen/sources_1/bd/design_1/ip/design_1_mdm_1_0/design_1_mdm_1_0/design_1_mdm_1_0_in_context.xdc] for cell 'design_1_i/mdm_1'
Finished Parsing XDC File [c:/Xilinx/Vivado/2021.1/myDev/arty7_ethernet_v1/arty7_ethernet_v1/arty7_ethernet_v1.gen/sources_1/bd/design_1/ip/design_1_mdm_1_0/design_1_mdm_1_0/design_1_mdm_1_0_in_context.xdc] for cell 'design_1_i/mdm_1'
Parsing XDC File [c:/Xilinx/Vivado/2021.1/myDev/arty7_ethernet_v1/arty7_ethernet_v1/arty7_ethernet_v1.gen/sources_1/bd/design_1/ip/design_1_rst_mig_7series_0_83M_0/design_1_rst_mig_7series_0_83M_0/design_1_rst_mig_7series_0_83M_0_in_context.xdc] for cell 'design_1_i/rst_mig_7series_0_83M'
Finished Parsing XDC File [c:/Xilinx/Vivado/2021.1/myDev/arty7_ethernet_v1/arty7_ethernet_v1/arty7_ethernet_v1.gen/sources_1/bd/design_1/ip/design_1_rst_mig_7series_0_83M_0/design_1_rst_mig_7series_0_83M_0/design_1_rst_mig_7series_0_83M_0_in_context.xdc] for cell 'design_1_i/rst_mig_7series_0_83M'
Parsing XDC File [c:/Xilinx/Vivado/2021.1/myDev/arty7_ethernet_v1/arty7_ethernet_v1/arty7_ethernet_v1.gen/sources_1/bd/design_1/ip/design_1_axi_uartlite_0_0/design_1_axi_uartlite_0_0/design_1_axi_uartlite_0_0_in_context.xdc] for cell 'design_1_i/axi_uartlite_0'
Finished Parsing XDC File [c:/Xilinx/Vivado/2021.1/myDev/arty7_ethernet_v1/arty7_ethernet_v1/arty7_ethernet_v1.gen/sources_1/bd/design_1/ip/design_1_axi_uartlite_0_0/design_1_axi_uartlite_0_0/design_1_axi_uartlite_0_0_in_context.xdc] for cell 'design_1_i/axi_uartlite_0'
Parsing XDC File [c:/Xilinx/Vivado/2021.1/myDev/arty7_ethernet_v1/arty7_ethernet_v1/arty7_ethernet_v1.gen/sources_1/bd/design_1/ip/design_1_axi_ethernetlite_0_0/design_1_axi_ethernetlite_0_0/design_1_axi_ethernetlite_0_0_in_context.xdc] for cell 'design_1_i/axi_ethernetlite_0'
Finished Parsing XDC File [c:/Xilinx/Vivado/2021.1/myDev/arty7_ethernet_v1/arty7_ethernet_v1/arty7_ethernet_v1.gen/sources_1/bd/design_1/ip/design_1_axi_ethernetlite_0_0/design_1_axi_ethernetlite_0_0/design_1_axi_ethernetlite_0_0_in_context.xdc] for cell 'design_1_i/axi_ethernetlite_0'
Parsing XDC File [c:/Xilinx/Vivado/2021.1/myDev/arty7_ethernet_v1/arty7_ethernet_v1/arty7_ethernet_v1.gen/sources_1/bd/design_1/ip/design_1_axi_timer_0_0/design_1_axi_timer_0_0/design_1_axi_timer_0_0_in_context.xdc] for cell 'design_1_i/axi_timer_0'
Finished Parsing XDC File [c:/Xilinx/Vivado/2021.1/myDev/arty7_ethernet_v1/arty7_ethernet_v1/arty7_ethernet_v1.gen/sources_1/bd/design_1/ip/design_1_axi_timer_0_0/design_1_axi_timer_0_0/design_1_axi_timer_0_0_in_context.xdc] for cell 'design_1_i/axi_timer_0'
Parsing XDC File [C:/Xilinx/Vivado/2021.1/myDev/arty7_ethernet_v1/arty7_ethernet_v1/arty7_ethernet_v1.srcs/constrs_1/new/eth_ref_clk.xdc]
Finished Parsing XDC File [C:/Xilinx/Vivado/2021.1/myDev/arty7_ethernet_v1/arty7_ethernet_v1/arty7_ethernet_v1.srcs/constrs_1/new/eth_ref_clk.xdc]
INFO: [Project 1-236] Implementation specific constraints were found while reading constraint file [C:/Xilinx/Vivado/2021.1/myDev/arty7_ethernet_v1/arty7_ethernet_v1/arty7_ethernet_v1.srcs/constrs_1/new/eth_ref_clk.xdc]. These constraints will be ignored for synthesis but will be used in implementation. Impacted constraints are listed in the file [.Xil/design_1_wrapper_propImpl.xdc].
Resolution: To avoid this warning, move constraints listed in [.Xil/design_1_wrapper_propImpl.xdc] to another XDC file and exclude this new file from synthesis with the used_in_synthesis property (File Properties dialog in GUI) and re-run elaboration/synthesis.
Parsing XDC File [C:/Xilinx/Vivado/2021.1/myDev/arty7_ethernet_v1/arty7_ethernet_v1/arty7_ethernet_v1.runs/synth_1/dont_touch.xdc]
Finished Parsing XDC File [C:/Xilinx/Vivado/2021.1/myDev/arty7_ethernet_v1/arty7_ethernet_v1/arty7_ethernet_v1.runs/synth_1/dont_touch.xdc]
Completed Processing XDC Constraints

Netlist sorting complete. Time (s): cpu = 00:00:00 ; elapsed = 00:00:00.001 . Memory (MB): peak = 1238.254 ; gain = 0.000
INFO: [Project 1-111] Unisim Transformation Summary:
  A total of 1 instances were transformed.
  IOBUF => IOBUF (IBUF, OBUFT): 1 instance 

Constraint Validation Runtime : Time (s): cpu = 00:00:00 ; elapsed = 00:00:00.012 . Memory (MB): peak = 1238.254 ; gain = 0.000
WARNING: [Timing 38-316] Clock period '20.000' specified during out-of-context synthesis of instance 'design_1_i/microblaze_0_local_memory/lmb_bram' at clock pin 'clka' is different from the actual clock period '12.000', this can lead to different synthesis results.
---------------------------------------------------------------------------------
Finished Constraint Validation : Time (s): cpu = 00:00:15 ; elapsed = 00:00:17 . Memory (MB): peak = 1250.430 ; gain = 13.484
---------------------------------------------------------------------------------
---------------------------------------------------------------------------------
Start Loading Part and Timing Information
---------------------------------------------------------------------------------
Loading part: xc7a100tcsg324-1
---------------------------------------------------------------------------------
Finished Loading Part and Timing Information : Time (s): cpu = 00:00:15 ; elapsed = 00:00:17 . Memory (MB): peak = 1250.430 ; gain = 13.484
---------------------------------------------------------------------------------
---------------------------------------------------------------------------------
Start Applying 'set_property' XDC Constraints
---------------------------------------------------------------------------------
Applied set_property IO_BUFFER_TYPE = NONE for sys_clock. (constraint file  c:/Xilinx/Vivado/2021.1/myDev/arty7_ethernet_v1/arty7_ethernet_v1/arty7_ethernet_v1.gen/sources_1/bd/design_1/ip/design_1_clk_wiz_0_0/design_1_clk_wiz_0_0/design_1_clk_wiz_0_0_in_context.xdc, line 5).
Applied set_property CLOCK_BUFFER_TYPE = NONE for sys_clock. (constraint file  c:/Xilinx/Vivado/2021.1/myDev/arty7_ethernet_v1/arty7_ethernet_v1/arty7_ethernet_v1.gen/sources_1/bd/design_1/ip/design_1_clk_wiz_0_0/design_1_clk_wiz_0_0/design_1_clk_wiz_0_0_in_context.xdc, line 6).
Applied set_property IO_BUFFER_TYPE = NONE for ddr3_sdram_addr[0]. (constraint file  c:/Xilinx/Vivado/2021.1/myDev/arty7_ethernet_v1/arty7_ethernet_v1/arty7_ethernet_v1.gen/sources_1/bd/design_1/ip/design_1_mig_7series_0_0/design_1_mig_7series_0_0/design_1_mig_7series_0_0_in_context.xdc, line 2).
Applied set_property CLOCK_BUFFER_TYPE = NONE for ddr3_sdram_addr[0]. (constraint file  c:/Xilinx/Vivado/2021.1/myDev/arty7_ethernet_v1/arty7_ethernet_v1/arty7_ethernet_v1.gen/sources_1/bd/design_1/ip/design_1_mig_7series_0_0/design_1_mig_7series_0_0/design_1_mig_7series_0_0_in_context.xdc, line 3).
Applied set_property IO_BUFFER_TYPE = NONE for ddr3_sdram_addr[10]. (constraint file  c:/Xilinx/Vivado/2021.1/myDev/arty7_ethernet_v1/arty7_ethernet_v1/arty7_ethernet_v1.gen/sources_1/bd/design_1/ip/design_1_mig_7series_0_0/design_1_mig_7series_0_0/design_1_mig_7series_0_0_in_context.xdc, line 4).
Applied set_property CLOCK_BUFFER_TYPE = NONE for ddr3_sdram_addr[10]. (constraint file  c:/Xilinx/Vivado/2021.1/myDev/arty7_ethernet_v1/arty7_ethernet_v1/arty7_ethernet_v1.gen/sources_1/bd/design_1/ip/design_1_mig_7series_0_0/design_1_mig_7series_0_0/design_1_mig_7series_0_0_in_context.xdc, line 5).
Applied set_property IO_BUFFER_TYPE = NONE for ddr3_sdram_addr[11]. (constraint file  c:/Xilinx/Vivado/2021.1/myDev/arty7_ethernet_v1/arty7_ethernet_v1/arty7_ethernet_v1.gen/sources_1/bd/design_1/ip/design_1_mig_7series_0_0/design_1_mig_7series_0_0/design_1_mig_7series_0_0_in_context.xdc, line 6).
Applied set_property CLOCK_BUFFER_TYPE = NONE for ddr3_sdram_addr[11]. (constraint file  c:/Xilinx/Vivado/2021.1/myDev/arty7_ethernet_v1/arty7_ethernet_v1/arty7_ethernet_v1.gen/sources_1/bd/design_1/ip/design_1_mig_7series_0_0/design_1_mig_7series_0_0/design_1_mig_7series_0_0_in_context.xdc, line 7).
Applied set_property IO_BUFFER_TYPE = NONE for ddr3_sdram_addr[12]. (constraint file  c:/Xilinx/Vivado/2021.1/myDev/arty7_ethernet_v1/arty7_ethernet_v1/arty7_ethernet_v1.gen/sources_1/bd/design_1/ip/design_1_mig_7series_0_0/design_1_mig_7series_0_0/design_1_mig_7series_0_0_in_context.xdc, line 8).
Applied set_property CLOCK_BUFFER_TYPE = NONE for ddr3_sdram_addr[12]. (constraint file  c:/Xilinx/Vivado/2021.1/myDev/arty7_ethernet_v1/arty7_ethernet_v1/arty7_ethernet_v1.gen/sources_1/bd/design_1/ip/design_1_mig_7series_0_0/design_1_mig_7series_0_0/design_1_mig_7series_0_0_in_context.xdc, line 9).
Applied set_property IO_BUFFER_TYPE = NONE for ddr3_sdram_addr[13]. (constraint file  c:/Xilinx/Vivado/2021.1/myDev/arty7_ethernet_v1/arty7_ethernet_v1/arty7_ethernet_v1.gen/sources_1/bd/design_1/ip/design_1_mig_7series_0_0/design_1_mig_7series_0_0/design_1_mig_7series_0_0_in_context.xdc, line 10).
Applied set_property CLOCK_BUFFER_TYPE = NONE for ddr3_sdram_addr[13]. (constraint file  c:/Xilinx/Vivado/2021.1/myDev/arty7_ethernet_v1/arty7_ethernet_v1/arty7_ethernet_v1.gen/sources_1/bd/design_1/ip/design_1_mig_7series_0_0/design_1_mig_7series_0_0/design_1_mig_7series_0_0_in_context.xdc, line 11).
Applied set_property IO_BUFFER_TYPE = NONE for ddr3_sdram_addr[1]. (constraint file  c:/Xilinx/Vivado/2021.1/myDev/arty7_ethernet_v1/arty7_ethernet_v1/arty7_ethernet_v1.gen/sources_1/bd/design_1/ip/design_1_mig_7series_0_0/design_1_mig_7series_0_0/design_1_mig_7series_0_0_in_context.xdc, line 12).
Applied set_property CLOCK_BUFFER_TYPE = NONE for ddr3_sdram_addr[1]. (constraint file  c:/Xilinx/Vivado/2021.1/myDev/arty7_ethernet_v1/arty7_ethernet_v1/arty7_ethernet_v1.gen/sources_1/bd/design_1/ip/design_1_mig_7series_0_0/design_1_mig_7series_0_0/design_1_mig_7series_0_0_in_context.xdc, line 13).
Applied set_property IO_BUFFER_TYPE = NONE for ddr3_sdram_addr[2]. (constraint file  c:/Xilinx/Vivado/2021.1/myDev/arty7_ethernet_v1/arty7_ethernet_v1/arty7_ethernet_v1.gen/sources_1/bd/design_1/ip/design_1_mig_7series_0_0/design_1_mig_7series_0_0/design_1_mig_7series_0_0_in_context.xdc, line 14).
Applied set_property CLOCK_BUFFER_TYPE = NONE for ddr3_sdram_addr[2]. (constraint file  c:/Xilinx/Vivado/2021.1/myDev/arty7_ethernet_v1/arty7_ethernet_v1/arty7_ethernet_v1.gen/sources_1/bd/design_1/ip/design_1_mig_7series_0_0/design_1_mig_7series_0_0/design_1_mig_7series_0_0_in_context.xdc, line 15).
Applied set_property IO_BUFFER_TYPE = NONE for ddr3_sdram_addr[3]. (constraint file  c:/Xilinx/Vivado/2021.1/myDev/arty7_ethernet_v1/arty7_ethernet_v1/arty7_ethernet_v1.gen/sources_1/bd/design_1/ip/design_1_mig_7series_0_0/design_1_mig_7series_0_0/design_1_mig_7series_0_0_in_context.xdc, line 16).
Applied set_property CLOCK_BUFFER_TYPE = NONE for ddr3_sdram_addr[3]. (constraint file  c:/Xilinx/Vivado/2021.1/myDev/arty7_ethernet_v1/arty7_ethernet_v1/arty7_ethernet_v1.gen/sources_1/bd/design_1/ip/design_1_mig_7series_0_0/design_1_mig_7series_0_0/design_1_mig_7series_0_0_in_context.xdc, line 17).
Applied set_property IO_BUFFER_TYPE = NONE for ddr3_sdram_addr[4]. (constraint file  c:/Xilinx/Vivado/2021.1/myDev/arty7_ethernet_v1/arty7_ethernet_v1/arty7_ethernet_v1.gen/sources_1/bd/design_1/ip/design_1_mig_7series_0_0/design_1_mig_7series_0_0/design_1_mig_7series_0_0_in_context.xdc, line 18).
Applied set_property CLOCK_BUFFER_TYPE = NONE for ddr3_sdram_addr[4]. (constraint file  c:/Xilinx/Vivado/2021.1/myDev/arty7_ethernet_v1/arty7_ethernet_v1/arty7_ethernet_v1.gen/sources_1/bd/design_1/ip/design_1_mig_7series_0_0/design_1_mig_7series_0_0/design_1_mig_7series_0_0_in_context.xdc, line 19).
Applied set_property IO_BUFFER_TYPE = NONE for ddr3_sdram_addr[5]. (constraint file  c:/Xilinx/Vivado/2021.1/myDev/arty7_ethernet_v1/arty7_ethernet_v1/arty7_ethernet_v1.gen/sources_1/bd/design_1/ip/design_1_mig_7series_0_0/design_1_mig_7series_0_0/design_1_mig_7series_0_0_in_context.xdc, line 20).
Applied set_property CLOCK_BUFFER_TYPE = NONE for ddr3_sdram_addr[5]. (constraint file  c:/Xilinx/Vivado/2021.1/myDev/arty7_ethernet_v1/arty7_ethernet_v1/arty7_ethernet_v1.gen/sources_1/bd/design_1/ip/design_1_mig_7series_0_0/design_1_mig_7series_0_0/design_1_mig_7series_0_0_in_context.xdc, line 21).
Applied set_property IO_BUFFER_TYPE = NONE for ddr3_sdram_addr[6]. (constraint file  c:/Xilinx/Vivado/2021.1/myDev/arty7_ethernet_v1/arty7_ethernet_v1/arty7_ethernet_v1.gen/sources_1/bd/design_1/ip/design_1_mig_7series_0_0/design_1_mig_7series_0_0/design_1_mig_7series_0_0_in_context.xdc, line 22).
Applied set_property CLOCK_BUFFER_TYPE = NONE for ddr3_sdram_addr[6]. (constraint file  c:/Xilinx/Vivado/2021.1/myDev/arty7_ethernet_v1/arty7_ethernet_v1/arty7_ethernet_v1.gen/sources_1/bd/design_1/ip/design_1_mig_7series_0_0/design_1_mig_7series_0_0/design_1_mig_7series_0_0_in_context.xdc, line 23).
Applied set_property IO_BUFFER_TYPE = NONE for ddr3_sdram_addr[7]. (constraint file  c:/Xilinx/Vivado/2021.1/myDev/arty7_ethernet_v1/arty7_ethernet_v1/arty7_ethernet_v1.gen/sources_1/bd/design_1/ip/design_1_mig_7series_0_0/design_1_mig_7series_0_0/design_1_mig_7series_0_0_in_context.xdc, line 24).
Applied set_property CLOCK_BUFFER_TYPE = NONE for ddr3_sdram_addr[7]. (constraint file  c:/Xilinx/Vivado/2021.1/myDev/arty7_ethernet_v1/arty7_ethernet_v1/arty7_ethernet_v1.gen/sources_1/bd/design_1/ip/design_1_mig_7series_0_0/design_1_mig_7series_0_0/design_1_mig_7series_0_0_in_context.xdc, line 25).
Applied set_property IO_BUFFER_TYPE = NONE for ddr3_sdram_addr[8]. (constraint file  c:/Xilinx/Vivado/2021.1/myDev/arty7_ethernet_v1/arty7_ethernet_v1/arty7_ethernet_v1.gen/sources_1/bd/design_1/ip/design_1_mig_7series_0_0/design_1_mig_7series_0_0/design_1_mig_7series_0_0_in_context.xdc, line 26).
Applied set_property CLOCK_BUFFER_TYPE = NONE for ddr3_sdram_addr[8]. (constraint file  c:/Xilinx/Vivado/2021.1/myDev/arty7_ethernet_v1/arty7_ethernet_v1/arty7_ethernet_v1.gen/sources_1/bd/design_1/ip/design_1_mig_7series_0_0/design_1_mig_7series_0_0/design_1_mig_7series_0_0_in_context.xdc, line 27).
Applied set_property IO_BUFFER_TYPE = NONE for ddr3_sdram_addr[9]. (constraint file  c:/Xilinx/Vivado/2021.1/myDev/arty7_ethernet_v1/arty7_ethernet_v1/arty7_ethernet_v1.gen/sources_1/bd/design_1/ip/design_1_mig_7series_0_0/design_1_mig_7series_0_0/design_1_mig_7series_0_0_in_context.xdc, line 28).
Applied set_property CLOCK_BUFFER_TYPE = NONE for ddr3_sdram_addr[9]. (constraint file  c:/Xilinx/Vivado/2021.1/myDev/arty7_ethernet_v1/arty7_ethernet_v1/arty7_ethernet_v1.gen/sources_1/bd/design_1/ip/design_1_mig_7series_0_0/design_1_mig_7series_0_0/design_1_mig_7series_0_0_in_context.xdc, line 29).
Applied set_property IO_BUFFER_TYPE = NONE for ddr3_sdram_ba[0]. (constraint file  c:/Xilinx/Vivado/2021.1/myDev/arty7_ethernet_v1/arty7_ethernet_v1/arty7_ethernet_v1.gen/sources_1/bd/design_1/ip/design_1_mig_7series_0_0/design_1_mig_7series_0_0/design_1_mig_7series_0_0_in_context.xdc, line 30).
Applied set_property CLOCK_BUFFER_TYPE = NONE for ddr3_sdram_ba[0]. (constraint file  c:/Xilinx/Vivado/2021.1/myDev/arty7_ethernet_v1/arty7_ethernet_v1/arty7_ethernet_v1.gen/sources_1/bd/design_1/ip/design_1_mig_7series_0_0/design_1_mig_7series_0_0/design_1_mig_7series_0_0_in_context.xdc, line 31).
Applied set_property IO_BUFFER_TYPE = NONE for ddr3_sdram_ba[1]. (constraint file  c:/Xilinx/Vivado/2021.1/myDev/arty7_ethernet_v1/arty7_ethernet_v1/arty7_ethernet_v1.gen/sources_1/bd/design_1/ip/design_1_mig_7series_0_0/design_1_mig_7series_0_0/design_1_mig_7series_0_0_in_context.xdc, line 32).
Applied set_property CLOCK_BUFFER_TYPE = NONE for ddr3_sdram_ba[1]. (constraint file  c:/Xilinx/Vivado/2021.1/myDev/arty7_ethernet_v1/arty7_ethernet_v1/arty7_ethernet_v1.gen/sources_1/bd/design_1/ip/design_1_mig_7series_0_0/design_1_mig_7series_0_0/design_1_mig_7series_0_0_in_context.xdc, line 33).
Applied set_property IO_BUFFER_TYPE = NONE for ddr3_sdram_ba[2]. (constraint file  c:/Xilinx/Vivado/2021.1/myDev/arty7_ethernet_v1/arty7_ethernet_v1/arty7_ethernet_v1.gen/sources_1/bd/design_1/ip/design_1_mig_7series_0_0/design_1_mig_7series_0_0/design_1_mig_7series_0_0_in_context.xdc, line 34).
Applied set_property CLOCK_BUFFER_TYPE = NONE for ddr3_sdram_ba[2]. (constraint file  c:/Xilinx/Vivado/2021.1/myDev/arty7_ethernet_v1/arty7_ethernet_v1/arty7_ethernet_v1.gen/sources_1/bd/design_1/ip/design_1_mig_7series_0_0/design_1_mig_7series_0_0/design_1_mig_7series_0_0_in_context.xdc, line 35).
Applied set_property IO_BUFFER_TYPE = NONE for ddr3_sdram_cas_n. (constraint file  c:/Xilinx/Vivado/2021.1/myDev/arty7_ethernet_v1/arty7_ethernet_v1/arty7_ethernet_v1.gen/sources_1/bd/design_1/ip/design_1_mig_7series_0_0/design_1_mig_7series_0_0/design_1_mig_7series_0_0_in_context.xdc, line 36).
Applied set_property CLOCK_BUFFER_TYPE = NONE for ddr3_sdram_cas_n. (constraint file  c:/Xilinx/Vivado/2021.1/myDev/arty7_ethernet_v1/arty7_ethernet_v1/arty7_ethernet_v1.gen/sources_1/bd/design_1/ip/design_1_mig_7series_0_0/design_1_mig_7series_0_0/design_1_mig_7series_0_0_in_context.xdc, line 37).
Applied set_property IO_BUFFER_TYPE = NONE for ddr3_sdram_ck_n[0]. (constraint file  c:/Xilinx/Vivado/2021.1/myDev/arty7_ethernet_v1/arty7_ethernet_v1/arty7_ethernet_v1.gen/sources_1/bd/design_1/ip/design_1_mig_7series_0_0/design_1_mig_7series_0_0/design_1_mig_7series_0_0_in_context.xdc, line 38).
Applied set_property CLOCK_BUFFER_TYPE = NONE for ddr3_sdram_ck_n[0]. (constraint file  c:/Xilinx/Vivado/2021.1/myDev/arty7_ethernet_v1/arty7_ethernet_v1/arty7_ethernet_v1.gen/sources_1/bd/design_1/ip/design_1_mig_7series_0_0/design_1_mig_7series_0_0/design_1_mig_7series_0_0_in_context.xdc, line 39).
Applied set_property IO_BUFFER_TYPE = NONE for ddr3_sdram_ck_p[0]. (constraint file  c:/Xilinx/Vivado/2021.1/myDev/arty7_ethernet_v1/arty7_ethernet_v1/arty7_ethernet_v1.gen/sources_1/bd/design_1/ip/design_1_mig_7series_0_0/design_1_mig_7series_0_0/design_1_mig_7series_0_0_in_context.xdc, line 40).
Applied set_property CLOCK_BUFFER_TYPE = NONE for ddr3_sdram_ck_p[0]. (constraint file  c:/Xilinx/Vivado/2021.1/myDev/arty7_ethernet_v1/arty7_ethernet_v1/arty7_ethernet_v1.gen/sources_1/bd/design_1/ip/design_1_mig_7series_0_0/design_1_mig_7series_0_0/design_1_mig_7series_0_0_in_context.xdc, line 41).
Applied set_property IO_BUFFER_TYPE = NONE for ddr3_sdram_cke[0]. (constraint file  c:/Xilinx/Vivado/2021.1/myDev/arty7_ethernet_v1/arty7_ethernet_v1/arty7_ethernet_v1.gen/sources_1/bd/design_1/ip/design_1_mig_7series_0_0/design_1_mig_7series_0_0/design_1_mig_7series_0_0_in_context.xdc, line 42).
Applied set_property CLOCK_BUFFER_TYPE = NONE for ddr3_sdram_cke[0]. (constraint file  c:/Xilinx/Vivado/2021.1/myDev/arty7_ethernet_v1/arty7_ethernet_v1/arty7_ethernet_v1.gen/sources_1/bd/design_1/ip/design_1_mig_7series_0_0/design_1_mig_7series_0_0/design_1_mig_7series_0_0_in_context.xdc, line 43).
Applied set_property IO_BUFFER_TYPE = NONE for ddr3_sdram_cs_n[0]. (constraint file  c:/Xilinx/Vivado/2021.1/myDev/arty7_ethernet_v1/arty7_ethernet_v1/arty7_ethernet_v1.gen/sources_1/bd/design_1/ip/design_1_mig_7series_0_0/design_1_mig_7series_0_0/design_1_mig_7series_0_0_in_context.xdc, line 44).
Applied set_property CLOCK_BUFFER_TYPE = NONE for ddr3_sdram_cs_n[0]. (constraint file  c:/Xilinx/Vivado/2021.1/myDev/arty7_ethernet_v1/arty7_ethernet_v1/arty7_ethernet_v1.gen/sources_1/bd/design_1/ip/design_1_mig_7series_0_0/design_1_mig_7series_0_0/design_1_mig_7series_0_0_in_context.xdc, line 45).
Applied set_property IO_BUFFER_TYPE = NONE for ddr3_sdram_dm[0]. (constraint file  c:/Xilinx/Vivado/2021.1/myDev/arty7_ethernet_v1/arty7_ethernet_v1/arty7_ethernet_v1.gen/sources_1/bd/design_1/ip/design_1_mig_7series_0_0/design_1_mig_7series_0_0/design_1_mig_7series_0_0_in_context.xdc, line 46).
Applied set_property CLOCK_BUFFER_TYPE = NONE for ddr3_sdram_dm[0]. (constraint file  c:/Xilinx/Vivado/2021.1/myDev/arty7_ethernet_v1/arty7_ethernet_v1/arty7_ethernet_v1.gen/sources_1/bd/design_1/ip/design_1_mig_7series_0_0/design_1_mig_7series_0_0/design_1_mig_7series_0_0_in_context.xdc, line 47).
Applied set_property IO_BUFFER_TYPE = NONE for ddr3_sdram_dm[1]. (constraint file  c:/Xilinx/Vivado/2021.1/myDev/arty7_ethernet_v1/arty7_ethernet_v1/arty7_ethernet_v1.gen/sources_1/bd/design_1/ip/design_1_mig_7series_0_0/design_1_mig_7series_0_0/design_1_mig_7series_0_0_in_context.xdc, line 48).
Applied set_property CLOCK_BUFFER_TYPE = NONE for ddr3_sdram_dm[1]. (constraint file  c:/Xilinx/Vivado/2021.1/myDev/arty7_ethernet_v1/arty7_ethernet_v1/arty7_ethernet_v1.gen/sources_1/bd/design_1/ip/design_1_mig_7series_0_0/design_1_mig_7series_0_0/design_1_mig_7series_0_0_in_context.xdc, line 49).
Applied set_property IO_BUFFER_TYPE = NONE for ddr3_sdram_dq[0]. (constraint file  c:/Xilinx/Vivado/2021.1/myDev/arty7_ethernet_v1/arty7_ethernet_v1/arty7_ethernet_v1.gen/sources_1/bd/design_1/ip/design_1_mig_7series_0_0/design_1_mig_7series_0_0/design_1_mig_7series_0_0_in_context.xdc, line 50).
Applied set_property CLOCK_BUFFER_TYPE = NONE for ddr3_sdram_dq[0]. (constraint file  c:/Xilinx/Vivado/2021.1/myDev/arty7_ethernet_v1/arty7_ethernet_v1/arty7_ethernet_v1.gen/sources_1/bd/design_1/ip/design_1_mig_7series_0_0/design_1_mig_7series_0_0/design_1_mig_7series_0_0_in_context.xdc, line 51).
Applied set_property IO_BUFFER_TYPE = NONE for ddr3_sdram_dq[10]. (constraint file  c:/Xilinx/Vivado/2021.1/myDev/arty7_ethernet_v1/arty7_ethernet_v1/arty7_ethernet_v1.gen/sources_1/bd/design_1/ip/design_1_mig_7series_0_0/design_1_mig_7series_0_0/design_1_mig_7series_0_0_in_context.xdc, line 52).
Applied set_property CLOCK_BUFFER_TYPE = NONE for ddr3_sdram_dq[10]. (constraint file  c:/Xilinx/Vivado/2021.1/myDev/arty7_ethernet_v1/arty7_ethernet_v1/arty7_ethernet_v1.gen/sources_1/bd/design_1/ip/design_1_mig_7series_0_0/design_1_mig_7series_0_0/design_1_mig_7series_0_0_in_context.xdc, line 53).
Applied set_property IO_BUFFER_TYPE = NONE for ddr3_sdram_dq[11]. (constraint file  c:/Xilinx/Vivado/2021.1/myDev/arty7_ethernet_v1/arty7_ethernet_v1/arty7_ethernet_v1.gen/sources_1/bd/design_1/ip/design_1_mig_7series_0_0/design_1_mig_7series_0_0/design_1_mig_7series_0_0_in_context.xdc, line 54).
Applied set_property CLOCK_BUFFER_TYPE = NONE for ddr3_sdram_dq[11]. (constraint file  c:/Xilinx/Vivado/2021.1/myDev/arty7_ethernet_v1/arty7_ethernet_v1/arty7_ethernet_v1.gen/sources_1/bd/design_1/ip/design_1_mig_7series_0_0/design_1_mig_7series_0_0/design_1_mig_7series_0_0_in_context.xdc, line 55).
Applied set_property IO_BUFFER_TYPE = NONE for ddr3_sdram_dq[12]. (constraint file  c:/Xilinx/Vivado/2021.1/myDev/arty7_ethernet_v1/arty7_ethernet_v1/arty7_ethernet_v1.gen/sources_1/bd/design_1/ip/design_1_mig_7series_0_0/design_1_mig_7series_0_0/design_1_mig_7series_0_0_in_context.xdc, line 56).
Applied set_property CLOCK_BUFFER_TYPE = NONE for ddr3_sdram_dq[12]. (constraint file  c:/Xilinx/Vivado/2021.1/myDev/arty7_ethernet_v1/arty7_ethernet_v1/arty7_ethernet_v1.gen/sources_1/bd/design_1/ip/design_1_mig_7series_0_0/design_1_mig_7series_0_0/design_1_mig_7series_0_0_in_context.xdc, line 57).
Applied set_property IO_BUFFER_TYPE = NONE for ddr3_sdram_dq[13]. (constraint file  c:/Xilinx/Vivado/2021.1/myDev/arty7_ethernet_v1/arty7_ethernet_v1/arty7_ethernet_v1.gen/sources_1/bd/design_1/ip/design_1_mig_7series_0_0/design_1_mig_7series_0_0/design_1_mig_7series_0_0_in_context.xdc, line 58).
Applied set_property CLOCK_BUFFER_TYPE = NONE for ddr3_sdram_dq[13]. (constraint file  c:/Xilinx/Vivado/2021.1/myDev/arty7_ethernet_v1/arty7_ethernet_v1/arty7_ethernet_v1.gen/sources_1/bd/design_1/ip/design_1_mig_7series_0_0/design_1_mig_7series_0_0/design_1_mig_7series_0_0_in_context.xdc, line 59).
Applied set_property IO_BUFFER_TYPE = NONE for ddr3_sdram_dq[14]. (constraint file  c:/Xilinx/Vivado/2021.1/myDev/arty7_ethernet_v1/arty7_ethernet_v1/arty7_ethernet_v1.gen/sources_1/bd/design_1/ip/design_1_mig_7series_0_0/design_1_mig_7series_0_0/design_1_mig_7series_0_0_in_context.xdc, line 60).
Applied set_property CLOCK_BUFFER_TYPE = NONE for ddr3_sdram_dq[14]. (constraint file  c:/Xilinx/Vivado/2021.1/myDev/arty7_ethernet_v1/arty7_ethernet_v1/arty7_ethernet_v1.gen/sources_1/bd/design_1/ip/design_1_mig_7series_0_0/design_1_mig_7series_0_0/design_1_mig_7series_0_0_in_context.xdc, line 61).
Applied set_property IO_BUFFER_TYPE = NONE for ddr3_sdram_dq[15]. (constraint file  c:/Xilinx/Vivado/2021.1/myDev/arty7_ethernet_v1/arty7_ethernet_v1/arty7_ethernet_v1.gen/sources_1/bd/design_1/ip/design_1_mig_7series_0_0/design_1_mig_7series_0_0/design_1_mig_7series_0_0_in_context.xdc, line 62).
Applied set_property CLOCK_BUFFER_TYPE = NONE for ddr3_sdram_dq[15]. (constraint file  c:/Xilinx/Vivado/2021.1/myDev/arty7_ethernet_v1/arty7_ethernet_v1/arty7_ethernet_v1.gen/sources_1/bd/design_1/ip/design_1_mig_7series_0_0/design_1_mig_7series_0_0/design_1_mig_7series_0_0_in_context.xdc, line 63).
Applied set_property IO_BUFFER_TYPE = NONE for ddr3_sdram_dq[1]. (constraint file  c:/Xilinx/Vivado/2021.1/myDev/arty7_ethernet_v1/arty7_ethernet_v1/arty7_ethernet_v1.gen/sources_1/bd/design_1/ip/design_1_mig_7series_0_0/design_1_mig_7series_0_0/design_1_mig_7series_0_0_in_context.xdc, line 64).
Applied set_property CLOCK_BUFFER_TYPE = NONE for ddr3_sdram_dq[1]. (constraint file  c:/Xilinx/Vivado/2021.1/myDev/arty7_ethernet_v1/arty7_ethernet_v1/arty7_ethernet_v1.gen/sources_1/bd/design_1/ip/design_1_mig_7series_0_0/design_1_mig_7series_0_0/design_1_mig_7series_0_0_in_context.xdc, line 65).
Applied set_property IO_BUFFER_TYPE = NONE for ddr3_sdram_dq[2]. (constraint file  c:/Xilinx/Vivado/2021.1/myDev/arty7_ethernet_v1/arty7_ethernet_v1/arty7_ethernet_v1.gen/sources_1/bd/design_1/ip/design_1_mig_7series_0_0/design_1_mig_7series_0_0/design_1_mig_7series_0_0_in_context.xdc, line 66).
Applied set_property CLOCK_BUFFER_TYPE = NONE for ddr3_sdram_dq[2]. (constraint file  c:/Xilinx/Vivado/2021.1/myDev/arty7_ethernet_v1/arty7_ethernet_v1/arty7_ethernet_v1.gen/sources_1/bd/design_1/ip/design_1_mig_7series_0_0/design_1_mig_7series_0_0/design_1_mig_7series_0_0_in_context.xdc, line 67).
Applied set_property IO_BUFFER_TYPE = NONE for ddr3_sdram_dq[3]. (constraint file  c:/Xilinx/Vivado/2021.1/myDev/arty7_ethernet_v1/arty7_ethernet_v1/arty7_ethernet_v1.gen/sources_1/bd/design_1/ip/design_1_mig_7series_0_0/design_1_mig_7series_0_0/design_1_mig_7series_0_0_in_context.xdc, line 68).
Applied set_property CLOCK_BUFFER_TYPE = NONE for ddr3_sdram_dq[3]. (constraint file  c:/Xilinx/Vivado/2021.1/myDev/arty7_ethernet_v1/arty7_ethernet_v1/arty7_ethernet_v1.gen/sources_1/bd/design_1/ip/design_1_mig_7series_0_0/design_1_mig_7series_0_0/design_1_mig_7series_0_0_in_context.xdc, line 69).
Applied set_property IO_BUFFER_TYPE = NONE for ddr3_sdram_dq[4]. (constraint file  c:/Xilinx/Vivado/2021.1/myDev/arty7_ethernet_v1/arty7_ethernet_v1/arty7_ethernet_v1.gen/sources_1/bd/design_1/ip/design_1_mig_7series_0_0/design_1_mig_7series_0_0/design_1_mig_7series_0_0_in_context.xdc, line 70).
Applied set_property CLOCK_BUFFER_TYPE = NONE for ddr3_sdram_dq[4]. (constraint file  c:/Xilinx/Vivado/2021.1/myDev/arty7_ethernet_v1/arty7_ethernet_v1/arty7_ethernet_v1.gen/sources_1/bd/design_1/ip/design_1_mig_7series_0_0/design_1_mig_7series_0_0/design_1_mig_7series_0_0_in_context.xdc, line 71).
Applied set_property IO_BUFFER_TYPE = NONE for ddr3_sdram_dq[5]. (constraint file  c:/Xilinx/Vivado/2021.1/myDev/arty7_ethernet_v1/arty7_ethernet_v1/arty7_ethernet_v1.gen/sources_1/bd/design_1/ip/design_1_mig_7series_0_0/design_1_mig_7series_0_0/design_1_mig_7series_0_0_in_context.xdc, line 72).
Applied set_property CLOCK_BUFFER_TYPE = NONE for ddr3_sdram_dq[5]. (constraint file  c:/Xilinx/Vivado/2021.1/myDev/arty7_ethernet_v1/arty7_ethernet_v1/arty7_ethernet_v1.gen/sources_1/bd/design_1/ip/design_1_mig_7series_0_0/design_1_mig_7series_0_0/design_1_mig_7series_0_0_in_context.xdc, line 73).
Applied set_property IO_BUFFER_TYPE = NONE for ddr3_sdram_dq[6]. (constraint file  c:/Xilinx/Vivado/2021.1/myDev/arty7_ethernet_v1/arty7_ethernet_v1/arty7_ethernet_v1.gen/sources_1/bd/design_1/ip/design_1_mig_7series_0_0/design_1_mig_7series_0_0/design_1_mig_7series_0_0_in_context.xdc, line 74).
Applied set_property CLOCK_BUFFER_TYPE = NONE for ddr3_sdram_dq[6]. (constraint file  c:/Xilinx/Vivado/2021.1/myDev/arty7_ethernet_v1/arty7_ethernet_v1/arty7_ethernet_v1.gen/sources_1/bd/design_1/ip/design_1_mig_7series_0_0/design_1_mig_7series_0_0/design_1_mig_7series_0_0_in_context.xdc, line 75).
Applied set_property IO_BUFFER_TYPE = NONE for ddr3_sdram_dq[7]. (constraint file  c:/Xilinx/Vivado/2021.1/myDev/arty7_ethernet_v1/arty7_ethernet_v1/arty7_ethernet_v1.gen/sources_1/bd/design_1/ip/design_1_mig_7series_0_0/design_1_mig_7series_0_0/design_1_mig_7series_0_0_in_context.xdc, line 76).
Applied set_property CLOCK_BUFFER_TYPE = NONE for ddr3_sdram_dq[7]. (constraint file  c:/Xilinx/Vivado/2021.1/myDev/arty7_ethernet_v1/arty7_ethernet_v1/arty7_ethernet_v1.gen/sources_1/bd/design_1/ip/design_1_mig_7series_0_0/design_1_mig_7series_0_0/design_1_mig_7series_0_0_in_context.xdc, line 77).
Applied set_property IO_BUFFER_TYPE = NONE for ddr3_sdram_dq[8]. (constraint file  c:/Xilinx/Vivado/2021.1/myDev/arty7_ethernet_v1/arty7_ethernet_v1/arty7_ethernet_v1.gen/sources_1/bd/design_1/ip/design_1_mig_7series_0_0/design_1_mig_7series_0_0/design_1_mig_7series_0_0_in_context.xdc, line 78).
Applied set_property CLOCK_BUFFER_TYPE = NONE for ddr3_sdram_dq[8]. (constraint file  c:/Xilinx/Vivado/2021.1/myDev/arty7_ethernet_v1/arty7_ethernet_v1/arty7_ethernet_v1.gen/sources_1/bd/design_1/ip/design_1_mig_7series_0_0/design_1_mig_7series_0_0/design_1_mig_7series_0_0_in_context.xdc, line 79).
Applied set_property IO_BUFFER_TYPE = NONE for ddr3_sdram_dq[9]. (constraint file  c:/Xilinx/Vivado/2021.1/myDev/arty7_ethernet_v1/arty7_ethernet_v1/arty7_ethernet_v1.gen/sources_1/bd/design_1/ip/design_1_mig_7series_0_0/design_1_mig_7series_0_0/design_1_mig_7series_0_0_in_context.xdc, line 80).
Applied set_property CLOCK_BUFFER_TYPE = NONE for ddr3_sdram_dq[9]. (constraint file  c:/Xilinx/Vivado/2021.1/myDev/arty7_ethernet_v1/arty7_ethernet_v1/arty7_ethernet_v1.gen/sources_1/bd/design_1/ip/design_1_mig_7series_0_0/design_1_mig_7series_0_0/design_1_mig_7series_0_0_in_context.xdc, line 81).
Applied set_property IO_BUFFER_TYPE = NONE for ddr3_sdram_dqs_n[0]. (constraint file  c:/Xilinx/Vivado/2021.1/myDev/arty7_ethernet_v1/arty7_ethernet_v1/arty7_ethernet_v1.gen/sources_1/bd/design_1/ip/design_1_mig_7series_0_0/design_1_mig_7series_0_0/design_1_mig_7series_0_0_in_context.xdc, line 82).
Applied set_property CLOCK_BUFFER_TYPE = NONE for ddr3_sdram_dqs_n[0]. (constraint file  c:/Xilinx/Vivado/2021.1/myDev/arty7_ethernet_v1/arty7_ethernet_v1/arty7_ethernet_v1.gen/sources_1/bd/design_1/ip/design_1_mig_7series_0_0/design_1_mig_7series_0_0/design_1_mig_7series_0_0_in_context.xdc, line 83).
Applied set_property IO_BUFFER_TYPE = NONE for ddr3_sdram_dqs_n[1]. (constraint file  c:/Xilinx/Vivado/2021.1/myDev/arty7_ethernet_v1/arty7_ethernet_v1/arty7_ethernet_v1.gen/sources_1/bd/design_1/ip/design_1_mig_7series_0_0/design_1_mig_7series_0_0/design_1_mig_7series_0_0_in_context.xdc, line 84).
Applied set_property CLOCK_BUFFER_TYPE = NONE for ddr3_sdram_dqs_n[1]. (constraint file  c:/Xilinx/Vivado/2021.1/myDev/arty7_ethernet_v1/arty7_ethernet_v1/arty7_ethernet_v1.gen/sources_1/bd/design_1/ip/design_1_mig_7series_0_0/design_1_mig_7series_0_0/design_1_mig_7series_0_0_in_context.xdc, line 85).
Applied set_property IO_BUFFER_TYPE = NONE for ddr3_sdram_dqs_p[0]. (constraint file  c:/Xilinx/Vivado/2021.1/myDev/arty7_ethernet_v1/arty7_ethernet_v1/arty7_ethernet_v1.gen/sources_1/bd/design_1/ip/design_1_mig_7series_0_0/design_1_mig_7series_0_0/design_1_mig_7series_0_0_in_context.xdc, line 86).
Applied set_property CLOCK_BUFFER_TYPE = NONE for ddr3_sdram_dqs_p[0]. (constraint file  c:/Xilinx/Vivado/2021.1/myDev/arty7_ethernet_v1/arty7_ethernet_v1/arty7_ethernet_v1.gen/sources_1/bd/design_1/ip/design_1_mig_7series_0_0/design_1_mig_7series_0_0/design_1_mig_7series_0_0_in_context.xdc, line 87).
Applied set_property IO_BUFFER_TYPE = NONE for ddr3_sdram_dqs_p[1]. (constraint file  c:/Xilinx/Vivado/2021.1/myDev/arty7_ethernet_v1/arty7_ethernet_v1/arty7_ethernet_v1.gen/sources_1/bd/design_1/ip/design_1_mig_7series_0_0/design_1_mig_7series_0_0/design_1_mig_7series_0_0_in_context.xdc, line 88).
Applied set_property CLOCK_BUFFER_TYPE = NONE for ddr3_sdram_dqs_p[1]. (constraint file  c:/Xilinx/Vivado/2021.1/myDev/arty7_ethernet_v1/arty7_ethernet_v1/arty7_ethernet_v1.gen/sources_1/bd/design_1/ip/design_1_mig_7series_0_0/design_1_mig_7series_0_0/design_1_mig_7series_0_0_in_context.xdc, line 89).
Applied set_property IO_BUFFER_TYPE = NONE for ddr3_sdram_odt[0]. (constraint file  c:/Xilinx/Vivado/2021.1/myDev/arty7_ethernet_v1/arty7_ethernet_v1/arty7_ethernet_v1.gen/sources_1/bd/design_1/ip/design_1_mig_7series_0_0/design_1_mig_7series_0_0/design_1_mig_7series_0_0_in_context.xdc, line 90).
Applied set_property CLOCK_BUFFER_TYPE = NONE for ddr3_sdram_odt[0]. (constraint file  c:/Xilinx/Vivado/2021.1/myDev/arty7_ethernet_v1/arty7_ethernet_v1/arty7_ethernet_v1.gen/sources_1/bd/design_1/ip/design_1_mig_7series_0_0/design_1_mig_7series_0_0/design_1_mig_7series_0_0_in_context.xdc, line 91).
Applied set_property IO_BUFFER_TYPE = NONE for ddr3_sdram_ras_n. (constraint file  c:/Xilinx/Vivado/2021.1/myDev/arty7_ethernet_v1/arty7_ethernet_v1/arty7_ethernet_v1.gen/sources_1/bd/design_1/ip/design_1_mig_7series_0_0/design_1_mig_7series_0_0/design_1_mig_7series_0_0_in_context.xdc, line 92).
Applied set_property CLOCK_BUFFER_TYPE = NONE for ddr3_sdram_ras_n. (constraint file  c:/Xilinx/Vivado/2021.1/myDev/arty7_ethernet_v1/arty7_ethernet_v1/arty7_ethernet_v1.gen/sources_1/bd/design_1/ip/design_1_mig_7series_0_0/design_1_mig_7series_0_0/design_1_mig_7series_0_0_in_context.xdc, line 93).
Applied set_property IO_BUFFER_TYPE = NONE for ddr3_sdram_reset_n. (constraint file  c:/Xilinx/Vivado/2021.1/myDev/arty7_ethernet_v1/arty7_ethernet_v1/arty7_ethernet_v1.gen/sources_1/bd/design_1/ip/design_1_mig_7series_0_0/design_1_mig_7series_0_0/design_1_mig_7series_0_0_in_context.xdc, line 94).
Applied set_property CLOCK_BUFFER_TYPE = NONE for ddr3_sdram_reset_n. (constraint file  c:/Xilinx/Vivado/2021.1/myDev/arty7_ethernet_v1/arty7_ethernet_v1/arty7_ethernet_v1.gen/sources_1/bd/design_1/ip/design_1_mig_7series_0_0/design_1_mig_7series_0_0/design_1_mig_7series_0_0_in_context.xdc, line 95).
Applied set_property IO_BUFFER_TYPE = NONE for ddr3_sdram_we_n. (constraint file  c:/Xilinx/Vivado/2021.1/myDev/arty7_ethernet_v1/arty7_ethernet_v1/arty7_ethernet_v1.gen/sources_1/bd/design_1/ip/design_1_mig_7series_0_0/design_1_mig_7series_0_0/design_1_mig_7series_0_0_in_context.xdc, line 96).
Applied set_property CLOCK_BUFFER_TYPE = NONE for ddr3_sdram_we_n. (constraint file  c:/Xilinx/Vivado/2021.1/myDev/arty7_ethernet_v1/arty7_ethernet_v1/arty7_ethernet_v1.gen/sources_1/bd/design_1/ip/design_1_mig_7series_0_0/design_1_mig_7series_0_0/design_1_mig_7series_0_0_in_context.xdc, line 97).
Applied set_property IO_BUFFER_TYPE = NONE for eth_mii_rx_clk. (constraint file  c:/Xilinx/Vivado/2021.1/myDev/arty7_ethernet_v1/arty7_ethernet_v1/arty7_ethernet_v1.gen/sources_1/bd/design_1/ip/design_1_axi_ethernetlite_0_0/design_1_axi_ethernetlite_0_0/design_1_axi_ethernetlite_0_0_in_context.xdc, line 3).
Applied set_property CLOCK_BUFFER_TYPE = NONE for eth_mii_rx_clk. (constraint file  c:/Xilinx/Vivado/2021.1/myDev/arty7_ethernet_v1/arty7_ethernet_v1/arty7_ethernet_v1.gen/sources_1/bd/design_1/ip/design_1_axi_ethernetlite_0_0/design_1_axi_ethernetlite_0_0/design_1_axi_ethernetlite_0_0_in_context.xdc, line 4).
Applied set_property IO_BUFFER_TYPE = NONE for eth_mii_tx_clk. (constraint file  c:/Xilinx/Vivado/2021.1/myDev/arty7_ethernet_v1/arty7_ethernet_v1/arty7_ethernet_v1.gen/sources_1/bd/design_1/ip/design_1_axi_ethernetlite_0_0/design_1_axi_ethernetlite_0_0/design_1_axi_ethernetlite_0_0_in_context.xdc, line 5).
Applied set_property CLOCK_BUFFER_TYPE = NONE for eth_mii_tx_clk. (constraint file  c:/Xilinx/Vivado/2021.1/myDev/arty7_ethernet_v1/arty7_ethernet_v1/arty7_ethernet_v1.gen/sources_1/bd/design_1/ip/design_1_axi_ethernetlite_0_0/design_1_axi_ethernetlite_0_0/design_1_axi_ethernetlite_0_0_in_context.xdc, line 6).
Applied set_property KEEP_HIERARCHY = SOFT for design_1_i. (constraint file  auto generated constraint).
Applied set_property KEEP_HIERARCHY = SOFT for design_1_i/clk_wiz_0. (constraint file  auto generated constraint).
Applied set_property KEEP_HIERARCHY = SOFT for design_1_i/mig_7series_0. (constraint file  auto generated constraint).
Applied set_property KEEP_HIERARCHY = SOFT for design_1_i/microblaze_0. (constraint file  auto generated constraint).
Applied set_property KEEP_HIERARCHY = SOFT for design_1_i/microblaze_0_local_memory/dlmb_v10. (constraint file  auto generated constraint).
Applied set_property KEEP_HIERARCHY = SOFT for design_1_i/microblaze_0_local_memory/ilmb_v10. (constraint file  auto generated constraint).
Applied set_property KEEP_HIERARCHY = SOFT for design_1_i/microblaze_0_local_memory/dlmb_bram_if_cntlr. (constraint file  auto generated constraint).
Applied set_property KEEP_HIERARCHY = SOFT for design_1_i/microblaze_0_local_memory/ilmb_bram_if_cntlr. (constraint file  auto generated constraint).
Applied set_property KEEP_HIERARCHY = SOFT for design_1_i/microblaze_0_local_memory/lmb_bram. (constraint file  auto generated constraint).
Applied set_property KEEP_HIERARCHY = SOFT for design_1_i/microblaze_0_axi_periph/xbar. (constraint file  auto generated constraint).
Applied set_property KEEP_HIERARCHY = SOFT for design_1_i/microblaze_0_axi_periph/s00_couplers/auto_pc. (constraint file  auto generated constraint).
Applied set_property KEEP_HIERARCHY = SOFT for design_1_i/microblaze_0_axi_periph/s00_couplers/auto_us. (constraint file  auto generated constraint).
Applied set_property KEEP_HIERARCHY = SOFT for design_1_i/microblaze_0_axi_periph/s01_couplers/auto_us. (constraint file  auto generated constraint).
Applied set_property KEEP_HIERARCHY = SOFT for design_1_i/microblaze_0_axi_periph/s02_couplers/auto_us. (constraint file  auto generated constraint).
Applied set_property KEEP_HIERARCHY = SOFT for design_1_i/microblaze_0_axi_periph/m00_couplers/auto_ds. (constraint file  auto generated constraint).
Applied set_property KEEP_HIERARCHY = SOFT for design_1_i/microblaze_0_axi_periph/m00_couplers/auto_pc. (constraint file  auto generated constraint).
Applied set_property KEEP_HIERARCHY = SOFT for design_1_i/microblaze_0_axi_periph/m01_couplers/auto_ds. (constraint file  auto generated constraint).
Applied set_property KEEP_HIERARCHY = SOFT for design_1_i/microblaze_0_axi_periph/m01_couplers/auto_pc. (constraint file  auto generated constraint).
Applied set_property KEEP_HIERARCHY = SOFT for design_1_i/microblaze_0_axi_periph/m02_couplers/auto_ds. (constraint file  auto generated constraint).
Applied set_property KEEP_HIERARCHY = SOFT for design_1_i/microblaze_0_axi_periph/m02_couplers/auto_pc. (constraint file  auto generated constraint).
Applied set_property KEEP_HIERARCHY = SOFT for design_1_i/microblaze_0_axi_periph/m03_couplers/auto_ds. (constraint file  auto generated constraint).
Applied set_property KEEP_HIERARCHY = SOFT for design_1_i/microblaze_0_axi_periph/m03_couplers/auto_pc. (constraint file  auto generated constraint).
Applied set_property KEEP_HIERARCHY = SOFT for design_1_i/microblaze_0_axi_periph. (constraint file  auto generated constraint).
Applied set_property KEEP_HIERARCHY = SOFT for design_1_i/microblaze_0_axi_intc. (constraint file  auto generated constraint).
Applied set_property KEEP_HIERARCHY = SOFT for design_1_i/microblaze_0_xlconcat. (constraint file  auto generated constraint).
Applied set_property KEEP_HIERARCHY = SOFT for design_1_i/mdm_1. (constraint file  auto generated constraint).
Applied set_property KEEP_HIERARCHY = SOFT for design_1_i/rst_mig_7series_0_83M. (constraint file  auto generated constraint).
Applied set_property KEEP_HIERARCHY = SOFT for design_1_i/axi_uartlite_0. (constraint file  auto generated constraint).
Applied set_property KEEP_HIERARCHY = SOFT for design_1_i/axi_ethernetlite_0. (constraint file  auto generated constraint).
Applied set_property KEEP_HIERARCHY = SOFT for design_1_i/axi_timer_0. (constraint file  auto generated constraint).
---------------------------------------------------------------------------------
Finished applying 'set_property' XDC Constraints : Time (s): cpu = 00:00:16 ; elapsed = 00:00:17 . Memory (MB): peak = 1250.430 ; gain = 13.484
---------------------------------------------------------------------------------
---------------------------------------------------------------------------------
Finished RTL Optimization Phase 2 : Time (s): cpu = 00:00:16 ; elapsed = 00:00:18 . Memory (MB): peak = 1250.430 ; gain = 13.484
---------------------------------------------------------------------------------
---------------------------------------------------------------------------------
Start RTL Component Statistics 
---------------------------------------------------------------------------------
Detailed RTL Component Info : 
---------------------------------------------------------------------------------
Finished RTL Component Statistics 
---------------------------------------------------------------------------------
---------------------------------------------------------------------------------
Start Part Resource Summary
---------------------------------------------------------------------------------
Part Resources:
DSPs: 240 (col length:80)
BRAMs: 270 (col length: RAMB18 80 RAMB36 40)
---------------------------------------------------------------------------------
Finished Part Resource Summary
---------------------------------------------------------------------------------
---------------------------------------------------------------------------------
Start Cross Boundary and Area Optimization
---------------------------------------------------------------------------------
---------------------------------------------------------------------------------
Finished Cross Boundary and Area Optimization : Time (s): cpu = 00:00:18 ; elapsed = 00:00:19 . Memory (MB): peak = 1250.430 ; gain = 13.484
---------------------------------------------------------------------------------
---------------------------------------------------------------------------------
Start Applying XDC Timing Constraints
---------------------------------------------------------------------------------
---------------------------------------------------------------------------------
Finished Applying XDC Timing Constraints : Time (s): cpu = 00:00:24 ; elapsed = 00:00:26 . Memory (MB): peak = 1258.742 ; gain = 21.797
---------------------------------------------------------------------------------
---------------------------------------------------------------------------------
Start Timing Optimization
---------------------------------------------------------------------------------
---------------------------------------------------------------------------------
Finished Timing Optimization : Time (s): cpu = 00:00:24 ; elapsed = 00:00:26 . Memory (MB): peak = 1259.887 ; gain = 22.941
---------------------------------------------------------------------------------
---------------------------------------------------------------------------------
Start Technology Mapping
---------------------------------------------------------------------------------
---------------------------------------------------------------------------------
Finished Technology Mapping : Time (s): cpu = 00:00:25 ; elapsed = 00:00:26 . Memory (MB): peak = 1280.473 ; gain = 43.527
---------------------------------------------------------------------------------
---------------------------------------------------------------------------------
Start IO Insertion
---------------------------------------------------------------------------------
---------------------------------------------------------------------------------
Start Flattening Before IO Insertion
---------------------------------------------------------------------------------
---------------------------------------------------------------------------------
Finished Flattening Before IO Insertion
---------------------------------------------------------------------------------
---------------------------------------------------------------------------------
Start Final Netlist Cleanup
---------------------------------------------------------------------------------
---------------------------------------------------------------------------------
Finished Final Netlist Cleanup
---------------------------------------------------------------------------------
---------------------------------------------------------------------------------
Finished IO Insertion : Time (s): cpu = 00:00:28 ; elapsed = 00:00:30 . Memory (MB): peak = 1284.230 ; gain = 47.285
---------------------------------------------------------------------------------
---------------------------------------------------------------------------------
Start Renaming Generated Instances
---------------------------------------------------------------------------------
---------------------------------------------------------------------------------
Finished Renaming Generated Instances : Time (s): cpu = 00:00:28 ; elapsed = 00:00:30 . Memory (MB): peak = 1284.230 ; gain = 47.285
---------------------------------------------------------------------------------
---------------------------------------------------------------------------------
Start Rebuilding User Hierarchy
---------------------------------------------------------------------------------
---------------------------------------------------------------------------------
Finished Rebuilding User Hierarchy : Time (s): cpu = 00:00:28 ; elapsed = 00:00:30 . Memory (MB): peak = 1284.230 ; gain = 47.285
---------------------------------------------------------------------------------
---------------------------------------------------------------------------------
Start Renaming Generated Ports
---------------------------------------------------------------------------------
---------------------------------------------------------------------------------
Finished Renaming Generated Ports : Time (s): cpu = 00:00:28 ; elapsed = 00:00:30 . Memory (MB): peak = 1284.230 ; gain = 47.285
---------------------------------------------------------------------------------
---------------------------------------------------------------------------------
Start Handling Custom Attributes
---------------------------------------------------------------------------------
---------------------------------------------------------------------------------
Finished Handling Custom Attributes : Time (s): cpu = 00:00:28 ; elapsed = 00:00:30 . Memory (MB): peak = 1284.230 ; gain = 47.285
---------------------------------------------------------------------------------
---------------------------------------------------------------------------------
Start Renaming Generated Nets
---------------------------------------------------------------------------------
---------------------------------------------------------------------------------
Finished Renaming Generated Nets : Time (s): cpu = 00:00:28 ; elapsed = 00:00:30 . Memory (MB): peak = 1284.230 ; gain = 47.285
---------------------------------------------------------------------------------
---------------------------------------------------------------------------------
Start Writing Synthesis Report
---------------------------------------------------------------------------------

Report BlackBoxes: 
+------+---------------------------------+----------+
|      |BlackBox name                    |Instances |
+------+---------------------------------+----------+
|1     |design_1_xbar_0                  |         1|
|2     |design_1_auto_ds_0               |         1|
|3     |design_1_auto_pc_0               |         1|
|4     |design_1_auto_ds_1               |         1|
|5     |design_1_auto_pc_1               |         1|
|6     |design_1_auto_ds_2               |         1|
|7     |design_1_auto_pc_2               |         1|
|8     |design_1_auto_ds_3               |         1|
|9     |design_1_auto_pc_3               |         1|
|10    |design_1_auto_pc_4               |         1|
|11    |design_1_auto_us_0               |         1|
|12    |design_1_auto_us_1               |         1|
|13    |design_1_auto_us_2               |         1|
|14    |design_1_axi_ethernetlite_0_0    |         1|
|15    |design_1_axi_timer_0_0           |         1|
|16    |design_1_axi_uartlite_0_0        |         1|
|17    |design_1_clk_wiz_0_0             |         1|
|18    |design_1_mdm_1_0                 |         1|
|19    |design_1_microblaze_0_0          |         1|
|20    |design_1_microblaze_0_axi_intc_0 |         1|
|21    |design_1_mig_7series_0_0         |         1|
|22    |design_1_rst_mig_7series_0_83M_0 |         1|
|23    |design_1_dlmb_bram_if_cntlr_0    |         1|
|24    |design_1_dlmb_v10_0              |         1|
|25    |design_1_ilmb_bram_if_cntlr_0    |         1|
|26    |design_1_ilmb_v10_0              |         1|
|27    |design_1_lmb_bram_0              |         1|
+------+---------------------------------+----------+

Report Cell Usage: 
+------+--------------------------------------+------+
|      |Cell                                  |Count |
+------+--------------------------------------+------+
|1     |design_1_auto_ds_0_bbox               |     1|
|2     |design_1_auto_ds_1_bbox               |     1|
|3     |design_1_auto_ds_2_bbox               |     1|
|4     |design_1_auto_ds_3_bbox               |     1|
|5     |design_1_auto_pc_0_bbox               |     1|
|6     |design_1_auto_pc_1_bbox               |     1|
|7     |design_1_auto_pc_2_bbox               |     1|
|8     |design_1_auto_pc_3_bbox               |     1|
|9     |design_1_auto_pc_4_bbox               |     1|
|10    |design_1_auto_us_0_bbox               |     1|
|11    |design_1_auto_us_1_bbox               |     1|
|12    |design_1_auto_us_2_bbox               |     1|
|13    |design_1_axi_ethernetlite_0_0_bbox    |     1|
|14    |design_1_axi_timer_0_0_bbox           |     1|
|15    |design_1_axi_uartlite_0_0_bbox        |     1|
|16    |design_1_clk_wiz_0_0_bbox             |     1|
|17    |design_1_dlmb_bram_if_cntlr_0_bbox    |     1|
|18    |design_1_dlmb_v10_0_bbox              |     1|
|19    |design_1_ilmb_bram_if_cntlr_0_bbox    |     1|
|20    |design_1_ilmb_v10_0_bbox              |     1|
|21    |design_1_lmb_bram_0_bbox              |     1|
|22    |design_1_mdm_1_0_bbox                 |     1|
|23    |design_1_microblaze_0_0_bbox          |     1|
|24    |design_1_microblaze_0_axi_intc_0_bbox |     1|
|25    |design_1_mig_7series_0_0_bbox         |     1|
|26    |design_1_rst_mig_7series_0_83M_0_bbox |     1|
|27    |design_1_xbar_0_bbox                  |     1|
|28    |IBUF                                  |    10|
|29    |IOBUF                                 |     1|
|30    |OBUF                                  |     9|
+------+--------------------------------------+------+
---------------------------------------------------------------------------------
Finished Writing Synthesis Report : Time (s): cpu = 00:00:28 ; elapsed = 00:00:30 . Memory (MB): peak = 1284.230 ; gain = 47.285
---------------------------------------------------------------------------------
Synthesis finished with 0 errors, 0 critical warnings and 0 warnings.
Synthesis Optimization Runtime : Time (s): cpu = 00:00:18 ; elapsed = 00:00:26 . Memory (MB): peak = 1284.230 ; gain = 33.801
Synthesis Optimization Complete : Time (s): cpu = 00:00:29 ; elapsed = 00:00:30 . Memory (MB): peak = 1284.230 ; gain = 47.285
INFO: [Project 1-571] Translating synthesized netlist
Netlist sorting complete. Time (s): cpu = 00:00:00 ; elapsed = 00:00:00.109 . Memory (MB): peak = 1284.230 ; gain = 0.000
INFO: [Netlist 29-17] Analyzing 1 Unisim elements for replacement
INFO: [Netlist 29-28] Unisim Transformation completed in 0 CPU seconds
INFO: [Project 1-570] Preparing netlist for logic optimization
INFO: [Opt 31-138] Pushed 0 inverter(s) to 0 load pin(s).
Netlist sorting complete. Time (s): cpu = 00:00:00 ; elapsed = 00:00:00.001 . Memory (MB): peak = 1321.527 ; gain = 0.000
INFO: [Project 1-111] Unisim Transformation Summary:
  A total of 1 instances were transformed.
  IOBUF => IOBUF (IBUF, OBUFT): 1 instance 

Synth Design complete, checksum: 4e4efc9b
INFO: [Common 17-83] Releasing license: Synthesis
107 Infos, 6 Warnings, 0 Critical Warnings and 0 Errors encountered.
synth_design completed successfully
synth_design: Time (s): cpu = 00:00:34 ; elapsed = 00:00:36 . Memory (MB): peak = 1321.527 ; gain = 84.582
INFO: [Common 17-1381] The checkpoint 'C:/Xilinx/Vivado/2021.1/myDev/arty7_ethernet_v1/arty7_ethernet_v1/arty7_ethernet_v1.runs/synth_1/design_1_wrapper.dcp' has been generated.
INFO: [runtcl-4] Executing : report_utilization -file design_1_wrapper_utilization_synth.rpt -pb design_1_wrapper_utilization_synth.pb
INFO: [Common 17-206] Exiting Vivado at Sat Sep 11 10:39:29 2021...
